Analysis & Synthesis report for MTran_Lab7_Verilog_MagnitudeComparator
Fri Jul 12 07:21:44 2024
Quartus Prime Version 23.1std.0 Build 991 11/28/2023 SC Lite Edition


---------------------
; Table of Contents ;
---------------------
  1. Legal Notice
  2. Analysis & Synthesis Summary
  3. Analysis & Synthesis Settings
  4. Parallel Compilation
  5. Analysis & Synthesis Source Files Read
  6. Analysis & Synthesis Resource Usage Summary
  7. Analysis & Synthesis Resource Utilization by Entity
  8. General Register Statistics
  9. Multiplexer Restructuring Statistics (Restructuring Performed)
 10. Parameter Settings for User Entity Instance: MTran_Lab7_Verilog_Timer:Tim1
 11. Parameter Settings for User Entity Instance: MTran_Lab7_Verilog_Timer:Tim2
 12. Parameter Settings for Inferred Entity Instance: lpm_divide:Mod0
 13. Parameter Settings for Inferred Entity Instance: lpm_divide:Mod2
 14. Parameter Settings for Inferred Entity Instance: lpm_divide:Mod5
 15. Parameter Settings for Inferred Entity Instance: lpm_divide:Div2
 16. Parameter Settings for Inferred Entity Instance: lpm_divide:Div5
 17. Parameter Settings for Inferred Entity Instance: lpm_divide:Mod3
 18. Parameter Settings for Inferred Entity Instance: lpm_divide:Mod6
 19. Parameter Settings for Inferred Entity Instance: lpm_divide:Div3
 20. Parameter Settings for Inferred Entity Instance: lpm_divide:Div6
 21. Parameter Settings for Inferred Entity Instance: lpm_divide:Mod1
 22. Parameter Settings for Inferred Entity Instance: lpm_divide:Mod4
 23. Parameter Settings for Inferred Entity Instance: lpm_divide:Mod7
 24. Parameter Settings for Inferred Entity Instance: lpm_divide:Div4
 25. Parameter Settings for Inferred Entity Instance: lpm_divide:Div7
 26. Post-Synthesis Netlist Statistics for Top Partition
 27. Elapsed Time Per Partition
 28. Analysis & Synthesis Messages



----------------
; Legal Notice ;
----------------
Copyright (C) 2023  Intel Corporation. All rights reserved.
Your use of Intel Corporation's design tools, logic functions 
and other software and tools, and any partner logic 
functions, and any output files from any of the foregoing 
(including device programming or simulation files), and any 
associated documentation or information are expressly subject 
to the terms and conditions of the Intel Program License 
Subscription Agreement, the Intel Quartus Prime License Agreement,
the Intel FPGA IP License Agreement, or other applicable license
agreement, including, without limitation, that your use is for
the sole purpose of programming logic devices manufactured by
Intel and sold by Intel or its authorized distributors.  Please
refer to the applicable agreement for further details, at
https://fpgasoftware.intel.com/eula.



+----------------------------------------------------------------------------------+
; Analysis & Synthesis Summary                                                     ;
+---------------------------------+------------------------------------------------+
; Analysis & Synthesis Status     ; Successful - Fri Jul 12 07:21:44 2024          ;
; Quartus Prime Version           ; 23.1std.0 Build 991 11/28/2023 SC Lite Edition ;
; Revision Name                   ; MTran_Lab7_Verilog_MagnitudeComparator         ;
; Top-level Entity Name           ; MTran_Lab7_Verilog_MagnitudeComparator         ;
; Family                          ; Cyclone V                                      ;
; Logic utilization (in ALMs)     ; N/A                                            ;
; Total registers                 ; 302                                            ;
; Total pins                      ; 56                                             ;
; Total virtual pins              ; 0                                              ;
; Total block memory bits         ; 0                                              ;
; Total DSP Blocks                ; 0                                              ;
; Total HSSI RX PCSs              ; 0                                              ;
; Total HSSI PMA RX Deserializers ; 0                                              ;
; Total HSSI TX PCSs              ; 0                                              ;
; Total HSSI PMA TX Serializers   ; 0                                              ;
; Total PLLs                      ; 0                                              ;
; Total DLLs                      ; 0                                              ;
+---------------------------------+------------------------------------------------+


+-------------------------------------------------------------------------------------------------------------------------------------------------------------------+
; Analysis & Synthesis Settings                                                                                                                                     ;
+---------------------------------------------------------------------------------+----------------------------------------+----------------------------------------+
; Option                                                                          ; Setting                                ; Default Value                          ;
+---------------------------------------------------------------------------------+----------------------------------------+----------------------------------------+
; Device                                                                          ; 5CSEMA5F31C6                           ;                                        ;
; Top-level entity name                                                           ; MTran_Lab7_Verilog_MagnitudeComparator ; MTran_Lab7_Verilog_MagnitudeComparator ;
; Family name                                                                     ; Cyclone V                              ; Cyclone V                              ;
; Use smart compilation                                                           ; Off                                    ; Off                                    ;
; Enable parallel Assembler and Timing Analyzer during compilation                ; On                                     ; On                                     ;
; Enable compact report table                                                     ; Off                                    ; Off                                    ;
; Restructure Multiplexers                                                        ; Auto                                   ; Auto                                   ;
; MLAB Add Timing Constraints For Mixed-Port Feed-Through Mode Setting Don't Care ; Off                                    ; Off                                    ;
; Create Debugging Nodes for IP Cores                                             ; Off                                    ; Off                                    ;
; Preserve fewer node names                                                       ; On                                     ; On                                     ;
; Intel FPGA IP Evaluation Mode                                                   ; Enable                                 ; Enable                                 ;
; Verilog Version                                                                 ; Verilog_2001                           ; Verilog_2001                           ;
; VHDL Version                                                                    ; VHDL_1993                              ; VHDL_1993                              ;
; State Machine Processing                                                        ; Auto                                   ; Auto                                   ;
; Safe State Machine                                                              ; Off                                    ; Off                                    ;
; Extract Verilog State Machines                                                  ; On                                     ; On                                     ;
; Extract VHDL State Machines                                                     ; On                                     ; On                                     ;
; Ignore Verilog initial constructs                                               ; Off                                    ; Off                                    ;
; Iteration limit for constant Verilog loops                                      ; 5000                                   ; 5000                                   ;
; Iteration limit for non-constant Verilog loops                                  ; 250                                    ; 250                                    ;
; Add Pass-Through Logic to Inferred RAMs                                         ; On                                     ; On                                     ;
; Infer RAMs from Raw Logic                                                       ; On                                     ; On                                     ;
; Parallel Synthesis                                                              ; On                                     ; On                                     ;
; DSP Block Balancing                                                             ; Auto                                   ; Auto                                   ;
; NOT Gate Push-Back                                                              ; On                                     ; On                                     ;
; Power-Up Don't Care                                                             ; On                                     ; On                                     ;
; Remove Redundant Logic Cells                                                    ; Off                                    ; Off                                    ;
; Remove Duplicate Registers                                                      ; On                                     ; On                                     ;
; Ignore CARRY Buffers                                                            ; Off                                    ; Off                                    ;
; Ignore CASCADE Buffers                                                          ; Off                                    ; Off                                    ;
; Ignore GLOBAL Buffers                                                           ; Off                                    ; Off                                    ;
; Ignore ROW GLOBAL Buffers                                                       ; Off                                    ; Off                                    ;
; Ignore LCELL Buffers                                                            ; Off                                    ; Off                                    ;
; Ignore SOFT Buffers                                                             ; On                                     ; On                                     ;
; Limit AHDL Integers to 32 Bits                                                  ; Off                                    ; Off                                    ;
; Optimization Technique                                                          ; Balanced                               ; Balanced                               ;
; Carry Chain Length                                                              ; 70                                     ; 70                                     ;
; Auto Carry Chains                                                               ; On                                     ; On                                     ;
; Auto Open-Drain Pins                                                            ; On                                     ; On                                     ;
; Perform WYSIWYG Primitive Resynthesis                                           ; Off                                    ; Off                                    ;
; Auto ROM Replacement                                                            ; On                                     ; On                                     ;
; Auto RAM Replacement                                                            ; On                                     ; On                                     ;
; Auto DSP Block Replacement                                                      ; On                                     ; On                                     ;
; Auto Shift Register Replacement                                                 ; Auto                                   ; Auto                                   ;
; Allow Shift Register Merging across Hierarchies                                 ; Auto                                   ; Auto                                   ;
; Auto Clock Enable Replacement                                                   ; On                                     ; On                                     ;
; Strict RAM Replacement                                                          ; Off                                    ; Off                                    ;
; Allow Synchronous Control Signals                                               ; On                                     ; On                                     ;
; Force Use of Synchronous Clear Signals                                          ; Off                                    ; Off                                    ;
; Auto Resource Sharing                                                           ; Off                                    ; Off                                    ;
; Allow Any RAM Size For Recognition                                              ; Off                                    ; Off                                    ;
; Allow Any ROM Size For Recognition                                              ; Off                                    ; Off                                    ;
; Allow Any Shift Register Size For Recognition                                   ; Off                                    ; Off                                    ;
; Use LogicLock Constraints during Resource Balancing                             ; On                                     ; On                                     ;
; Ignore translate_off and synthesis_off directives                               ; Off                                    ; Off                                    ;
; Timing-Driven Synthesis                                                         ; On                                     ; On                                     ;
; Report Parameter Settings                                                       ; On                                     ; On                                     ;
; Report Source Assignments                                                       ; On                                     ; On                                     ;
; Report Connectivity Checks                                                      ; On                                     ; On                                     ;
; Ignore Maximum Fan-Out Assignments                                              ; Off                                    ; Off                                    ;
; Synchronization Register Chain Length                                           ; 3                                      ; 3                                      ;
; Power Optimization During Synthesis                                             ; Normal compilation                     ; Normal compilation                     ;
; HDL message level                                                               ; Level2                                 ; Level2                                 ;
; Suppress Register Optimization Related Messages                                 ; Off                                    ; Off                                    ;
; Number of Removed Registers Reported in Synthesis Report                        ; 5000                                   ; 5000                                   ;
; Number of Swept Nodes Reported in Synthesis Report                              ; 5000                                   ; 5000                                   ;
; Number of Inverted Registers Reported in Synthesis Report                       ; 100                                    ; 100                                    ;
; Clock MUX Protection                                                            ; On                                     ; On                                     ;
; Auto Gated Clock Conversion                                                     ; Off                                    ; Off                                    ;
; Block Design Naming                                                             ; Auto                                   ; Auto                                   ;
; SDC constraint protection                                                       ; Off                                    ; Off                                    ;
; Synthesis Effort                                                                ; Auto                                   ; Auto                                   ;
; Shift Register Replacement - Allow Asynchronous Clear Signal                    ; On                                     ; On                                     ;
; Pre-Mapping Resynthesis Optimization                                            ; Off                                    ; Off                                    ;
; Analysis & Synthesis Message Level                                              ; Medium                                 ; Medium                                 ;
; Disable Register Merging Across Hierarchies                                     ; Auto                                   ; Auto                                   ;
; Resource Aware Inference For Block RAM                                          ; On                                     ; On                                     ;
; Automatic Parallel Synthesis                                                    ; On                                     ; On                                     ;
; Partial Reconfiguration Bitstream ID                                            ; Off                                    ; Off                                    ;
+---------------------------------------------------------------------------------+----------------------------------------+----------------------------------------+


+------------------------------------------+
; Parallel Compilation                     ;
+----------------------------+-------------+
; Processors                 ; Number      ;
+----------------------------+-------------+
; Number detected on machine ; 12          ;
; Maximum allowed            ; 10          ;
;                            ;             ;
; Average used               ; 1.00        ;
; Maximum used               ; 10          ;
;                            ;             ;
; Usage by Processor         ; % Time Used ;
;     Processor 1            ; 100.0%      ;
;     Processor 2            ;   0.0%      ;
;     Processor 3            ;   0.0%      ;
;     Processor 4            ;   0.0%      ;
;     Processor 5            ;   0.0%      ;
;     Processor 6            ;   0.0%      ;
;     Processor 7            ;   0.0%      ;
;     Processor 8            ;   0.0%      ;
;     Processors 9-10        ;   0.0%      ;
+----------------------------+-------------+


+--------------------------------------------------------------------------------------------------------------------------------------------------------------------------------------------------------+
; Analysis & Synthesis Source Files Read                                                                                                                                                                 ;
+------------------------------------------+-----------------+------------------------------+--------------------------------------------------------------------------------------------------+---------+
; File Name with User-Entered Path         ; Used in Netlist ; File Type                    ; File Name with Absolute Path                                                                     ; Library ;
+------------------------------------------+-----------------+------------------------------+--------------------------------------------------------------------------------------------------+---------+
; MTran_Lab7_Verilog_MagnitudeComparator.v ; yes             ; User Verilog HDL File        ; D:/Study/Github_ESD/ESD/SEM1/Digital/Lab7/Week7/Verilog/MTran_Lab7_Verilog_MagnitudeComparator.v ;         ;
; MTran_Lab7_Verilog_Timer.v               ; yes             ; User Verilog HDL File        ; D:/Study/Github_ESD/ESD/SEM1/Digital/Lab7/Week7/Verilog/MTran_Lab7_Verilog_Timer.v               ;         ;
; lpm_divide.tdf                           ; yes             ; Megafunction                 ; d:/software/intelfpga_lite/quartus/libraries/megafunctions/lpm_divide.tdf                        ;         ;
; abs_divider.inc                          ; yes             ; Megafunction                 ; d:/software/intelfpga_lite/quartus/libraries/megafunctions/abs_divider.inc                       ;         ;
; sign_div_unsign.inc                      ; yes             ; Megafunction                 ; d:/software/intelfpga_lite/quartus/libraries/megafunctions/sign_div_unsign.inc                   ;         ;
; aglobal231.inc                           ; yes             ; Megafunction                 ; d:/software/intelfpga_lite/quartus/libraries/megafunctions/aglobal231.inc                        ;         ;
; db/lpm_divide_42m.tdf                    ; yes             ; Auto-Generated Megafunction  ; D:/Study/Github_ESD/ESD/SEM1/Digital/Lab7/Week7/Verilog/db/lpm_divide_42m.tdf                    ;         ;
; db/sign_div_unsign_7kh.tdf               ; yes             ; Auto-Generated Megafunction  ; D:/Study/Github_ESD/ESD/SEM1/Digital/Lab7/Week7/Verilog/db/sign_div_unsign_7kh.tdf               ;         ;
; db/alt_u_div_kse.tdf                     ; yes             ; Auto-Generated Megafunction  ; D:/Study/Github_ESD/ESD/SEM1/Digital/Lab7/Week7/Verilog/db/alt_u_div_kse.tdf                     ;         ;
; db/lpm_divide_l3m.tdf                    ; yes             ; Auto-Generated Megafunction  ; D:/Study/Github_ESD/ESD/SEM1/Digital/Lab7/Week7/Verilog/db/lpm_divide_l3m.tdf                    ;         ;
; db/sign_div_unsign_olh.tdf               ; yes             ; Auto-Generated Megafunction  ; D:/Study/Github_ESD/ESD/SEM1/Digital/Lab7/Week7/Verilog/db/sign_div_unsign_olh.tdf               ;         ;
; db/alt_u_div_mve.tdf                     ; yes             ; Auto-Generated Megafunction  ; D:/Study/Github_ESD/ESD/SEM1/Digital/Lab7/Week7/Verilog/db/alt_u_div_mve.tdf                     ;         ;
; db/lpm_divide_ibm.tdf                    ; yes             ; Auto-Generated Megafunction  ; D:/Study/Github_ESD/ESD/SEM1/Digital/Lab7/Week7/Verilog/db/lpm_divide_ibm.tdf                    ;         ;
+------------------------------------------+-----------------+------------------------------+--------------------------------------------------------------------------------------------------+---------+


+--------------------------------------------------------------+
; Analysis & Synthesis Resource Usage Summary                  ;
+---------------------------------------------+----------------+
; Resource                                    ; Usage          ;
+---------------------------------------------+----------------+
; Estimate of Logic utilization (ALMs needed) ; 2248           ;
;                                             ;                ;
; Combinational ALUT usage for logic          ; 4447           ;
;     -- 7 input functions                    ; 3              ;
;     -- 6 input functions                    ; 45             ;
;     -- 5 input functions                    ; 75             ;
;     -- 4 input functions                    ; 418            ;
;     -- <=3 input functions                  ; 3906           ;
;                                             ;                ;
; Dedicated logic registers                   ; 302            ;
;                                             ;                ;
; I/O pins                                    ; 56             ;
;                                             ;                ;
; Total DSP Blocks                            ; 0              ;
;                                             ;                ;
; Maximum fan-out node                        ; CLOCK_50~input ;
; Maximum fan-out                             ; 302            ;
; Total fan-out                               ; 13536          ;
; Average fan-out                             ; 2.78           ;
+---------------------------------------------+----------------+


+----------------------------------------------------------------------------------------------------------------------------------------------------------------------------------------------------------------------------------------------------------------------------------------------------------------------------------------------------+
; Analysis & Synthesis Resource Utilization by Entity                                                                                                                                                                                                                                                                                                ;
+-----------------------------------------+---------------------+---------------------------+-------------------+------------+------+--------------+-----------------------------------------------------------------------------------------------------------------------------------------+----------------------------------------+--------------+
; Compilation Hierarchy Node              ; Combinational ALUTs ; Dedicated Logic Registers ; Block Memory Bits ; DSP Blocks ; Pins ; Virtual Pins ; Full Hierarchy Name                                                                                                                     ; Entity Name                            ; Library Name ;
+-----------------------------------------+---------------------+---------------------------+-------------------+------------+------+--------------+-----------------------------------------------------------------------------------------------------------------------------------------+----------------------------------------+--------------+
; |MTran_Lab7_Verilog_MagnitudeComparator ; 4447 (137)          ; 302 (46)                  ; 0                 ; 0          ; 56   ; 0            ; |MTran_Lab7_Verilog_MagnitudeComparator                                                                                                 ; MTran_Lab7_Verilog_MagnitudeComparator ; work         ;
;    |MTran_Lab7_Verilog_Timer:Tim1|      ; 256 (256)           ; 128 (128)                 ; 0                 ; 0          ; 0    ; 0            ; |MTran_Lab7_Verilog_MagnitudeComparator|MTran_Lab7_Verilog_Timer:Tim1                                                                   ; MTran_Lab7_Verilog_Timer               ; work         ;
;    |MTran_Lab7_Verilog_Timer:Tim2|      ; 256 (256)           ; 128 (128)                 ; 0                 ; 0          ; 0    ; 0            ; |MTran_Lab7_Verilog_MagnitudeComparator|MTran_Lab7_Verilog_Timer:Tim2                                                                   ; MTran_Lab7_Verilog_Timer               ; work         ;
;    |lpm_divide:Div2|                    ; 313 (0)             ; 0 (0)                     ; 0                 ; 0          ; 0    ; 0            ; |MTran_Lab7_Verilog_MagnitudeComparator|lpm_divide:Div2                                                                                 ; lpm_divide                             ; work         ;
;       |lpm_divide_ibm:auto_generated|   ; 313 (0)             ; 0 (0)                     ; 0                 ; 0          ; 0    ; 0            ; |MTran_Lab7_Verilog_MagnitudeComparator|lpm_divide:Div2|lpm_divide_ibm:auto_generated                                                   ; lpm_divide_ibm                         ; work         ;
;          |sign_div_unsign_olh:divider|  ; 313 (0)             ; 0 (0)                     ; 0                 ; 0          ; 0    ; 0            ; |MTran_Lab7_Verilog_MagnitudeComparator|lpm_divide:Div2|lpm_divide_ibm:auto_generated|sign_div_unsign_olh:divider                       ; sign_div_unsign_olh                    ; work         ;
;             |alt_u_div_mve:divider|     ; 313 (313)           ; 0 (0)                     ; 0                 ; 0          ; 0    ; 0            ; |MTran_Lab7_Verilog_MagnitudeComparator|lpm_divide:Div2|lpm_divide_ibm:auto_generated|sign_div_unsign_olh:divider|alt_u_div_mve:divider ; alt_u_div_mve                          ; work         ;
;    |lpm_divide:Div3|                    ; 313 (0)             ; 0 (0)                     ; 0                 ; 0          ; 0    ; 0            ; |MTran_Lab7_Verilog_MagnitudeComparator|lpm_divide:Div3                                                                                 ; lpm_divide                             ; work         ;
;       |lpm_divide_ibm:auto_generated|   ; 313 (0)             ; 0 (0)                     ; 0                 ; 0          ; 0    ; 0            ; |MTran_Lab7_Verilog_MagnitudeComparator|lpm_divide:Div3|lpm_divide_ibm:auto_generated                                                   ; lpm_divide_ibm                         ; work         ;
;          |sign_div_unsign_olh:divider|  ; 313 (0)             ; 0 (0)                     ; 0                 ; 0          ; 0    ; 0            ; |MTran_Lab7_Verilog_MagnitudeComparator|lpm_divide:Div3|lpm_divide_ibm:auto_generated|sign_div_unsign_olh:divider                       ; sign_div_unsign_olh                    ; work         ;
;             |alt_u_div_mve:divider|     ; 313 (313)           ; 0 (0)                     ; 0                 ; 0          ; 0    ; 0            ; |MTran_Lab7_Verilog_MagnitudeComparator|lpm_divide:Div3|lpm_divide_ibm:auto_generated|sign_div_unsign_olh:divider|alt_u_div_mve:divider ; alt_u_div_mve                          ; work         ;
;    |lpm_divide:Div4|                    ; 313 (0)             ; 0 (0)                     ; 0                 ; 0          ; 0    ; 0            ; |MTran_Lab7_Verilog_MagnitudeComparator|lpm_divide:Div4                                                                                 ; lpm_divide                             ; work         ;
;       |lpm_divide_ibm:auto_generated|   ; 313 (0)             ; 0 (0)                     ; 0                 ; 0          ; 0    ; 0            ; |MTran_Lab7_Verilog_MagnitudeComparator|lpm_divide:Div4|lpm_divide_ibm:auto_generated                                                   ; lpm_divide_ibm                         ; work         ;
;          |sign_div_unsign_olh:divider|  ; 313 (0)             ; 0 (0)                     ; 0                 ; 0          ; 0    ; 0            ; |MTran_Lab7_Verilog_MagnitudeComparator|lpm_divide:Div4|lpm_divide_ibm:auto_generated|sign_div_unsign_olh:divider                       ; sign_div_unsign_olh                    ; work         ;
;             |alt_u_div_mve:divider|     ; 313 (313)           ; 0 (0)                     ; 0                 ; 0          ; 0    ; 0            ; |MTran_Lab7_Verilog_MagnitudeComparator|lpm_divide:Div4|lpm_divide_ibm:auto_generated|sign_div_unsign_olh:divider|alt_u_div_mve:divider ; alt_u_div_mve                          ; work         ;
;    |lpm_divide:Div5|                    ; 313 (0)             ; 0 (0)                     ; 0                 ; 0          ; 0    ; 0            ; |MTran_Lab7_Verilog_MagnitudeComparator|lpm_divide:Div5                                                                                 ; lpm_divide                             ; work         ;
;       |lpm_divide_ibm:auto_generated|   ; 313 (0)             ; 0 (0)                     ; 0                 ; 0          ; 0    ; 0            ; |MTran_Lab7_Verilog_MagnitudeComparator|lpm_divide:Div5|lpm_divide_ibm:auto_generated                                                   ; lpm_divide_ibm                         ; work         ;
;          |sign_div_unsign_olh:divider|  ; 313 (0)             ; 0 (0)                     ; 0                 ; 0          ; 0    ; 0            ; |MTran_Lab7_Verilog_MagnitudeComparator|lpm_divide:Div5|lpm_divide_ibm:auto_generated|sign_div_unsign_olh:divider                       ; sign_div_unsign_olh                    ; work         ;
;             |alt_u_div_mve:divider|     ; 313 (313)           ; 0 (0)                     ; 0                 ; 0          ; 0    ; 0            ; |MTran_Lab7_Verilog_MagnitudeComparator|lpm_divide:Div5|lpm_divide_ibm:auto_generated|sign_div_unsign_olh:divider|alt_u_div_mve:divider ; alt_u_div_mve                          ; work         ;
;    |lpm_divide:Div6|                    ; 313 (0)             ; 0 (0)                     ; 0                 ; 0          ; 0    ; 0            ; |MTran_Lab7_Verilog_MagnitudeComparator|lpm_divide:Div6                                                                                 ; lpm_divide                             ; work         ;
;       |lpm_divide_ibm:auto_generated|   ; 313 (0)             ; 0 (0)                     ; 0                 ; 0          ; 0    ; 0            ; |MTran_Lab7_Verilog_MagnitudeComparator|lpm_divide:Div6|lpm_divide_ibm:auto_generated                                                   ; lpm_divide_ibm                         ; work         ;
;          |sign_div_unsign_olh:divider|  ; 313 (0)             ; 0 (0)                     ; 0                 ; 0          ; 0    ; 0            ; |MTran_Lab7_Verilog_MagnitudeComparator|lpm_divide:Div6|lpm_divide_ibm:auto_generated|sign_div_unsign_olh:divider                       ; sign_div_unsign_olh                    ; work         ;
;             |alt_u_div_mve:divider|     ; 313 (313)           ; 0 (0)                     ; 0                 ; 0          ; 0    ; 0            ; |MTran_Lab7_Verilog_MagnitudeComparator|lpm_divide:Div6|lpm_divide_ibm:auto_generated|sign_div_unsign_olh:divider|alt_u_div_mve:divider ; alt_u_div_mve                          ; work         ;
;    |lpm_divide:Div7|                    ; 313 (0)             ; 0 (0)                     ; 0                 ; 0          ; 0    ; 0            ; |MTran_Lab7_Verilog_MagnitudeComparator|lpm_divide:Div7                                                                                 ; lpm_divide                             ; work         ;
;       |lpm_divide_ibm:auto_generated|   ; 313 (0)             ; 0 (0)                     ; 0                 ; 0          ; 0    ; 0            ; |MTran_Lab7_Verilog_MagnitudeComparator|lpm_divide:Div7|lpm_divide_ibm:auto_generated                                                   ; lpm_divide_ibm                         ; work         ;
;          |sign_div_unsign_olh:divider|  ; 313 (0)             ; 0 (0)                     ; 0                 ; 0          ; 0    ; 0            ; |MTran_Lab7_Verilog_MagnitudeComparator|lpm_divide:Div7|lpm_divide_ibm:auto_generated|sign_div_unsign_olh:divider                       ; sign_div_unsign_olh                    ; work         ;
;             |alt_u_div_mve:divider|     ; 313 (313)           ; 0 (0)                     ; 0                 ; 0          ; 0    ; 0            ; |MTran_Lab7_Verilog_MagnitudeComparator|lpm_divide:Div7|lpm_divide_ibm:auto_generated|sign_div_unsign_olh:divider|alt_u_div_mve:divider ; alt_u_div_mve                          ; work         ;
;    |lpm_divide:Mod0|                    ; 9 (0)               ; 0 (0)                     ; 0                 ; 0          ; 0    ; 0            ; |MTran_Lab7_Verilog_MagnitudeComparator|lpm_divide:Mod0                                                                                 ; lpm_divide                             ; work         ;
;       |lpm_divide_42m:auto_generated|   ; 9 (0)               ; 0 (0)                     ; 0                 ; 0          ; 0    ; 0            ; |MTran_Lab7_Verilog_MagnitudeComparator|lpm_divide:Mod0|lpm_divide_42m:auto_generated                                                   ; lpm_divide_42m                         ; work         ;
;          |sign_div_unsign_7kh:divider|  ; 9 (0)               ; 0 (0)                     ; 0                 ; 0          ; 0    ; 0            ; |MTran_Lab7_Verilog_MagnitudeComparator|lpm_divide:Mod0|lpm_divide_42m:auto_generated|sign_div_unsign_7kh:divider                       ; sign_div_unsign_7kh                    ; work         ;
;             |alt_u_div_kse:divider|     ; 9 (9)               ; 0 (0)                     ; 0                 ; 0          ; 0    ; 0            ; |MTran_Lab7_Verilog_MagnitudeComparator|lpm_divide:Mod0|lpm_divide_42m:auto_generated|sign_div_unsign_7kh:divider|alt_u_div_kse:divider ; alt_u_div_kse                          ; work         ;
;    |lpm_divide:Mod1|                    ; 9 (0)               ; 0 (0)                     ; 0                 ; 0          ; 0    ; 0            ; |MTran_Lab7_Verilog_MagnitudeComparator|lpm_divide:Mod1                                                                                 ; lpm_divide                             ; work         ;
;       |lpm_divide_42m:auto_generated|   ; 9 (0)               ; 0 (0)                     ; 0                 ; 0          ; 0    ; 0            ; |MTran_Lab7_Verilog_MagnitudeComparator|lpm_divide:Mod1|lpm_divide_42m:auto_generated                                                   ; lpm_divide_42m                         ; work         ;
;          |sign_div_unsign_7kh:divider|  ; 9 (0)               ; 0 (0)                     ; 0                 ; 0          ; 0    ; 0            ; |MTran_Lab7_Verilog_MagnitudeComparator|lpm_divide:Mod1|lpm_divide_42m:auto_generated|sign_div_unsign_7kh:divider                       ; sign_div_unsign_7kh                    ; work         ;
;             |alt_u_div_kse:divider|     ; 9 (9)               ; 0 (0)                     ; 0                 ; 0          ; 0    ; 0            ; |MTran_Lab7_Verilog_MagnitudeComparator|lpm_divide:Mod1|lpm_divide_42m:auto_generated|sign_div_unsign_7kh:divider|alt_u_div_kse:divider ; alt_u_div_kse                          ; work         ;
;    |lpm_divide:Mod2|                    ; 317 (0)             ; 0 (0)                     ; 0                 ; 0          ; 0    ; 0            ; |MTran_Lab7_Verilog_MagnitudeComparator|lpm_divide:Mod2                                                                                 ; lpm_divide                             ; work         ;
;       |lpm_divide_l3m:auto_generated|   ; 317 (0)             ; 0 (0)                     ; 0                 ; 0          ; 0    ; 0            ; |MTran_Lab7_Verilog_MagnitudeComparator|lpm_divide:Mod2|lpm_divide_l3m:auto_generated                                                   ; lpm_divide_l3m                         ; work         ;
;          |sign_div_unsign_olh:divider|  ; 317 (0)             ; 0 (0)                     ; 0                 ; 0          ; 0    ; 0            ; |MTran_Lab7_Verilog_MagnitudeComparator|lpm_divide:Mod2|lpm_divide_l3m:auto_generated|sign_div_unsign_olh:divider                       ; sign_div_unsign_olh                    ; work         ;
;             |alt_u_div_mve:divider|     ; 317 (317)           ; 0 (0)                     ; 0                 ; 0          ; 0    ; 0            ; |MTran_Lab7_Verilog_MagnitudeComparator|lpm_divide:Mod2|lpm_divide_l3m:auto_generated|sign_div_unsign_olh:divider|alt_u_div_mve:divider ; alt_u_div_mve                          ; work         ;
;    |lpm_divide:Mod3|                    ; 317 (0)             ; 0 (0)                     ; 0                 ; 0          ; 0    ; 0            ; |MTran_Lab7_Verilog_MagnitudeComparator|lpm_divide:Mod3                                                                                 ; lpm_divide                             ; work         ;
;       |lpm_divide_l3m:auto_generated|   ; 317 (0)             ; 0 (0)                     ; 0                 ; 0          ; 0    ; 0            ; |MTran_Lab7_Verilog_MagnitudeComparator|lpm_divide:Mod3|lpm_divide_l3m:auto_generated                                                   ; lpm_divide_l3m                         ; work         ;
;          |sign_div_unsign_olh:divider|  ; 317 (0)             ; 0 (0)                     ; 0                 ; 0          ; 0    ; 0            ; |MTran_Lab7_Verilog_MagnitudeComparator|lpm_divide:Mod3|lpm_divide_l3m:auto_generated|sign_div_unsign_olh:divider                       ; sign_div_unsign_olh                    ; work         ;
;             |alt_u_div_mve:divider|     ; 317 (317)           ; 0 (0)                     ; 0                 ; 0          ; 0    ; 0            ; |MTran_Lab7_Verilog_MagnitudeComparator|lpm_divide:Mod3|lpm_divide_l3m:auto_generated|sign_div_unsign_olh:divider|alt_u_div_mve:divider ; alt_u_div_mve                          ; work         ;
;    |lpm_divide:Mod4|                    ; 317 (0)             ; 0 (0)                     ; 0                 ; 0          ; 0    ; 0            ; |MTran_Lab7_Verilog_MagnitudeComparator|lpm_divide:Mod4                                                                                 ; lpm_divide                             ; work         ;
;       |lpm_divide_l3m:auto_generated|   ; 317 (0)             ; 0 (0)                     ; 0                 ; 0          ; 0    ; 0            ; |MTran_Lab7_Verilog_MagnitudeComparator|lpm_divide:Mod4|lpm_divide_l3m:auto_generated                                                   ; lpm_divide_l3m                         ; work         ;
;          |sign_div_unsign_olh:divider|  ; 317 (0)             ; 0 (0)                     ; 0                 ; 0          ; 0    ; 0            ; |MTran_Lab7_Verilog_MagnitudeComparator|lpm_divide:Mod4|lpm_divide_l3m:auto_generated|sign_div_unsign_olh:divider                       ; sign_div_unsign_olh                    ; work         ;
;             |alt_u_div_mve:divider|     ; 317 (317)           ; 0 (0)                     ; 0                 ; 0          ; 0    ; 0            ; |MTran_Lab7_Verilog_MagnitudeComparator|lpm_divide:Mod4|lpm_divide_l3m:auto_generated|sign_div_unsign_olh:divider|alt_u_div_mve:divider ; alt_u_div_mve                          ; work         ;
;    |lpm_divide:Mod5|                    ; 317 (0)             ; 0 (0)                     ; 0                 ; 0          ; 0    ; 0            ; |MTran_Lab7_Verilog_MagnitudeComparator|lpm_divide:Mod5                                                                                 ; lpm_divide                             ; work         ;
;       |lpm_divide_l3m:auto_generated|   ; 317 (0)             ; 0 (0)                     ; 0                 ; 0          ; 0    ; 0            ; |MTran_Lab7_Verilog_MagnitudeComparator|lpm_divide:Mod5|lpm_divide_l3m:auto_generated                                                   ; lpm_divide_l3m                         ; work         ;
;          |sign_div_unsign_olh:divider|  ; 317 (0)             ; 0 (0)                     ; 0                 ; 0          ; 0    ; 0            ; |MTran_Lab7_Verilog_MagnitudeComparator|lpm_divide:Mod5|lpm_divide_l3m:auto_generated|sign_div_unsign_olh:divider                       ; sign_div_unsign_olh                    ; work         ;
;             |alt_u_div_mve:divider|     ; 317 (317)           ; 0 (0)                     ; 0                 ; 0          ; 0    ; 0            ; |MTran_Lab7_Verilog_MagnitudeComparator|lpm_divide:Mod5|lpm_divide_l3m:auto_generated|sign_div_unsign_olh:divider|alt_u_div_mve:divider ; alt_u_div_mve                          ; work         ;
;    |lpm_divide:Mod6|                    ; 317 (0)             ; 0 (0)                     ; 0                 ; 0          ; 0    ; 0            ; |MTran_Lab7_Verilog_MagnitudeComparator|lpm_divide:Mod6                                                                                 ; lpm_divide                             ; work         ;
;       |lpm_divide_l3m:auto_generated|   ; 317 (0)             ; 0 (0)                     ; 0                 ; 0          ; 0    ; 0            ; |MTran_Lab7_Verilog_MagnitudeComparator|lpm_divide:Mod6|lpm_divide_l3m:auto_generated                                                   ; lpm_divide_l3m                         ; work         ;
;          |sign_div_unsign_olh:divider|  ; 317 (0)             ; 0 (0)                     ; 0                 ; 0          ; 0    ; 0            ; |MTran_Lab7_Verilog_MagnitudeComparator|lpm_divide:Mod6|lpm_divide_l3m:auto_generated|sign_div_unsign_olh:divider                       ; sign_div_unsign_olh                    ; work         ;
;             |alt_u_div_mve:divider|     ; 317 (317)           ; 0 (0)                     ; 0                 ; 0          ; 0    ; 0            ; |MTran_Lab7_Verilog_MagnitudeComparator|lpm_divide:Mod6|lpm_divide_l3m:auto_generated|sign_div_unsign_olh:divider|alt_u_div_mve:divider ; alt_u_div_mve                          ; work         ;
;    |lpm_divide:Mod7|                    ; 317 (0)             ; 0 (0)                     ; 0                 ; 0          ; 0    ; 0            ; |MTran_Lab7_Verilog_MagnitudeComparator|lpm_divide:Mod7                                                                                 ; lpm_divide                             ; work         ;
;       |lpm_divide_l3m:auto_generated|   ; 317 (0)             ; 0 (0)                     ; 0                 ; 0          ; 0    ; 0            ; |MTran_Lab7_Verilog_MagnitudeComparator|lpm_divide:Mod7|lpm_divide_l3m:auto_generated                                                   ; lpm_divide_l3m                         ; work         ;
;          |sign_div_unsign_olh:divider|  ; 317 (0)             ; 0 (0)                     ; 0                 ; 0          ; 0    ; 0            ; |MTran_Lab7_Verilog_MagnitudeComparator|lpm_divide:Mod7|lpm_divide_l3m:auto_generated|sign_div_unsign_olh:divider                       ; sign_div_unsign_olh                    ; work         ;
;             |alt_u_div_mve:divider|     ; 317 (317)           ; 0 (0)                     ; 0                 ; 0          ; 0    ; 0            ; |MTran_Lab7_Verilog_MagnitudeComparator|lpm_divide:Mod7|lpm_divide_l3m:auto_generated|sign_div_unsign_olh:divider|alt_u_div_mve:divider ; alt_u_div_mve                          ; work         ;
+-----------------------------------------+---------------------+---------------------------+-------------------+------------+------+--------------+-----------------------------------------------------------------------------------------------------------------------------------------+----------------------------------------+--------------+
Note: For table entries with two numbers listed, the numbers in parentheses indicate the number of resources of the given type used by the specific entity alone. The numbers listed outside of parentheses indicate the total resources of the given type used by the specific entity and all of its sub-entities in the hierarchy.


+------------------------------------------------------+
; General Register Statistics                          ;
+----------------------------------------------+-------+
; Statistic                                    ; Value ;
+----------------------------------------------+-------+
; Total registers                              ; 302   ;
; Number of registers using Synchronous Clear  ; 262   ;
; Number of registers using Synchronous Load   ; 12    ;
; Number of registers using Asynchronous Clear ; 0     ;
; Number of registers using Asynchronous Load  ; 0     ;
; Number of registers using Clock Enable       ; 256   ;
; Number of registers using Preset             ; 0     ;
+----------------------------------------------+-------+


+--------------------------------------------------------------------------------------------------------------------------------------------------------------------+
; Multiplexer Restructuring Statistics (Restructuring Performed)                                                                                                     ;
+--------------------+-----------+---------------+----------------------+------------------------+------------+------------------------------------------------------+
; Multiplexer Inputs ; Bus Width ; Baseline Area ; Area if Restructured ; Saving if Restructured ; Registered ; Example Multiplexer Output                           ;
+--------------------+-----------+---------------+----------------------+------------------------+------------+------------------------------------------------------+
; 3:1                ; 2 bits    ; 4 LEs         ; 4 LEs                ; 0 LEs                  ; Yes        ; |MTran_Lab7_Verilog_MagnitudeComparator|LED[0]~reg0  ;
; 3:1                ; 2 bits    ; 4 LEs         ; 4 LEs                ; 0 LEs                  ; Yes        ; |MTran_Lab7_Verilog_MagnitudeComparator|HEX3[6]~reg0 ;
; 3:1                ; 16 bits   ; 32 LEs        ; 32 LEs               ; 0 LEs                  ; Yes        ; |MTran_Lab7_Verilog_MagnitudeComparator|HEX1[2]~reg0 ;
; 3:1                ; 23 bits   ; 46 LEs        ; 46 LEs               ; 0 LEs                  ; Yes        ; |MTran_Lab7_Verilog_MagnitudeComparator|HEX0[4]~reg0 ;
+--------------------+-----------+---------------+----------------------+------------------------+------------+------------------------------------------------------+


+----------------------------------------------------------------------------+
; Parameter Settings for User Entity Instance: MTran_Lab7_Verilog_Timer:Tim1 ;
+----------------+--------+--------------------------------------------------+
; Parameter Name ; Value  ; Type                                             ;
+----------------+--------+--------------------------------------------------+
; MAXSECONDS     ; 60     ; Signed Integer                                   ;
; MAXMINUTES     ; 60     ; Signed Integer                                   ;
; MAXHOURS       ; 24     ; Signed Integer                                   ;
; CLKFREQUENCY   ; 500000 ; Signed Integer                                   ;
+----------------+--------+--------------------------------------------------+
Note: In order to hide this table in the UI and the text report file, please set the "Show Parameter Settings in Synthesis Report" option in "Analysis and Synthesis Settings -> More Settings" to "Off".


+----------------------------------------------------------------------------+
; Parameter Settings for User Entity Instance: MTran_Lab7_Verilog_Timer:Tim2 ;
+----------------+----------+------------------------------------------------+
; Parameter Name ; Value    ; Type                                           ;
+----------------+----------+------------------------------------------------+
; MAXSECONDS     ; 60       ; Signed Integer                                 ;
; MAXMINUTES     ; 60       ; Signed Integer                                 ;
; MAXHOURS       ; 24       ; Signed Integer                                 ;
; CLKFREQUENCY   ; 50000000 ; Signed Integer                                 ;
+----------------+----------+------------------------------------------------+
Note: In order to hide this table in the UI and the text report file, please set the "Show Parameter Settings in Synthesis Report" option in "Analysis and Synthesis Settings -> More Settings" to "Off".


+------------------------------------------------------------------+
; Parameter Settings for Inferred Entity Instance: lpm_divide:Mod0 ;
+------------------------+----------------+------------------------+
; Parameter Name         ; Value          ; Type                   ;
+------------------------+----------------+------------------------+
; LPM_WIDTHN             ; 4              ; Untyped                ;
; LPM_WIDTHD             ; 4              ; Untyped                ;
; LPM_NREPRESENTATION    ; UNSIGNED       ; Untyped                ;
; LPM_DREPRESENTATION    ; UNSIGNED       ; Untyped                ;
; LPM_PIPELINE           ; 0              ; Untyped                ;
; LPM_REMAINDERPOSITIVE  ; TRUE           ; Untyped                ;
; MAXIMIZE_SPEED         ; 5              ; Untyped                ;
; CBXI_PARAMETER         ; lpm_divide_42m ; Untyped                ;
; CARRY_CHAIN            ; MANUAL         ; Untyped                ;
; OPTIMIZE_FOR_SPEED     ; 5              ; Untyped                ;
; AUTO_CARRY_CHAINS      ; ON             ; AUTO_CARRY             ;
; IGNORE_CARRY_BUFFERS   ; OFF            ; IGNORE_CARRY           ;
; AUTO_CASCADE_CHAINS    ; ON             ; AUTO_CASCADE           ;
; IGNORE_CASCADE_BUFFERS ; OFF            ; IGNORE_CASCADE         ;
+------------------------+----------------+------------------------+
Note: In order to hide this table in the UI and the text report file, please set the "Show Parameter Settings in Synthesis Report" option in "Analysis and Synthesis Settings -> More Settings" to "Off".


+------------------------------------------------------------------+
; Parameter Settings for Inferred Entity Instance: lpm_divide:Mod2 ;
+------------------------+----------------+------------------------+
; Parameter Name         ; Value          ; Type                   ;
+------------------------+----------------+------------------------+
; LPM_WIDTHN             ; 32             ; Untyped                ;
; LPM_WIDTHD             ; 4              ; Untyped                ;
; LPM_NREPRESENTATION    ; UNSIGNED       ; Untyped                ;
; LPM_DREPRESENTATION    ; UNSIGNED       ; Untyped                ;
; LPM_PIPELINE           ; 0              ; Untyped                ;
; LPM_REMAINDERPOSITIVE  ; TRUE           ; Untyped                ;
; MAXIMIZE_SPEED         ; 5              ; Untyped                ;
; CBXI_PARAMETER         ; lpm_divide_l3m ; Untyped                ;
; CARRY_CHAIN            ; MANUAL         ; Untyped                ;
; OPTIMIZE_FOR_SPEED     ; 5              ; Untyped                ;
; AUTO_CARRY_CHAINS      ; ON             ; AUTO_CARRY             ;
; IGNORE_CARRY_BUFFERS   ; OFF            ; IGNORE_CARRY           ;
; AUTO_CASCADE_CHAINS    ; ON             ; AUTO_CASCADE           ;
; IGNORE_CASCADE_BUFFERS ; OFF            ; IGNORE_CASCADE         ;
+------------------------+----------------+------------------------+
Note: In order to hide this table in the UI and the text report file, please set the "Show Parameter Settings in Synthesis Report" option in "Analysis and Synthesis Settings -> More Settings" to "Off".


+------------------------------------------------------------------+
; Parameter Settings for Inferred Entity Instance: lpm_divide:Mod5 ;
+------------------------+----------------+------------------------+
; Parameter Name         ; Value          ; Type                   ;
+------------------------+----------------+------------------------+
; LPM_WIDTHN             ; 32             ; Untyped                ;
; LPM_WIDTHD             ; 4              ; Untyped                ;
; LPM_NREPRESENTATION    ; UNSIGNED       ; Untyped                ;
; LPM_DREPRESENTATION    ; UNSIGNED       ; Untyped                ;
; LPM_PIPELINE           ; 0              ; Untyped                ;
; LPM_REMAINDERPOSITIVE  ; TRUE           ; Untyped                ;
; MAXIMIZE_SPEED         ; 5              ; Untyped                ;
; CBXI_PARAMETER         ; lpm_divide_l3m ; Untyped                ;
; CARRY_CHAIN            ; MANUAL         ; Untyped                ;
; OPTIMIZE_FOR_SPEED     ; 5              ; Untyped                ;
; AUTO_CARRY_CHAINS      ; ON             ; AUTO_CARRY             ;
; IGNORE_CARRY_BUFFERS   ; OFF            ; IGNORE_CARRY           ;
; AUTO_CASCADE_CHAINS    ; ON             ; AUTO_CASCADE           ;
; IGNORE_CASCADE_BUFFERS ; OFF            ; IGNORE_CASCADE         ;
+------------------------+----------------+------------------------+
Note: In order to hide this table in the UI and the text report file, please set the "Show Parameter Settings in Synthesis Report" option in "Analysis and Synthesis Settings -> More Settings" to "Off".


+------------------------------------------------------------------+
; Parameter Settings for Inferred Entity Instance: lpm_divide:Div2 ;
+------------------------+----------------+------------------------+
; Parameter Name         ; Value          ; Type                   ;
+------------------------+----------------+------------------------+
; LPM_WIDTHN             ; 32             ; Untyped                ;
; LPM_WIDTHD             ; 4              ; Untyped                ;
; LPM_NREPRESENTATION    ; UNSIGNED       ; Untyped                ;
; LPM_DREPRESENTATION    ; UNSIGNED       ; Untyped                ;
; LPM_PIPELINE           ; 0              ; Untyped                ;
; LPM_REMAINDERPOSITIVE  ; TRUE           ; Untyped                ;
; MAXIMIZE_SPEED         ; 5              ; Untyped                ;
; CBXI_PARAMETER         ; lpm_divide_ibm ; Untyped                ;
; CARRY_CHAIN            ; MANUAL         ; Untyped                ;
; OPTIMIZE_FOR_SPEED     ; 5              ; Untyped                ;
; AUTO_CARRY_CHAINS      ; ON             ; AUTO_CARRY             ;
; IGNORE_CARRY_BUFFERS   ; OFF            ; IGNORE_CARRY           ;
; AUTO_CASCADE_CHAINS    ; ON             ; AUTO_CASCADE           ;
; IGNORE_CASCADE_BUFFERS ; OFF            ; IGNORE_CASCADE         ;
+------------------------+----------------+------------------------+
Note: In order to hide this table in the UI and the text report file, please set the "Show Parameter Settings in Synthesis Report" option in "Analysis and Synthesis Settings -> More Settings" to "Off".


+------------------------------------------------------------------+
; Parameter Settings for Inferred Entity Instance: lpm_divide:Div5 ;
+------------------------+----------------+------------------------+
; Parameter Name         ; Value          ; Type                   ;
+------------------------+----------------+------------------------+
; LPM_WIDTHN             ; 32             ; Untyped                ;
; LPM_WIDTHD             ; 4              ; Untyped                ;
; LPM_NREPRESENTATION    ; UNSIGNED       ; Untyped                ;
; LPM_DREPRESENTATION    ; UNSIGNED       ; Untyped                ;
; LPM_PIPELINE           ; 0              ; Untyped                ;
; LPM_REMAINDERPOSITIVE  ; TRUE           ; Untyped                ;
; MAXIMIZE_SPEED         ; 5              ; Untyped                ;
; CBXI_PARAMETER         ; lpm_divide_ibm ; Untyped                ;
; CARRY_CHAIN            ; MANUAL         ; Untyped                ;
; OPTIMIZE_FOR_SPEED     ; 5              ; Untyped                ;
; AUTO_CARRY_CHAINS      ; ON             ; AUTO_CARRY             ;
; IGNORE_CARRY_BUFFERS   ; OFF            ; IGNORE_CARRY           ;
; AUTO_CASCADE_CHAINS    ; ON             ; AUTO_CASCADE           ;
; IGNORE_CASCADE_BUFFERS ; OFF            ; IGNORE_CASCADE         ;
+------------------------+----------------+------------------------+
Note: In order to hide this table in the UI and the text report file, please set the "Show Parameter Settings in Synthesis Report" option in "Analysis and Synthesis Settings -> More Settings" to "Off".


+------------------------------------------------------------------+
; Parameter Settings for Inferred Entity Instance: lpm_divide:Mod3 ;
+------------------------+----------------+------------------------+
; Parameter Name         ; Value          ; Type                   ;
+------------------------+----------------+------------------------+
; LPM_WIDTHN             ; 32             ; Untyped                ;
; LPM_WIDTHD             ; 4              ; Untyped                ;
; LPM_NREPRESENTATION    ; UNSIGNED       ; Untyped                ;
; LPM_DREPRESENTATION    ; UNSIGNED       ; Untyped                ;
; LPM_PIPELINE           ; 0              ; Untyped                ;
; LPM_REMAINDERPOSITIVE  ; TRUE           ; Untyped                ;
; MAXIMIZE_SPEED         ; 5              ; Untyped                ;
; CBXI_PARAMETER         ; lpm_divide_l3m ; Untyped                ;
; CARRY_CHAIN            ; MANUAL         ; Untyped                ;
; OPTIMIZE_FOR_SPEED     ; 5              ; Untyped                ;
; AUTO_CARRY_CHAINS      ; ON             ; AUTO_CARRY             ;
; IGNORE_CARRY_BUFFERS   ; OFF            ; IGNORE_CARRY           ;
; AUTO_CASCADE_CHAINS    ; ON             ; AUTO_CASCADE           ;
; IGNORE_CASCADE_BUFFERS ; OFF            ; IGNORE_CASCADE         ;
+------------------------+----------------+------------------------+
Note: In order to hide this table in the UI and the text report file, please set the "Show Parameter Settings in Synthesis Report" option in "Analysis and Synthesis Settings -> More Settings" to "Off".


+------------------------------------------------------------------+
; Parameter Settings for Inferred Entity Instance: lpm_divide:Mod6 ;
+------------------------+----------------+------------------------+
; Parameter Name         ; Value          ; Type                   ;
+------------------------+----------------+------------------------+
; LPM_WIDTHN             ; 32             ; Untyped                ;
; LPM_WIDTHD             ; 4              ; Untyped                ;
; LPM_NREPRESENTATION    ; UNSIGNED       ; Untyped                ;
; LPM_DREPRESENTATION    ; UNSIGNED       ; Untyped                ;
; LPM_PIPELINE           ; 0              ; Untyped                ;
; LPM_REMAINDERPOSITIVE  ; TRUE           ; Untyped                ;
; MAXIMIZE_SPEED         ; 5              ; Untyped                ;
; CBXI_PARAMETER         ; lpm_divide_l3m ; Untyped                ;
; CARRY_CHAIN            ; MANUAL         ; Untyped                ;
; OPTIMIZE_FOR_SPEED     ; 5              ; Untyped                ;
; AUTO_CARRY_CHAINS      ; ON             ; AUTO_CARRY             ;
; IGNORE_CARRY_BUFFERS   ; OFF            ; IGNORE_CARRY           ;
; AUTO_CASCADE_CHAINS    ; ON             ; AUTO_CASCADE           ;
; IGNORE_CASCADE_BUFFERS ; OFF            ; IGNORE_CASCADE         ;
+------------------------+----------------+------------------------+
Note: In order to hide this table in the UI and the text report file, please set the "Show Parameter Settings in Synthesis Report" option in "Analysis and Synthesis Settings -> More Settings" to "Off".


+------------------------------------------------------------------+
; Parameter Settings for Inferred Entity Instance: lpm_divide:Div3 ;
+------------------------+----------------+------------------------+
; Parameter Name         ; Value          ; Type                   ;
+------------------------+----------------+------------------------+
; LPM_WIDTHN             ; 32             ; Untyped                ;
; LPM_WIDTHD             ; 4              ; Untyped                ;
; LPM_NREPRESENTATION    ; UNSIGNED       ; Untyped                ;
; LPM_DREPRESENTATION    ; UNSIGNED       ; Untyped                ;
; LPM_PIPELINE           ; 0              ; Untyped                ;
; LPM_REMAINDERPOSITIVE  ; TRUE           ; Untyped                ;
; MAXIMIZE_SPEED         ; 5              ; Untyped                ;
; CBXI_PARAMETER         ; lpm_divide_ibm ; Untyped                ;
; CARRY_CHAIN            ; MANUAL         ; Untyped                ;
; OPTIMIZE_FOR_SPEED     ; 5              ; Untyped                ;
; AUTO_CARRY_CHAINS      ; ON             ; AUTO_CARRY             ;
; IGNORE_CARRY_BUFFERS   ; OFF            ; IGNORE_CARRY           ;
; AUTO_CASCADE_CHAINS    ; ON             ; AUTO_CASCADE           ;
; IGNORE_CASCADE_BUFFERS ; OFF            ; IGNORE_CASCADE         ;
+------------------------+----------------+------------------------+
Note: In order to hide this table in the UI and the text report file, please set the "Show Parameter Settings in Synthesis Report" option in "Analysis and Synthesis Settings -> More Settings" to "Off".


+------------------------------------------------------------------+
; Parameter Settings for Inferred Entity Instance: lpm_divide:Div6 ;
+------------------------+----------------+------------------------+
; Parameter Name         ; Value          ; Type                   ;
+------------------------+----------------+------------------------+
; LPM_WIDTHN             ; 32             ; Untyped                ;
; LPM_WIDTHD             ; 4              ; Untyped                ;
; LPM_NREPRESENTATION    ; UNSIGNED       ; Untyped                ;
; LPM_DREPRESENTATION    ; UNSIGNED       ; Untyped                ;
; LPM_PIPELINE           ; 0              ; Untyped                ;
; LPM_REMAINDERPOSITIVE  ; TRUE           ; Untyped                ;
; MAXIMIZE_SPEED         ; 5              ; Untyped                ;
; CBXI_PARAMETER         ; lpm_divide_ibm ; Untyped                ;
; CARRY_CHAIN            ; MANUAL         ; Untyped                ;
; OPTIMIZE_FOR_SPEED     ; 5              ; Untyped                ;
; AUTO_CARRY_CHAINS      ; ON             ; AUTO_CARRY             ;
; IGNORE_CARRY_BUFFERS   ; OFF            ; IGNORE_CARRY           ;
; AUTO_CASCADE_CHAINS    ; ON             ; AUTO_CASCADE           ;
; IGNORE_CASCADE_BUFFERS ; OFF            ; IGNORE_CASCADE         ;
+------------------------+----------------+------------------------+
Note: In order to hide this table in the UI and the text report file, please set the "Show Parameter Settings in Synthesis Report" option in "Analysis and Synthesis Settings -> More Settings" to "Off".


+------------------------------------------------------------------+
; Parameter Settings for Inferred Entity Instance: lpm_divide:Mod1 ;
+------------------------+----------------+------------------------+
; Parameter Name         ; Value          ; Type                   ;
+------------------------+----------------+------------------------+
; LPM_WIDTHN             ; 4              ; Untyped                ;
; LPM_WIDTHD             ; 4              ; Untyped                ;
; LPM_NREPRESENTATION    ; UNSIGNED       ; Untyped                ;
; LPM_DREPRESENTATION    ; UNSIGNED       ; Untyped                ;
; LPM_PIPELINE           ; 0              ; Untyped                ;
; LPM_REMAINDERPOSITIVE  ; TRUE           ; Untyped                ;
; MAXIMIZE_SPEED         ; 5              ; Untyped                ;
; CBXI_PARAMETER         ; lpm_divide_42m ; Untyped                ;
; CARRY_CHAIN            ; MANUAL         ; Untyped                ;
; OPTIMIZE_FOR_SPEED     ; 5              ; Untyped                ;
; AUTO_CARRY_CHAINS      ; ON             ; AUTO_CARRY             ;
; IGNORE_CARRY_BUFFERS   ; OFF            ; IGNORE_CARRY           ;
; AUTO_CASCADE_CHAINS    ; ON             ; AUTO_CASCADE           ;
; IGNORE_CASCADE_BUFFERS ; OFF            ; IGNORE_CASCADE         ;
+------------------------+----------------+------------------------+
Note: In order to hide this table in the UI and the text report file, please set the "Show Parameter Settings in Synthesis Report" option in "Analysis and Synthesis Settings -> More Settings" to "Off".


+------------------------------------------------------------------+
; Parameter Settings for Inferred Entity Instance: lpm_divide:Mod4 ;
+------------------------+----------------+------------------------+
; Parameter Name         ; Value          ; Type                   ;
+------------------------+----------------+------------------------+
; LPM_WIDTHN             ; 32             ; Untyped                ;
; LPM_WIDTHD             ; 4              ; Untyped                ;
; LPM_NREPRESENTATION    ; UNSIGNED       ; Untyped                ;
; LPM_DREPRESENTATION    ; UNSIGNED       ; Untyped                ;
; LPM_PIPELINE           ; 0              ; Untyped                ;
; LPM_REMAINDERPOSITIVE  ; TRUE           ; Untyped                ;
; MAXIMIZE_SPEED         ; 5              ; Untyped                ;
; CBXI_PARAMETER         ; lpm_divide_l3m ; Untyped                ;
; CARRY_CHAIN            ; MANUAL         ; Untyped                ;
; OPTIMIZE_FOR_SPEED     ; 5              ; Untyped                ;
; AUTO_CARRY_CHAINS      ; ON             ; AUTO_CARRY             ;
; IGNORE_CARRY_BUFFERS   ; OFF            ; IGNORE_CARRY           ;
; AUTO_CASCADE_CHAINS    ; ON             ; AUTO_CASCADE           ;
; IGNORE_CASCADE_BUFFERS ; OFF            ; IGNORE_CASCADE         ;
+------------------------+----------------+------------------------+
Note: In order to hide this table in the UI and the text report file, please set the "Show Parameter Settings in Synthesis Report" option in "Analysis and Synthesis Settings -> More Settings" to "Off".


+------------------------------------------------------------------+
; Parameter Settings for Inferred Entity Instance: lpm_divide:Mod7 ;
+------------------------+----------------+------------------------+
; Parameter Name         ; Value          ; Type                   ;
+------------------------+----------------+------------------------+
; LPM_WIDTHN             ; 32             ; Untyped                ;
; LPM_WIDTHD             ; 4              ; Untyped                ;
; LPM_NREPRESENTATION    ; UNSIGNED       ; Untyped                ;
; LPM_DREPRESENTATION    ; UNSIGNED       ; Untyped                ;
; LPM_PIPELINE           ; 0              ; Untyped                ;
; LPM_REMAINDERPOSITIVE  ; TRUE           ; Untyped                ;
; MAXIMIZE_SPEED         ; 5              ; Untyped                ;
; CBXI_PARAMETER         ; lpm_divide_l3m ; Untyped                ;
; CARRY_CHAIN            ; MANUAL         ; Untyped                ;
; OPTIMIZE_FOR_SPEED     ; 5              ; Untyped                ;
; AUTO_CARRY_CHAINS      ; ON             ; AUTO_CARRY             ;
; IGNORE_CARRY_BUFFERS   ; OFF            ; IGNORE_CARRY           ;
; AUTO_CASCADE_CHAINS    ; ON             ; AUTO_CASCADE           ;
; IGNORE_CASCADE_BUFFERS ; OFF            ; IGNORE_CASCADE         ;
+------------------------+----------------+------------------------+
Note: In order to hide this table in the UI and the text report file, please set the "Show Parameter Settings in Synthesis Report" option in "Analysis and Synthesis Settings -> More Settings" to "Off".


+------------------------------------------------------------------+
; Parameter Settings for Inferred Entity Instance: lpm_divide:Div4 ;
+------------------------+----------------+------------------------+
; Parameter Name         ; Value          ; Type                   ;
+------------------------+----------------+------------------------+
; LPM_WIDTHN             ; 32             ; Untyped                ;
; LPM_WIDTHD             ; 4              ; Untyped                ;
; LPM_NREPRESENTATION    ; UNSIGNED       ; Untyped                ;
; LPM_DREPRESENTATION    ; UNSIGNED       ; Untyped                ;
; LPM_PIPELINE           ; 0              ; Untyped                ;
; LPM_REMAINDERPOSITIVE  ; TRUE           ; Untyped                ;
; MAXIMIZE_SPEED         ; 5              ; Untyped                ;
; CBXI_PARAMETER         ; lpm_divide_ibm ; Untyped                ;
; CARRY_CHAIN            ; MANUAL         ; Untyped                ;
; OPTIMIZE_FOR_SPEED     ; 5              ; Untyped                ;
; AUTO_CARRY_CHAINS      ; ON             ; AUTO_CARRY             ;
; IGNORE_CARRY_BUFFERS   ; OFF            ; IGNORE_CARRY           ;
; AUTO_CASCADE_CHAINS    ; ON             ; AUTO_CASCADE           ;
; IGNORE_CASCADE_BUFFERS ; OFF            ; IGNORE_CASCADE         ;
+------------------------+----------------+------------------------+
Note: In order to hide this table in the UI and the text report file, please set the "Show Parameter Settings in Synthesis Report" option in "Analysis and Synthesis Settings -> More Settings" to "Off".


+------------------------------------------------------------------+
; Parameter Settings for Inferred Entity Instance: lpm_divide:Div7 ;
+------------------------+----------------+------------------------+
; Parameter Name         ; Value          ; Type                   ;
+------------------------+----------------+------------------------+
; LPM_WIDTHN             ; 32             ; Untyped                ;
; LPM_WIDTHD             ; 4              ; Untyped                ;
; LPM_NREPRESENTATION    ; UNSIGNED       ; Untyped                ;
; LPM_DREPRESENTATION    ; UNSIGNED       ; Untyped                ;
; LPM_PIPELINE           ; 0              ; Untyped                ;
; LPM_REMAINDERPOSITIVE  ; TRUE           ; Untyped                ;
; MAXIMIZE_SPEED         ; 5              ; Untyped                ;
; CBXI_PARAMETER         ; lpm_divide_ibm ; Untyped                ;
; CARRY_CHAIN            ; MANUAL         ; Untyped                ;
; OPTIMIZE_FOR_SPEED     ; 5              ; Untyped                ;
; AUTO_CARRY_CHAINS      ; ON             ; AUTO_CARRY             ;
; IGNORE_CARRY_BUFFERS   ; OFF            ; IGNORE_CARRY           ;
; AUTO_CASCADE_CHAINS    ; ON             ; AUTO_CASCADE           ;
; IGNORE_CASCADE_BUFFERS ; OFF            ; IGNORE_CASCADE         ;
+------------------------+----------------+------------------------+
Note: In order to hide this table in the UI and the text report file, please set the "Show Parameter Settings in Synthesis Report" option in "Analysis and Synthesis Settings -> More Settings" to "Off".


+-----------------------------------------------------+
; Post-Synthesis Netlist Statistics for Top Partition ;
+-----------------------+-----------------------------+
; Type                  ; Count                       ;
+-----------------------+-----------------------------+
; arriav_ff             ; 302                         ;
;     ENA SCLR          ; 256                         ;
;     SCLR              ; 6                           ;
;     SLD               ; 12                          ;
;     plain             ; 28                          ;
; arriav_lcell_comb     ; 4447                        ;
;     arith             ; 2608                        ;
;         0 data inputs ; 672                         ;
;         1 data inputs ; 592                         ;
;         2 data inputs ; 24                          ;
;         3 data inputs ; 996                         ;
;         4 data inputs ; 324                         ;
;     extend            ; 3                           ;
;         7 data inputs ; 3                           ;
;     normal            ; 1766                        ;
;         2 data inputs ; 697                         ;
;         3 data inputs ; 855                         ;
;         4 data inputs ; 94                          ;
;         5 data inputs ; 75                          ;
;         6 data inputs ; 45                          ;
;     shared            ; 70                          ;
;         0 data inputs ; 14                          ;
;         1 data inputs ; 56                          ;
; boundary_port         ; 56                          ;
;                       ;                             ;
; Max LUT depth         ; 44.50                       ;
; Average LUT depth     ; 35.72                       ;
+-----------------------+-----------------------------+


+-------------------------------+
; Elapsed Time Per Partition    ;
+----------------+--------------+
; Partition Name ; Elapsed Time ;
+----------------+--------------+
; Top            ; 00:00:09     ;
+----------------+--------------+


+-------------------------------+
; Analysis & Synthesis Messages ;
+-------------------------------+
Info: *******************************************************************
Info: Running Quartus Prime Analysis & Synthesis
    Info: Version 23.1std.0 Build 991 11/28/2023 SC Lite Edition
    Info: Processing started: Fri Jul 12 07:21:09 2024
Info: Command: quartus_map --read_settings_files=on --write_settings_files=off MTran_Lab7_Verilog_MagnitudeComparator -c MTran_Lab7_Verilog_MagnitudeComparator
Warning (18236): Number of processors has not been specified which may cause overloading on shared machines.  Set the global assignment NUM_PARALLEL_PROCESSORS in your QSF to an appropriate value for best performance.
Info (20030): Parallel compilation is enabled and will use 10 of the 10 processors detected
Info (12021): Found 1 design units, including 1 entities, in source file mtran_lab7_verilog_magnitudecomparator.v
    Info (12023): Found entity 1: MTran_Lab7_Verilog_MagnitudeComparator File: D:/Study/Github_ESD/ESD/SEM1/Digital/Lab7/Week7/Verilog/MTran_Lab7_Verilog_MagnitudeComparator.v Line: 1
Info (12021): Found 1 design units, including 1 entities, in source file mtran_lab7_verilog_timer.v
    Info (12023): Found entity 1: MTran_Lab7_Verilog_Timer File: D:/Study/Github_ESD/ESD/SEM1/Digital/Lab7/Week7/Verilog/MTran_Lab7_Verilog_Timer.v Line: 1
Info (12127): Elaborating entity "MTran_Lab7_Verilog_MagnitudeComparator" for the top level hierarchy
Info (12128): Elaborating entity "MTran_Lab7_Verilog_Timer" for hierarchy "MTran_Lab7_Verilog_Timer:Tim1" File: D:/Study/Github_ESD/ESD/SEM1/Digital/Lab7/Week7/Verilog/MTran_Lab7_Verilog_MagnitudeComparator.v Line: 47
Info (12128): Elaborating entity "MTran_Lab7_Verilog_Timer" for hierarchy "MTran_Lab7_Verilog_Timer:Tim2" File: D:/Study/Github_ESD/ESD/SEM1/Digital/Lab7/Week7/Verilog/MTran_Lab7_Verilog_MagnitudeComparator.v Line: 63
Info (278001): Inferred 14 megafunctions from design logic
    Info (278004): Inferred divider/modulo megafunction ("lpm_divide") from the following logic: "Mod0" File: D:/Study/Github_ESD/ESD/SEM1/Digital/Lab7/Week7/Verilog/MTran_Lab7_Verilog_MagnitudeComparator.v Line: 103
    Info (278004): Inferred divider/modulo megafunction ("lpm_divide") from the following logic: "Mod2" File: D:/Study/Github_ESD/ESD/SEM1/Digital/Lab7/Week7/Verilog/MTran_Lab7_Verilog_MagnitudeComparator.v Line: 136
    Info (278004): Inferred divider/modulo megafunction ("lpm_divide") from the following logic: "Mod5" File: D:/Study/Github_ESD/ESD/SEM1/Digital/Lab7/Week7/Verilog/MTran_Lab7_Verilog_MagnitudeComparator.v Line: 150
    Info (278004): Inferred divider/modulo megafunction ("lpm_divide") from the following logic: "Div2" File: D:/Study/Github_ESD/ESD/SEM1/Digital/Lab7/Week7/Verilog/MTran_Lab7_Verilog_MagnitudeComparator.v Line: 137
    Info (278004): Inferred divider/modulo megafunction ("lpm_divide") from the following logic: "Div5" File: D:/Study/Github_ESD/ESD/SEM1/Digital/Lab7/Week7/Verilog/MTran_Lab7_Verilog_MagnitudeComparator.v Line: 151
    Info (278004): Inferred divider/modulo megafunction ("lpm_divide") from the following logic: "Mod3" File: D:/Study/Github_ESD/ESD/SEM1/Digital/Lab7/Week7/Verilog/MTran_Lab7_Verilog_MagnitudeComparator.v Line: 140
    Info (278004): Inferred divider/modulo megafunction ("lpm_divide") from the following logic: "Mod6" File: D:/Study/Github_ESD/ESD/SEM1/Digital/Lab7/Week7/Verilog/MTran_Lab7_Verilog_MagnitudeComparator.v Line: 154
    Info (278004): Inferred divider/modulo megafunction ("lpm_divide") from the following logic: "Div3" File: D:/Study/Github_ESD/ESD/SEM1/Digital/Lab7/Week7/Verilog/MTran_Lab7_Verilog_MagnitudeComparator.v Line: 141
    Info (278004): Inferred divider/modulo megafunction ("lpm_divide") from the following logic: "Div6" File: D:/Study/Github_ESD/ESD/SEM1/Digital/Lab7/Week7/Verilog/MTran_Lab7_Verilog_MagnitudeComparator.v Line: 155
    Info (278004): Inferred divider/modulo megafunction ("lpm_divide") from the following logic: "Mod1" File: D:/Study/Github_ESD/ESD/SEM1/Digital/Lab7/Week7/Verilog/MTran_Lab7_Verilog_MagnitudeComparator.v Line: 107
    Info (278004): Inferred divider/modulo megafunction ("lpm_divide") from the following logic: "Mod4" File: D:/Study/Github_ESD/ESD/SEM1/Digital/Lab7/Week7/Verilog/MTran_Lab7_Verilog_MagnitudeComparator.v Line: 144
    Info (278004): Inferred divider/modulo megafunction ("lpm_divide") from the following logic: "Mod7" File: D:/Study/Github_ESD/ESD/SEM1/Digital/Lab7/Week7/Verilog/MTran_Lab7_Verilog_MagnitudeComparator.v Line: 158
    Info (278004): Inferred divider/modulo megafunction ("lpm_divide") from the following logic: "Div4" File: D:/Study/Github_ESD/ESD/SEM1/Digital/Lab7/Week7/Verilog/MTran_Lab7_Verilog_MagnitudeComparator.v Line: 145
    Info (278004): Inferred divider/modulo megafunction ("lpm_divide") from the following logic: "Div7" File: D:/Study/Github_ESD/ESD/SEM1/Digital/Lab7/Week7/Verilog/MTran_Lab7_Verilog_MagnitudeComparator.v Line: 159
Info (12130): Elaborated megafunction instantiation "lpm_divide:Mod0" File: D:/Study/Github_ESD/ESD/SEM1/Digital/Lab7/Week7/Verilog/MTran_Lab7_Verilog_MagnitudeComparator.v Line: 103
Info (12133): Instantiated megafunction "lpm_divide:Mod0" with the following parameter: File: D:/Study/Github_ESD/ESD/SEM1/Digital/Lab7/Week7/Verilog/MTran_Lab7_Verilog_MagnitudeComparator.v Line: 103
    Info (12134): Parameter "LPM_WIDTHN" = "4"
    Info (12134): Parameter "LPM_WIDTHD" = "4"
    Info (12134): Parameter "LPM_NREPRESENTATION" = "UNSIGNED"
    Info (12134): Parameter "LPM_DREPRESENTATION" = "UNSIGNED"
Info (12021): Found 1 design units, including 1 entities, in source file db/lpm_divide_42m.tdf
    Info (12023): Found entity 1: lpm_divide_42m File: D:/Study/Github_ESD/ESD/SEM1/Digital/Lab7/Week7/Verilog/db/lpm_divide_42m.tdf Line: 25
Info (12021): Found 1 design units, including 1 entities, in source file db/sign_div_unsign_7kh.tdf
    Info (12023): Found entity 1: sign_div_unsign_7kh File: D:/Study/Github_ESD/ESD/SEM1/Digital/Lab7/Week7/Verilog/db/sign_div_unsign_7kh.tdf Line: 25
Info (12021): Found 1 design units, including 1 entities, in source file db/alt_u_div_kse.tdf
    Info (12023): Found entity 1: alt_u_div_kse File: D:/Study/Github_ESD/ESD/SEM1/Digital/Lab7/Week7/Verilog/db/alt_u_div_kse.tdf Line: 23
Info (12130): Elaborated megafunction instantiation "lpm_divide:Mod2" File: D:/Study/Github_ESD/ESD/SEM1/Digital/Lab7/Week7/Verilog/MTran_Lab7_Verilog_MagnitudeComparator.v Line: 136
Info (12133): Instantiated megafunction "lpm_divide:Mod2" with the following parameter: File: D:/Study/Github_ESD/ESD/SEM1/Digital/Lab7/Week7/Verilog/MTran_Lab7_Verilog_MagnitudeComparator.v Line: 136
    Info (12134): Parameter "LPM_WIDTHN" = "32"
    Info (12134): Parameter "LPM_WIDTHD" = "4"
    Info (12134): Parameter "LPM_NREPRESENTATION" = "UNSIGNED"
    Info (12134): Parameter "LPM_DREPRESENTATION" = "UNSIGNED"
Info (12021): Found 1 design units, including 1 entities, in source file db/lpm_divide_l3m.tdf
    Info (12023): Found entity 1: lpm_divide_l3m File: D:/Study/Github_ESD/ESD/SEM1/Digital/Lab7/Week7/Verilog/db/lpm_divide_l3m.tdf Line: 25
Info (12021): Found 1 design units, including 1 entities, in source file db/sign_div_unsign_olh.tdf
    Info (12023): Found entity 1: sign_div_unsign_olh File: D:/Study/Github_ESD/ESD/SEM1/Digital/Lab7/Week7/Verilog/db/sign_div_unsign_olh.tdf Line: 25
Info (12021): Found 1 design units, including 1 entities, in source file db/alt_u_div_mve.tdf
    Info (12023): Found entity 1: alt_u_div_mve File: D:/Study/Github_ESD/ESD/SEM1/Digital/Lab7/Week7/Verilog/db/alt_u_div_mve.tdf Line: 23
Info (12130): Elaborated megafunction instantiation "lpm_divide:Div2" File: D:/Study/Github_ESD/ESD/SEM1/Digital/Lab7/Week7/Verilog/MTran_Lab7_Verilog_MagnitudeComparator.v Line: 137
Info (12133): Instantiated megafunction "lpm_divide:Div2" with the following parameter: File: D:/Study/Github_ESD/ESD/SEM1/Digital/Lab7/Week7/Verilog/MTran_Lab7_Verilog_MagnitudeComparator.v Line: 137
    Info (12134): Parameter "LPM_WIDTHN" = "32"
    Info (12134): Parameter "LPM_WIDTHD" = "4"
    Info (12134): Parameter "LPM_NREPRESENTATION" = "UNSIGNED"
    Info (12134): Parameter "LPM_DREPRESENTATION" = "UNSIGNED"
Info (12021): Found 1 design units, including 1 entities, in source file db/lpm_divide_ibm.tdf
    Info (12023): Found entity 1: lpm_divide_ibm File: D:/Study/Github_ESD/ESD/SEM1/Digital/Lab7/Week7/Verilog/db/lpm_divide_ibm.tdf Line: 25
Info (286030): Timing-Driven Synthesis is running
Info (16010): Generating hard_block partition "hard_block:auto_generated_inst"
    Info (16011): Adding 0 node(s), including 0 DDIO, 0 PLL, 0 transceiver and 0 LCELL
Info (21057): Implemented 4760 device resources after synthesis - the final resource count might be different
    Info (21058): Implemented 11 input pins
    Info (21059): Implemented 45 output pins
    Info (21061): Implemented 4704 logic cells
Info: Quartus Prime Analysis & Synthesis was successful. 0 errors, 1 warning
    Info: Peak virtual memory: 4907 megabytes
    Info: Processing ended: Fri Jul 12 07:21:44 2024
    Info: Elapsed time: 00:00:35
    Info: Total CPU time (on all processors): 00:00:16


