Analysis & Synthesis report for MTran_Lab10_VHDL_CrosswalkController
Thu Aug  1 15:37:12 2024
Quartus Prime Version 23.1std.0 Build 991 11/28/2023 SC Lite Edition


---------------------
; Table of Contents ;
---------------------
  1. Legal Notice
  2. Analysis & Synthesis Summary
  3. Analysis & Synthesis Settings
  4. Parallel Compilation
  5. Analysis & Synthesis Source Files Read
  6. Analysis & Synthesis Resource Usage Summary
  7. Analysis & Synthesis Resource Utilization by Entity
  8. State Machine - |MTran_Lab10_VHDL_CrosswalkController|CurrentState
  9. Registers Removed During Synthesis
 10. General Register Statistics
 11. Inverted Register Statistics
 12. Multiplexer Restructuring Statistics (Restructuring Performed)
 13. Parameter Settings for Inferred Entity Instance: lpm_divide:Mod0
 14. Parameter Settings for Inferred Entity Instance: lpm_divide:Div0
 15. Post-Synthesis Netlist Statistics for Top Partition
 16. Elapsed Time Per Partition
 17. Analysis & Synthesis Messages



----------------
; Legal Notice ;
----------------
Copyright (C) 2023  Intel Corporation. All rights reserved.
Your use of Intel Corporation's design tools, logic functions 
and other software and tools, and any partner logic 
functions, and any output files from any of the foregoing 
(including device programming or simulation files), and any 
associated documentation or information are expressly subject 
to the terms and conditions of the Intel Program License 
Subscription Agreement, the Intel Quartus Prime License Agreement,
the Intel FPGA IP License Agreement, or other applicable license
agreement, including, without limitation, that your use is for
the sole purpose of programming logic devices manufactured by
Intel and sold by Intel or its authorized distributors.  Please
refer to the applicable agreement for further details, at
https://fpgasoftware.intel.com/eula.



+----------------------------------------------------------------------------------+
; Analysis & Synthesis Summary                                                     ;
+---------------------------------+------------------------------------------------+
; Analysis & Synthesis Status     ; Successful - Thu Aug  1 15:37:12 2024          ;
; Quartus Prime Version           ; 23.1std.0 Build 991 11/28/2023 SC Lite Edition ;
; Revision Name                   ; MTran_Lab10_VHDL_CrosswalkController           ;
; Top-level Entity Name           ; MTran_Lab10_VHDL_CrosswalkController           ;
; Family                          ; Cyclone V                                      ;
; Logic utilization (in ALMs)     ; N/A                                            ;
; Total registers                 ; 100                                            ;
; Total pins                      ; 24                                             ;
; Total virtual pins              ; 0                                              ;
; Total block memory bits         ; 0                                              ;
; Total DSP Blocks                ; 0                                              ;
; Total HSSI RX PCSs              ; 0                                              ;
; Total HSSI PMA RX Deserializers ; 0                                              ;
; Total HSSI TX PCSs              ; 0                                              ;
; Total HSSI PMA TX Serializers   ; 0                                              ;
; Total PLLs                      ; 0                                              ;
; Total DLLs                      ; 0                                              ;
+---------------------------------+------------------------------------------------+


+---------------------------------------------------------------------------------------------------------------------------------------------------------------+
; Analysis & Synthesis Settings                                                                                                                                 ;
+---------------------------------------------------------------------------------+--------------------------------------+--------------------------------------+
; Option                                                                          ; Setting                              ; Default Value                        ;
+---------------------------------------------------------------------------------+--------------------------------------+--------------------------------------+
; Device                                                                          ; 5CSEMA5F31C6                         ;                                      ;
; Top-level entity name                                                           ; MTran_Lab10_VHDL_CrosswalkController ; MTran_Lab10_VHDL_CrosswalkController ;
; Family name                                                                     ; Cyclone V                            ; Cyclone V                            ;
; Use smart compilation                                                           ; Off                                  ; Off                                  ;
; Enable parallel Assembler and Timing Analyzer during compilation                ; On                                   ; On                                   ;
; Enable compact report table                                                     ; Off                                  ; Off                                  ;
; Restructure Multiplexers                                                        ; Auto                                 ; Auto                                 ;
; MLAB Add Timing Constraints For Mixed-Port Feed-Through Mode Setting Don't Care ; Off                                  ; Off                                  ;
; Create Debugging Nodes for IP Cores                                             ; Off                                  ; Off                                  ;
; Preserve fewer node names                                                       ; On                                   ; On                                   ;
; Intel FPGA IP Evaluation Mode                                                   ; Enable                               ; Enable                               ;
; Verilog Version                                                                 ; Verilog_2001                         ; Verilog_2001                         ;
; VHDL Version                                                                    ; VHDL_1993                            ; VHDL_1993                            ;
; State Machine Processing                                                        ; Auto                                 ; Auto                                 ;
; Safe State Machine                                                              ; Off                                  ; Off                                  ;
; Extract Verilog State Machines                                                  ; On                                   ; On                                   ;
; Extract VHDL State Machines                                                     ; On                                   ; On                                   ;
; Ignore Verilog initial constructs                                               ; Off                                  ; Off                                  ;
; Iteration limit for constant Verilog loops                                      ; 5000                                 ; 5000                                 ;
; Iteration limit for non-constant Verilog loops                                  ; 250                                  ; 250                                  ;
; Add Pass-Through Logic to Inferred RAMs                                         ; On                                   ; On                                   ;
; Infer RAMs from Raw Logic                                                       ; On                                   ; On                                   ;
; Parallel Synthesis                                                              ; On                                   ; On                                   ;
; DSP Block Balancing                                                             ; Auto                                 ; Auto                                 ;
; NOT Gate Push-Back                                                              ; On                                   ; On                                   ;
; Power-Up Don't Care                                                             ; On                                   ; On                                   ;
; Remove Redundant Logic Cells                                                    ; Off                                  ; Off                                  ;
; Remove Duplicate Registers                                                      ; On                                   ; On                                   ;
; Ignore CARRY Buffers                                                            ; Off                                  ; Off                                  ;
; Ignore CASCADE Buffers                                                          ; Off                                  ; Off                                  ;
; Ignore GLOBAL Buffers                                                           ; Off                                  ; Off                                  ;
; Ignore ROW GLOBAL Buffers                                                       ; Off                                  ; Off                                  ;
; Ignore LCELL Buffers                                                            ; Off                                  ; Off                                  ;
; Ignore SOFT Buffers                                                             ; On                                   ; On                                   ;
; Limit AHDL Integers to 32 Bits                                                  ; Off                                  ; Off                                  ;
; Optimization Technique                                                          ; Balanced                             ; Balanced                             ;
; Carry Chain Length                                                              ; 70                                   ; 70                                   ;
; Auto Carry Chains                                                               ; On                                   ; On                                   ;
; Auto Open-Drain Pins                                                            ; On                                   ; On                                   ;
; Perform WYSIWYG Primitive Resynthesis                                           ; Off                                  ; Off                                  ;
; Auto ROM Replacement                                                            ; On                                   ; On                                   ;
; Auto RAM Replacement                                                            ; On                                   ; On                                   ;
; Auto DSP Block Replacement                                                      ; On                                   ; On                                   ;
; Auto Shift Register Replacement                                                 ; Auto                                 ; Auto                                 ;
; Allow Shift Register Merging across Hierarchies                                 ; Auto                                 ; Auto                                 ;
; Auto Clock Enable Replacement                                                   ; On                                   ; On                                   ;
; Strict RAM Replacement                                                          ; Off                                  ; Off                                  ;
; Allow Synchronous Control Signals                                               ; On                                   ; On                                   ;
; Force Use of Synchronous Clear Signals                                          ; Off                                  ; Off                                  ;
; Auto Resource Sharing                                                           ; Off                                  ; Off                                  ;
; Allow Any RAM Size For Recognition                                              ; Off                                  ; Off                                  ;
; Allow Any ROM Size For Recognition                                              ; Off                                  ; Off                                  ;
; Allow Any Shift Register Size For Recognition                                   ; Off                                  ; Off                                  ;
; Use LogicLock Constraints during Resource Balancing                             ; On                                   ; On                                   ;
; Ignore translate_off and synthesis_off directives                               ; Off                                  ; Off                                  ;
; Timing-Driven Synthesis                                                         ; On                                   ; On                                   ;
; Report Parameter Settings                                                       ; On                                   ; On                                   ;
; Report Source Assignments                                                       ; On                                   ; On                                   ;
; Report Connectivity Checks                                                      ; On                                   ; On                                   ;
; Ignore Maximum Fan-Out Assignments                                              ; Off                                  ; Off                                  ;
; Synchronization Register Chain Length                                           ; 3                                    ; 3                                    ;
; Power Optimization During Synthesis                                             ; Normal compilation                   ; Normal compilation                   ;
; HDL message level                                                               ; Level2                               ; Level2                               ;
; Suppress Register Optimization Related Messages                                 ; Off                                  ; Off                                  ;
; Number of Removed Registers Reported in Synthesis Report                        ; 5000                                 ; 5000                                 ;
; Number of Swept Nodes Reported in Synthesis Report                              ; 5000                                 ; 5000                                 ;
; Number of Inverted Registers Reported in Synthesis Report                       ; 100                                  ; 100                                  ;
; Clock MUX Protection                                                            ; On                                   ; On                                   ;
; Auto Gated Clock Conversion                                                     ; Off                                  ; Off                                  ;
; Block Design Naming                                                             ; Auto                                 ; Auto                                 ;
; SDC constraint protection                                                       ; Off                                  ; Off                                  ;
; Synthesis Effort                                                                ; Auto                                 ; Auto                                 ;
; Shift Register Replacement - Allow Asynchronous Clear Signal                    ; On                                   ; On                                   ;
; Pre-Mapping Resynthesis Optimization                                            ; Off                                  ; Off                                  ;
; Analysis & Synthesis Message Level                                              ; Medium                               ; Medium                               ;
; Disable Register Merging Across Hierarchies                                     ; Auto                                 ; Auto                                 ;
; Resource Aware Inference For Block RAM                                          ; On                                   ; On                                   ;
; Automatic Parallel Synthesis                                                    ; On                                   ; On                                   ;
; Partial Reconfiguration Bitstream ID                                            ; Off                                  ; Off                                  ;
+---------------------------------------------------------------------------------+--------------------------------------+--------------------------------------+


+------------------------------------------+
; Parallel Compilation                     ;
+----------------------------+-------------+
; Processors                 ; Number      ;
+----------------------------+-------------+
; Number detected on machine ; 12          ;
; Maximum allowed            ; 10          ;
;                            ;             ;
; Average used               ; 1.00        ;
; Maximum used               ; 10          ;
;                            ;             ;
; Usage by Processor         ; % Time Used ;
;     Processor 1            ; 100.0%      ;
;     Processor 2            ;   0.0%      ;
;     Processor 3            ;   0.0%      ;
;     Processor 4            ;   0.0%      ;
;     Processor 5            ;   0.0%      ;
;     Processor 6            ;   0.0%      ;
;     Processor 7            ;   0.0%      ;
;     Processor 8            ;   0.0%      ;
;     Processors 9-10        ;   0.0%      ;
+----------------------------+-------------+


+------------------------------------------------------------------------------------------------------------------------------------------------------------------------------------------------+
; Analysis & Synthesis Source Files Read                                                                                                                                                         ;
+------------------------------------------+-----------------+------------------------------+------------------------------------------------------------------------------------------+---------+
; File Name with User-Entered Path         ; Used in Netlist ; File Type                    ; File Name with Absolute Path                                                             ; Library ;
+------------------------------------------+-----------------+------------------------------+------------------------------------------------------------------------------------------+---------+
; MTran_Lab10_VHDL_Timer.vhd               ; yes             ; User VHDL File               ; D:/Study/Github_ESD/ESD/SEM1/Digital/Lab10/VHDL/MTran_Lab10_VHDL_Timer.vhd               ;         ;
; MTran_Lab10_VHDL_CrosswalkController.vhd ; yes             ; User VHDL File               ; D:/Study/Github_ESD/ESD/SEM1/Digital/Lab10/VHDL/MTran_Lab10_VHDL_CrosswalkController.vhd ;         ;
; lpm_divide.tdf                           ; yes             ; Megafunction                 ; d:/software/intelfpga_lite/quartus/libraries/megafunctions/lpm_divide.tdf                ;         ;
; abs_divider.inc                          ; yes             ; Megafunction                 ; d:/software/intelfpga_lite/quartus/libraries/megafunctions/abs_divider.inc               ;         ;
; sign_div_unsign.inc                      ; yes             ; Megafunction                 ; d:/software/intelfpga_lite/quartus/libraries/megafunctions/sign_div_unsign.inc           ;         ;
; aglobal231.inc                           ; yes             ; Megafunction                 ; d:/software/intelfpga_lite/quartus/libraries/megafunctions/aglobal231.inc                ;         ;
; db/lpm_divide_uio.tdf                    ; yes             ; Auto-Generated Megafunction  ; D:/Study/Github_ESD/ESD/SEM1/Digital/Lab10/VHDL/db/lpm_divide_uio.tdf                    ;         ;
; db/abs_divider_4dg.tdf                   ; yes             ; Auto-Generated Megafunction  ; D:/Study/Github_ESD/ESD/SEM1/Digital/Lab10/VHDL/db/abs_divider_4dg.tdf                   ;         ;
; db/alt_u_div_o2f.tdf                     ; yes             ; Auto-Generated Megafunction  ; D:/Study/Github_ESD/ESD/SEM1/Digital/Lab10/VHDL/db/alt_u_div_o2f.tdf                     ;         ;
; db/lpm_abs_4p9.tdf                       ; yes             ; Auto-Generated Megafunction  ; D:/Study/Github_ESD/ESD/SEM1/Digital/Lab10/VHDL/db/lpm_abs_4p9.tdf                       ;         ;
; db/lpm_divide_bpo.tdf                    ; yes             ; Auto-Generated Megafunction  ; D:/Study/Github_ESD/ESD/SEM1/Digital/Lab10/VHDL/db/lpm_divide_bpo.tdf                    ;         ;
; db/abs_divider_kbg.tdf                   ; yes             ; Auto-Generated Megafunction  ; D:/Study/Github_ESD/ESD/SEM1/Digital/Lab10/VHDL/db/abs_divider_kbg.tdf                   ;         ;
; db/alt_u_div_ove.tdf                     ; yes             ; Auto-Generated Megafunction  ; D:/Study/Github_ESD/ESD/SEM1/Digital/Lab10/VHDL/db/alt_u_div_ove.tdf                     ;         ;
; db/lpm_abs_kn9.tdf                       ; yes             ; Auto-Generated Megafunction  ; D:/Study/Github_ESD/ESD/SEM1/Digital/Lab10/VHDL/db/lpm_abs_kn9.tdf                       ;         ;
+------------------------------------------+-----------------+------------------------------+------------------------------------------------------------------------------------------+---------+


+----------------------------------------------------------------------------------------------------+
; Analysis & Synthesis Resource Usage Summary                                                        ;
+---------------------------------------------+------------------------------------------------------+
; Resource                                    ; Usage                                                ;
+---------------------------------------------+------------------------------------------------------+
; Estimate of Logic utilization (ALMs needed) ; 1105                                                 ;
;                                             ;                                                      ;
; Combinational ALUT usage for logic          ; 2164                                                 ;
;     -- 7 input functions                    ; 1                                                    ;
;     -- 6 input functions                    ; 43                                                   ;
;     -- 5 input functions                    ; 47                                                   ;
;     -- 4 input functions                    ; 613                                                  ;
;     -- <=3 input functions                  ; 1460                                                 ;
;                                             ;                                                      ;
; Dedicated logic registers                   ; 100                                                  ;
;                                             ;                                                      ;
; I/O pins                                    ; 24                                                   ;
;                                             ;                                                      ;
; Total DSP Blocks                            ; 0                                                    ;
;                                             ;                                                      ;
; Maximum fan-out node                        ; MTran_Lab10_VHDL_Timer:module_timer|Seconds[31]~reg0 ;
; Maximum fan-out                             ; 158                                                  ;
; Total fan-out                               ; 7221                                                 ;
; Average fan-out                             ; 3.12                                                 ;
+---------------------------------------------+------------------------------------------------------+


+----------------------------------------------------------------------------------------------------------------------------------------------------------------------------------------------------------------------------------------------------------------------------------------------------------------------------------------------+
; Analysis & Synthesis Resource Utilization by Entity                                                                                                                                                                                                                                                                                          ;
+------------------------------------------+---------------------+---------------------------+-------------------+------------+------+--------------+------------------------------------------------------------------------------------------------------------------------------------+--------------------------------------+--------------+
; Compilation Hierarchy Node               ; Combinational ALUTs ; Dedicated Logic Registers ; Block Memory Bits ; DSP Blocks ; Pins ; Virtual Pins ; Full Hierarchy Name                                                                                                                ; Entity Name                          ; Library Name ;
+------------------------------------------+---------------------+---------------------------+-------------------+------------+------+--------------+------------------------------------------------------------------------------------------------------------------------------------+--------------------------------------+--------------+
; |MTran_Lab10_VHDL_CrosswalkController    ; 2164 (159)          ; 100 (36)                  ; 0                 ; 0          ; 24   ; 0            ; |MTran_Lab10_VHDL_CrosswalkController                                                                                              ; MTran_Lab10_VHDL_CrosswalkController ; work         ;
;    |MTran_Lab10_VHDL_Timer:module_timer| ; 76 (76)             ; 64 (64)                   ; 0                 ; 0          ; 0    ; 0            ; |MTran_Lab10_VHDL_CrosswalkController|MTran_Lab10_VHDL_Timer:module_timer                                                          ; MTran_Lab10_VHDL_Timer               ; work         ;
;    |lpm_divide:Div0|                     ; 486 (0)             ; 0 (0)                     ; 0                 ; 0          ; 0    ; 0            ; |MTran_Lab10_VHDL_CrosswalkController|lpm_divide:Div0                                                                              ; lpm_divide                           ; work         ;
;       |lpm_divide_bpo:auto_generated|    ; 486 (0)             ; 0 (0)                     ; 0                 ; 0          ; 0    ; 0            ; |MTran_Lab10_VHDL_CrosswalkController|lpm_divide:Div0|lpm_divide_bpo:auto_generated                                                ; lpm_divide_bpo                       ; work         ;
;          |abs_divider_kbg:divider|       ; 486 (35)            ; 0 (0)                     ; 0                 ; 0          ; 0    ; 0            ; |MTran_Lab10_VHDL_CrosswalkController|lpm_divide:Div0|lpm_divide_bpo:auto_generated|abs_divider_kbg:divider                        ; abs_divider_kbg                      ; work         ;
;             |alt_u_div_ove:divider|      ; 419 (419)           ; 0 (0)                     ; 0                 ; 0          ; 0    ; 0            ; |MTran_Lab10_VHDL_CrosswalkController|lpm_divide:Div0|lpm_divide_bpo:auto_generated|abs_divider_kbg:divider|alt_u_div_ove:divider  ; alt_u_div_ove                        ; work         ;
;             |lpm_abs_4p9:my_abs_num|     ; 32 (32)             ; 0 (0)                     ; 0                 ; 0          ; 0    ; 0            ; |MTran_Lab10_VHDL_CrosswalkController|lpm_divide:Div0|lpm_divide_bpo:auto_generated|abs_divider_kbg:divider|lpm_abs_4p9:my_abs_num ; lpm_abs_4p9                          ; work         ;
;    |lpm_divide:Mod0|                     ; 1443 (0)            ; 0 (0)                     ; 0                 ; 0          ; 0    ; 0            ; |MTran_Lab10_VHDL_CrosswalkController|lpm_divide:Mod0                                                                              ; lpm_divide                           ; work         ;
;       |lpm_divide_uio:auto_generated|    ; 1443 (0)            ; 0 (0)                     ; 0                 ; 0          ; 0    ; 0            ; |MTran_Lab10_VHDL_CrosswalkController|lpm_divide:Mod0|lpm_divide_uio:auto_generated                                                ; lpm_divide_uio                       ; work         ;
;          |abs_divider_4dg:divider|       ; 1443 (74)           ; 0 (0)                     ; 0                 ; 0          ; 0    ; 0            ; |MTran_Lab10_VHDL_CrosswalkController|lpm_divide:Mod0|lpm_divide_uio:auto_generated|abs_divider_4dg:divider                        ; abs_divider_4dg                      ; work         ;
;             |alt_u_div_o2f:divider|      ; 1337 (1337)         ; 0 (0)                     ; 0                 ; 0          ; 0    ; 0            ; |MTran_Lab10_VHDL_CrosswalkController|lpm_divide:Mod0|lpm_divide_uio:auto_generated|abs_divider_4dg:divider|alt_u_div_o2f:divider  ; alt_u_div_o2f                        ; work         ;
;             |lpm_abs_4p9:my_abs_num|     ; 32 (32)             ; 0 (0)                     ; 0                 ; 0          ; 0    ; 0            ; |MTran_Lab10_VHDL_CrosswalkController|lpm_divide:Mod0|lpm_divide_uio:auto_generated|abs_divider_4dg:divider|lpm_abs_4p9:my_abs_num ; lpm_abs_4p9                          ; work         ;
+------------------------------------------+---------------------+---------------------------+-------------------+------------+------+--------------+------------------------------------------------------------------------------------------------------------------------------------+--------------------------------------+--------------+
Note: For table entries with two numbers listed, the numbers in parentheses indicate the number of resources of the given type used by the specific entity alone. The numbers listed outside of parentheses indicate the total resources of the given type used by the specific entity and all of its sub-entities in the hierarchy.


Encoding Type:  One-Hot
+-------------------------------------------------------------------------------------------------------------------------------------------------------------------------------------------------------------------------------------------------------------------------------------------------------------------------------+
; State Machine - |MTran_Lab10_VHDL_CrosswalkController|CurrentState                                                                                                                                                                                                                                                            ;
+--------------------------+-----------------------+-----------------------+-----------------------+------------------+--------------------------+--------------------------+--------------------------+---------------------+-------------------------+-------------------------+-------------------------+--------------------+
; Name                     ; CurrentState.REDWAIT3 ; CurrentState.REDWAIT2 ; CurrentState.REDWAIT1 ; CurrentState.RED ; CurrentState.YELLOWWAIT3 ; CurrentState.YELLOWWAIT2 ; CurrentState.YELLOWWAIT1 ; CurrentState.YELLOW ; CurrentState.GREENWAIT3 ; CurrentState.GREENWAIT2 ; CurrentState.GREENWAIT1 ; CurrentState.GREEN ;
+--------------------------+-----------------------+-----------------------+-----------------------+------------------+--------------------------+--------------------------+--------------------------+---------------------+-------------------------+-------------------------+-------------------------+--------------------+
; CurrentState.GREEN       ; 0                     ; 0                     ; 0                     ; 0                ; 0                        ; 0                        ; 0                        ; 0                   ; 0                       ; 0                       ; 0                       ; 0                  ;
; CurrentState.GREENWAIT1  ; 0                     ; 0                     ; 0                     ; 0                ; 0                        ; 0                        ; 0                        ; 0                   ; 0                       ; 0                       ; 1                       ; 1                  ;
; CurrentState.GREENWAIT2  ; 0                     ; 0                     ; 0                     ; 0                ; 0                        ; 0                        ; 0                        ; 0                   ; 0                       ; 1                       ; 0                       ; 1                  ;
; CurrentState.GREENWAIT3  ; 0                     ; 0                     ; 0                     ; 0                ; 0                        ; 0                        ; 0                        ; 0                   ; 1                       ; 0                       ; 0                       ; 1                  ;
; CurrentState.YELLOW      ; 0                     ; 0                     ; 0                     ; 0                ; 0                        ; 0                        ; 0                        ; 1                   ; 0                       ; 0                       ; 0                       ; 1                  ;
; CurrentState.YELLOWWAIT1 ; 0                     ; 0                     ; 0                     ; 0                ; 0                        ; 0                        ; 1                        ; 0                   ; 0                       ; 0                       ; 0                       ; 1                  ;
; CurrentState.YELLOWWAIT2 ; 0                     ; 0                     ; 0                     ; 0                ; 0                        ; 1                        ; 0                        ; 0                   ; 0                       ; 0                       ; 0                       ; 1                  ;
; CurrentState.YELLOWWAIT3 ; 0                     ; 0                     ; 0                     ; 0                ; 1                        ; 0                        ; 0                        ; 0                   ; 0                       ; 0                       ; 0                       ; 1                  ;
; CurrentState.RED         ; 0                     ; 0                     ; 0                     ; 1                ; 0                        ; 0                        ; 0                        ; 0                   ; 0                       ; 0                       ; 0                       ; 1                  ;
; CurrentState.REDWAIT1    ; 0                     ; 0                     ; 1                     ; 0                ; 0                        ; 0                        ; 0                        ; 0                   ; 0                       ; 0                       ; 0                       ; 1                  ;
; CurrentState.REDWAIT2    ; 0                     ; 1                     ; 0                     ; 0                ; 0                        ; 0                        ; 0                        ; 0                   ; 0                       ; 0                       ; 0                       ; 1                  ;
; CurrentState.REDWAIT3    ; 1                     ; 0                     ; 0                     ; 0                ; 0                        ; 0                        ; 0                        ; 0                   ; 0                       ; 0                       ; 0                       ; 1                  ;
+--------------------------+-----------------------+-----------------------+-----------------------+------------------+--------------------------+--------------------------+--------------------------+---------------------+-------------------------+-------------------------+-------------------------+--------------------+


+---------------------------------------------------------------------------------+
; Registers Removed During Synthesis                                              ;
+----------------------------------------+----------------------------------------+
; Register name                          ; Reason for Removal                     ;
+----------------------------------------+----------------------------------------+
; MaxTime[4..31]                         ; Stuck at GND due to stuck port data_in ;
; RGB_LED[0]~reg0                        ; Stuck at GND due to stuck port data_in ;
; RGB_LED[1]~reg0                        ; Merged with LED_W[1]~reg0              ;
; LED_W[0]~reg0                          ; Merged with LED_R[2]~reg0              ;
; Total Number of Removed Registers = 31 ;                                        ;
+----------------------------------------+----------------------------------------+


+------------------------------------------------------+
; General Register Statistics                          ;
+----------------------------------------------+-------+
; Statistic                                    ; Value ;
+----------------------------------------------+-------+
; Total registers                              ; 100   ;
; Number of registers using Synchronous Clear  ; 60    ;
; Number of registers using Synchronous Load   ; 0     ;
; Number of registers using Asynchronous Clear ; 0     ;
; Number of registers using Asynchronous Load  ; 0     ;
; Number of registers using Clock Enable       ; 78    ;
; Number of registers using Preset             ; 0     ;
+----------------------------------------------+-------+


+--------------------------------------------------+
; Inverted Register Statistics                     ;
+----------------------------------------+---------+
; Inverted Register                      ; Fan out ;
+----------------------------------------+---------+
; MaxTime[1]                             ; 2       ;
; MaxTime[3]                             ; 2       ;
; Total number of inverted registers = 2 ;         ;
+----------------------------------------+---------+


+----------------------------------------------------------------------------------------------------------------------------------------------------------------------------------------------------------+
; Multiplexer Restructuring Statistics (Restructuring Performed)                                                                                                                                           ;
+--------------------+-----------+---------------+----------------------+------------------------+------------+--------------------------------------------------------------------------------------------+
; Multiplexer Inputs ; Bus Width ; Baseline Area ; Area if Restructured ; Saving if Restructured ; Registered ; Example Multiplexer Output                                                                 ;
+--------------------+-----------+---------------+----------------------+------------------------+------------+--------------------------------------------------------------------------------------------+
; 3:1                ; 28 bits   ; 56 LEs        ; 0 LEs                ; 56 LEs                 ; Yes        ; |MTran_Lab10_VHDL_CrosswalkController|MTran_Lab10_VHDL_Timer:module_timer|Seconds[29]~reg0 ;
; 3:1                ; 4 bits    ; 8 LEs         ; 4 LEs                ; 4 LEs                  ; Yes        ; |MTran_Lab10_VHDL_CrosswalkController|MTran_Lab10_VHDL_Timer:module_timer|Seconds[3]~reg0  ;
; 5:1                ; 14 bits   ; 42 LEs        ; 14 LEs               ; 28 LEs                 ; Yes        ; |MTran_Lab10_VHDL_CrosswalkController|HEX0[0]~reg0                                         ;
+--------------------+-----------+---------------+----------------------+------------------------+------------+--------------------------------------------------------------------------------------------+


+------------------------------------------------------------------+
; Parameter Settings for Inferred Entity Instance: lpm_divide:Mod0 ;
+------------------------+----------------+------------------------+
; Parameter Name         ; Value          ; Type                   ;
+------------------------+----------------+------------------------+
; LPM_WIDTHN             ; 32             ; Untyped                ;
; LPM_WIDTHD             ; 32             ; Untyped                ;
; LPM_NREPRESENTATION    ; SIGNED         ; Untyped                ;
; LPM_DREPRESENTATION    ; SIGNED         ; Untyped                ;
; LPM_PIPELINE           ; 0              ; Untyped                ;
; LPM_REMAINDERPOSITIVE  ; FALSE          ; Untyped                ;
; MAXIMIZE_SPEED         ; 5              ; Untyped                ;
; CBXI_PARAMETER         ; lpm_divide_uio ; Untyped                ;
; CARRY_CHAIN            ; MANUAL         ; Untyped                ;
; OPTIMIZE_FOR_SPEED     ; 5              ; Untyped                ;
; AUTO_CARRY_CHAINS      ; ON             ; AUTO_CARRY             ;
; IGNORE_CARRY_BUFFERS   ; OFF            ; IGNORE_CARRY           ;
; AUTO_CASCADE_CHAINS    ; ON             ; AUTO_CASCADE           ;
; IGNORE_CASCADE_BUFFERS ; OFF            ; IGNORE_CASCADE         ;
+------------------------+----------------+------------------------+
Note: In order to hide this table in the UI and the text report file, please set the "Show Parameter Settings in Synthesis Report" option in "Analysis and Synthesis Settings -> More Settings" to "Off".


+------------------------------------------------------------------+
; Parameter Settings for Inferred Entity Instance: lpm_divide:Div0 ;
+------------------------+----------------+------------------------+
; Parameter Name         ; Value          ; Type                   ;
+------------------------+----------------+------------------------+
; LPM_WIDTHN             ; 32             ; Untyped                ;
; LPM_WIDTHD             ; 5              ; Untyped                ;
; LPM_NREPRESENTATION    ; SIGNED         ; Untyped                ;
; LPM_DREPRESENTATION    ; SIGNED         ; Untyped                ;
; LPM_PIPELINE           ; 0              ; Untyped                ;
; LPM_REMAINDERPOSITIVE  ; FALSE          ; Untyped                ;
; MAXIMIZE_SPEED         ; 5              ; Untyped                ;
; CBXI_PARAMETER         ; lpm_divide_bpo ; Untyped                ;
; CARRY_CHAIN            ; MANUAL         ; Untyped                ;
; OPTIMIZE_FOR_SPEED     ; 5              ; Untyped                ;
; AUTO_CARRY_CHAINS      ; ON             ; AUTO_CARRY             ;
; IGNORE_CARRY_BUFFERS   ; OFF            ; IGNORE_CARRY           ;
; AUTO_CASCADE_CHAINS    ; ON             ; AUTO_CASCADE           ;
; IGNORE_CASCADE_BUFFERS ; OFF            ; IGNORE_CASCADE         ;
+------------------------+----------------+------------------------+
Note: In order to hide this table in the UI and the text report file, please set the "Show Parameter Settings in Synthesis Report" option in "Analysis and Synthesis Settings -> More Settings" to "Off".


+-----------------------------------------------------+
; Post-Synthesis Netlist Statistics for Top Partition ;
+-----------------------+-----------------------------+
; Type                  ; Count                       ;
+-----------------------+-----------------------------+
; arriav_ff             ; 100                         ;
;     ENA               ; 18                          ;
;     ENA SCLR          ; 60                          ;
;     plain             ; 22                          ;
; arriav_lcell_comb     ; 2165                        ;
;     arith             ; 1051                        ;
;         0 data inputs ; 117                         ;
;         1 data inputs ; 180                         ;
;         2 data inputs ; 97                          ;
;         3 data inputs ; 310                         ;
;         4 data inputs ; 347                         ;
;     extend            ; 1                           ;
;         7 data inputs ; 1                           ;
;     normal            ; 1103                        ;
;         0 data inputs ; 1                           ;
;         2 data inputs ; 659                         ;
;         3 data inputs ; 87                          ;
;         4 data inputs ; 266                         ;
;         5 data inputs ; 47                          ;
;         6 data inputs ; 43                          ;
;     shared            ; 10                          ;
;         0 data inputs ; 2                           ;
;         1 data inputs ; 8                           ;
; boundary_port         ; 24                          ;
;                       ;                             ;
; Max LUT depth         ; 92.50                       ;
; Average LUT depth     ; 73.00                       ;
+-----------------------+-----------------------------+


+-------------------------------+
; Elapsed Time Per Partition    ;
+----------------+--------------+
; Partition Name ; Elapsed Time ;
+----------------+--------------+
; Top            ; 00:00:04     ;
+----------------+--------------+


+-------------------------------+
; Analysis & Synthesis Messages ;
+-------------------------------+
Info: *******************************************************************
Info: Running Quartus Prime Analysis & Synthesis
    Info: Version 23.1std.0 Build 991 11/28/2023 SC Lite Edition
    Info: Processing started: Thu Aug  1 15:37:01 2024
Info: Command: quartus_map --read_settings_files=on --write_settings_files=off MTran_Lab10_VHDL_CrosswalkController -c MTran_Lab10_VHDL_CrosswalkController
Warning (18236): Number of processors has not been specified which may cause overloading on shared machines.  Set the global assignment NUM_PARALLEL_PROCESSORS in your QSF to an appropriate value for best performance.
Info (20030): Parallel compilation is enabled and will use 10 of the 10 processors detected
Info (12021): Found 2 design units, including 1 entities, in source file mtran_lab10_vhdl_timer.vhd
    Info (12022): Found design unit 1: MTran_Lab10_VHDL_Timer-RTL File: D:/Study/Github_ESD/ESD/SEM1/Digital/Lab10/VHDL/MTran_Lab10_VHDL_Timer.vhd Line: 18
    Info (12023): Found entity 1: MTran_Lab10_VHDL_Timer File: D:/Study/Github_ESD/ESD/SEM1/Digital/Lab10/VHDL/MTran_Lab10_VHDL_Timer.vhd Line: 4
Info (12021): Found 2 design units, including 1 entities, in source file mtran_lab10_vhdl_crosswalkcontroller.vhd
    Info (12022): Found design unit 1: MTran_Lab10_VHDL_CrosswalkController-Behavioral File: D:/Study/Github_ESD/ESD/SEM1/Digital/Lab10/VHDL/MTran_Lab10_VHDL_CrosswalkController.vhd Line: 22
    Info (12023): Found entity 1: MTran_Lab10_VHDL_CrosswalkController File: D:/Study/Github_ESD/ESD/SEM1/Digital/Lab10/VHDL/MTran_Lab10_VHDL_CrosswalkController.vhd Line: 4
Info (12127): Elaborating entity "MTran_Lab10_VHDL_CrosswalkController" for the top level hierarchy
Info (12128): Elaborating entity "MTran_Lab10_VHDL_Timer" for hierarchy "MTran_Lab10_VHDL_Timer:module_timer" File: D:/Study/Github_ESD/ESD/SEM1/Digital/Lab10/VHDL/MTran_Lab10_VHDL_CrosswalkController.vhd Line: 73
Info (278001): Inferred 2 megafunctions from design logic
    Info (278004): Inferred divider/modulo megafunction ("lpm_divide") from the following logic: "Mod0" File: D:/Study/Github_ESD/ESD/SEM1/Digital/Lab10/VHDL/MTran_Lab10_VHDL_CrosswalkController.vhd Line: 123
    Info (278004): Inferred divider/modulo megafunction ("lpm_divide") from the following logic: "Div0" File: D:/Study/Github_ESD/ESD/SEM1/Digital/Lab10/VHDL/MTran_Lab10_VHDL_CrosswalkController.vhd Line: 122
Info (12130): Elaborated megafunction instantiation "lpm_divide:Mod0" File: D:/Study/Github_ESD/ESD/SEM1/Digital/Lab10/VHDL/MTran_Lab10_VHDL_CrosswalkController.vhd Line: 123
Info (12133): Instantiated megafunction "lpm_divide:Mod0" with the following parameter: File: D:/Study/Github_ESD/ESD/SEM1/Digital/Lab10/VHDL/MTran_Lab10_VHDL_CrosswalkController.vhd Line: 123
    Info (12134): Parameter "LPM_WIDTHN" = "32"
    Info (12134): Parameter "LPM_WIDTHD" = "32"
    Info (12134): Parameter "LPM_NREPRESENTATION" = "SIGNED"
    Info (12134): Parameter "LPM_DREPRESENTATION" = "SIGNED"
    Info (12134): Parameter "LPM_HINT" = "LPM_REMAINDERPOSITIVE=FALSE"
Info (12021): Found 1 design units, including 1 entities, in source file db/lpm_divide_uio.tdf
    Info (12023): Found entity 1: lpm_divide_uio File: D:/Study/Github_ESD/ESD/SEM1/Digital/Lab10/VHDL/db/lpm_divide_uio.tdf Line: 25
Info (12021): Found 1 design units, including 1 entities, in source file db/abs_divider_4dg.tdf
    Info (12023): Found entity 1: abs_divider_4dg File: D:/Study/Github_ESD/ESD/SEM1/Digital/Lab10/VHDL/db/abs_divider_4dg.tdf Line: 27
Info (12021): Found 1 design units, including 1 entities, in source file db/alt_u_div_o2f.tdf
    Info (12023): Found entity 1: alt_u_div_o2f File: D:/Study/Github_ESD/ESD/SEM1/Digital/Lab10/VHDL/db/alt_u_div_o2f.tdf Line: 23
Info (12021): Found 1 design units, including 1 entities, in source file db/lpm_abs_4p9.tdf
    Info (12023): Found entity 1: lpm_abs_4p9 File: D:/Study/Github_ESD/ESD/SEM1/Digital/Lab10/VHDL/db/lpm_abs_4p9.tdf Line: 23
Info (12130): Elaborated megafunction instantiation "lpm_divide:Div0" File: D:/Study/Github_ESD/ESD/SEM1/Digital/Lab10/VHDL/MTran_Lab10_VHDL_CrosswalkController.vhd Line: 122
Info (12133): Instantiated megafunction "lpm_divide:Div0" with the following parameter: File: D:/Study/Github_ESD/ESD/SEM1/Digital/Lab10/VHDL/MTran_Lab10_VHDL_CrosswalkController.vhd Line: 122
    Info (12134): Parameter "LPM_WIDTHN" = "32"
    Info (12134): Parameter "LPM_WIDTHD" = "5"
    Info (12134): Parameter "LPM_NREPRESENTATION" = "SIGNED"
    Info (12134): Parameter "LPM_DREPRESENTATION" = "SIGNED"
    Info (12134): Parameter "LPM_HINT" = "LPM_REMAINDERPOSITIVE=FALSE"
Info (12021): Found 1 design units, including 1 entities, in source file db/lpm_divide_bpo.tdf
    Info (12023): Found entity 1: lpm_divide_bpo File: D:/Study/Github_ESD/ESD/SEM1/Digital/Lab10/VHDL/db/lpm_divide_bpo.tdf Line: 25
Info (12021): Found 1 design units, including 1 entities, in source file db/abs_divider_kbg.tdf
    Info (12023): Found entity 1: abs_divider_kbg File: D:/Study/Github_ESD/ESD/SEM1/Digital/Lab10/VHDL/db/abs_divider_kbg.tdf Line: 29
Info (12021): Found 1 design units, including 1 entities, in source file db/alt_u_div_ove.tdf
    Info (12023): Found entity 1: alt_u_div_ove File: D:/Study/Github_ESD/ESD/SEM1/Digital/Lab10/VHDL/db/alt_u_div_ove.tdf Line: 23
Info (12021): Found 1 design units, including 1 entities, in source file db/lpm_abs_kn9.tdf
    Info (12023): Found entity 1: lpm_abs_kn9 File: D:/Study/Github_ESD/ESD/SEM1/Digital/Lab10/VHDL/db/lpm_abs_kn9.tdf Line: 23
Warning (13024): Output pins are stuck at VCC or GND
    Warning (13410): Pin "RGB_LED[0]" is stuck at GND File: D:/Study/Github_ESD/ESD/SEM1/Digital/Lab10/VHDL/MTran_Lab10_VHDL_CrosswalkController.vhd Line: 88
Info (286030): Timing-Driven Synthesis is running
Info (16010): Generating hard_block partition "hard_block:auto_generated_inst"
    Info (16011): Adding 0 node(s), including 0 DDIO, 0 PLL, 0 transceiver and 0 LCELL
Info (21057): Implemented 2193 device resources after synthesis - the final resource count might be different
    Info (21058): Implemented 2 input pins
    Info (21059): Implemented 22 output pins
    Info (21061): Implemented 2169 logic cells
Info: Quartus Prime Analysis & Synthesis was successful. 0 errors, 3 warnings
    Info: Peak virtual memory: 4937 megabytes
    Info: Processing ended: Thu Aug  1 15:37:12 2024
    Info: Elapsed time: 00:00:11
    Info: Total CPU time (on all processors): 00:00:04


