Analysis & Synthesis report for MTran_Lab7_VHDL_MagnitudeComparator
Fri Jul 12 03:51:54 2024
Quartus Prime Version 23.1std.0 Build 991 11/28/2023 SC Lite Edition


---------------------
; Table of Contents ;
---------------------
  1. Legal Notice
  2. Analysis & Synthesis Summary
  3. Analysis & Synthesis Settings
  4. Parallel Compilation
  5. Analysis & Synthesis Source Files Read
  6. Analysis & Synthesis Resource Usage Summary
  7. Analysis & Synthesis Resource Utilization by Entity
  8. User-Specified and Inferred Latches
  9. Registers Removed During Synthesis
 10. General Register Statistics
 11. Multiplexer Restructuring Statistics (Restructuring Performed)
 12. Parameter Settings for Inferred Entity Instance: lpm_divide:Mod0
 13. Parameter Settings for Inferred Entity Instance: lpm_divide:Mod2
 14. Parameter Settings for Inferred Entity Instance: lpm_divide:Div0
 15. Parameter Settings for Inferred Entity Instance: lpm_divide:Div2
 16. Parameter Settings for Inferred Entity Instance: lpm_divide:Mod3
 17. Parameter Settings for Inferred Entity Instance: lpm_divide:Div3
 18. Parameter Settings for Inferred Entity Instance: lpm_divide:Mod1
 19. Parameter Settings for Inferred Entity Instance: lpm_divide:Mod4
 20. Parameter Settings for Inferred Entity Instance: lpm_divide:Div1
 21. Parameter Settings for Inferred Entity Instance: lpm_divide:Div4
 22. Post-Synthesis Netlist Statistics for Top Partition
 23. Elapsed Time Per Partition
 24. Analysis & Synthesis Messages



----------------
; Legal Notice ;
----------------
Copyright (C) 2023  Intel Corporation. All rights reserved.
Your use of Intel Corporation's design tools, logic functions 
and other software and tools, and any partner logic 
functions, and any output files from any of the foregoing 
(including device programming or simulation files), and any 
associated documentation or information are expressly subject 
to the terms and conditions of the Intel Program License 
Subscription Agreement, the Intel Quartus Prime License Agreement,
the Intel FPGA IP License Agreement, or other applicable license
agreement, including, without limitation, that your use is for
the sole purpose of programming logic devices manufactured by
Intel and sold by Intel or its authorized distributors.  Please
refer to the applicable agreement for further details, at
https://fpgasoftware.intel.com/eula.



+----------------------------------------------------------------------------------+
; Analysis & Synthesis Summary                                                     ;
+---------------------------------+------------------------------------------------+
; Analysis & Synthesis Status     ; Successful - Fri Jul 12 03:51:54 2024          ;
; Quartus Prime Version           ; 23.1std.0 Build 991 11/28/2023 SC Lite Edition ;
; Revision Name                   ; MTran_Lab7_VHDL_MagnitudeComparator            ;
; Top-level Entity Name           ; MTran_Lab7_VHDL_MagnitudeComparator            ;
; Family                          ; Cyclone V                                      ;
; Logic utilization (in ALMs)     ; N/A                                            ;
; Total registers                 ; 128                                            ;
; Total pins                      ; 55                                             ;
; Total virtual pins              ; 0                                              ;
; Total block memory bits         ; 0                                              ;
; Total DSP Blocks                ; 0                                              ;
; Total HSSI RX PCSs              ; 0                                              ;
; Total HSSI PMA RX Deserializers ; 0                                              ;
; Total HSSI TX PCSs              ; 0                                              ;
; Total HSSI PMA TX Serializers   ; 0                                              ;
; Total PLLs                      ; 0                                              ;
; Total DLLs                      ; 0                                              ;
+---------------------------------+------------------------------------------------+


+-------------------------------------------------------------------------------------------------------------------------------------------------------------+
; Analysis & Synthesis Settings                                                                                                                               ;
+---------------------------------------------------------------------------------+-------------------------------------+-------------------------------------+
; Option                                                                          ; Setting                             ; Default Value                       ;
+---------------------------------------------------------------------------------+-------------------------------------+-------------------------------------+
; Device                                                                          ; 5CSEMA5F31C6                        ;                                     ;
; Top-level entity name                                                           ; MTran_Lab7_VHDL_MagnitudeComparator ; MTran_Lab7_VHDL_MagnitudeComparator ;
; Family name                                                                     ; Cyclone V                           ; Cyclone V                           ;
; Use smart compilation                                                           ; Off                                 ; Off                                 ;
; Enable parallel Assembler and Timing Analyzer during compilation                ; On                                  ; On                                  ;
; Enable compact report table                                                     ; Off                                 ; Off                                 ;
; Restructure Multiplexers                                                        ; Auto                                ; Auto                                ;
; MLAB Add Timing Constraints For Mixed-Port Feed-Through Mode Setting Don't Care ; Off                                 ; Off                                 ;
; Create Debugging Nodes for IP Cores                                             ; Off                                 ; Off                                 ;
; Preserve fewer node names                                                       ; On                                  ; On                                  ;
; Intel FPGA IP Evaluation Mode                                                   ; Enable                              ; Enable                              ;
; Verilog Version                                                                 ; Verilog_2001                        ; Verilog_2001                        ;
; VHDL Version                                                                    ; VHDL_1993                           ; VHDL_1993                           ;
; State Machine Processing                                                        ; Auto                                ; Auto                                ;
; Safe State Machine                                                              ; Off                                 ; Off                                 ;
; Extract Verilog State Machines                                                  ; On                                  ; On                                  ;
; Extract VHDL State Machines                                                     ; On                                  ; On                                  ;
; Ignore Verilog initial constructs                                               ; Off                                 ; Off                                 ;
; Iteration limit for constant Verilog loops                                      ; 5000                                ; 5000                                ;
; Iteration limit for non-constant Verilog loops                                  ; 250                                 ; 250                                 ;
; Add Pass-Through Logic to Inferred RAMs                                         ; On                                  ; On                                  ;
; Infer RAMs from Raw Logic                                                       ; On                                  ; On                                  ;
; Parallel Synthesis                                                              ; On                                  ; On                                  ;
; DSP Block Balancing                                                             ; Auto                                ; Auto                                ;
; NOT Gate Push-Back                                                              ; On                                  ; On                                  ;
; Power-Up Don't Care                                                             ; On                                  ; On                                  ;
; Remove Redundant Logic Cells                                                    ; Off                                 ; Off                                 ;
; Remove Duplicate Registers                                                      ; On                                  ; On                                  ;
; Ignore CARRY Buffers                                                            ; Off                                 ; Off                                 ;
; Ignore CASCADE Buffers                                                          ; Off                                 ; Off                                 ;
; Ignore GLOBAL Buffers                                                           ; Off                                 ; Off                                 ;
; Ignore ROW GLOBAL Buffers                                                       ; Off                                 ; Off                                 ;
; Ignore LCELL Buffers                                                            ; Off                                 ; Off                                 ;
; Ignore SOFT Buffers                                                             ; On                                  ; On                                  ;
; Limit AHDL Integers to 32 Bits                                                  ; Off                                 ; Off                                 ;
; Optimization Technique                                                          ; Balanced                            ; Balanced                            ;
; Carry Chain Length                                                              ; 70                                  ; 70                                  ;
; Auto Carry Chains                                                               ; On                                  ; On                                  ;
; Auto Open-Drain Pins                                                            ; On                                  ; On                                  ;
; Perform WYSIWYG Primitive Resynthesis                                           ; Off                                 ; Off                                 ;
; Auto ROM Replacement                                                            ; On                                  ; On                                  ;
; Auto RAM Replacement                                                            ; On                                  ; On                                  ;
; Auto DSP Block Replacement                                                      ; On                                  ; On                                  ;
; Auto Shift Register Replacement                                                 ; Auto                                ; Auto                                ;
; Allow Shift Register Merging across Hierarchies                                 ; Auto                                ; Auto                                ;
; Auto Clock Enable Replacement                                                   ; On                                  ; On                                  ;
; Strict RAM Replacement                                                          ; Off                                 ; Off                                 ;
; Allow Synchronous Control Signals                                               ; On                                  ; On                                  ;
; Force Use of Synchronous Clear Signals                                          ; Off                                 ; Off                                 ;
; Auto Resource Sharing                                                           ; Off                                 ; Off                                 ;
; Allow Any RAM Size For Recognition                                              ; Off                                 ; Off                                 ;
; Allow Any ROM Size For Recognition                                              ; Off                                 ; Off                                 ;
; Allow Any Shift Register Size For Recognition                                   ; Off                                 ; Off                                 ;
; Use LogicLock Constraints during Resource Balancing                             ; On                                  ; On                                  ;
; Ignore translate_off and synthesis_off directives                               ; Off                                 ; Off                                 ;
; Timing-Driven Synthesis                                                         ; On                                  ; On                                  ;
; Report Parameter Settings                                                       ; On                                  ; On                                  ;
; Report Source Assignments                                                       ; On                                  ; On                                  ;
; Report Connectivity Checks                                                      ; On                                  ; On                                  ;
; Ignore Maximum Fan-Out Assignments                                              ; Off                                 ; Off                                 ;
; Synchronization Register Chain Length                                           ; 3                                   ; 3                                   ;
; Power Optimization During Synthesis                                             ; Normal compilation                  ; Normal compilation                  ;
; HDL message level                                                               ; Level2                              ; Level2                              ;
; Suppress Register Optimization Related Messages                                 ; Off                                 ; Off                                 ;
; Number of Removed Registers Reported in Synthesis Report                        ; 5000                                ; 5000                                ;
; Number of Swept Nodes Reported in Synthesis Report                              ; 5000                                ; 5000                                ;
; Number of Inverted Registers Reported in Synthesis Report                       ; 100                                 ; 100                                 ;
; Clock MUX Protection                                                            ; On                                  ; On                                  ;
; Auto Gated Clock Conversion                                                     ; Off                                 ; Off                                 ;
; Block Design Naming                                                             ; Auto                                ; Auto                                ;
; SDC constraint protection                                                       ; Off                                 ; Off                                 ;
; Synthesis Effort                                                                ; Auto                                ; Auto                                ;
; Shift Register Replacement - Allow Asynchronous Clear Signal                    ; On                                  ; On                                  ;
; Pre-Mapping Resynthesis Optimization                                            ; Off                                 ; Off                                 ;
; Analysis & Synthesis Message Level                                              ; Medium                              ; Medium                              ;
; Disable Register Merging Across Hierarchies                                     ; Auto                                ; Auto                                ;
; Resource Aware Inference For Block RAM                                          ; On                                  ; On                                  ;
; Automatic Parallel Synthesis                                                    ; On                                  ; On                                  ;
; Partial Reconfiguration Bitstream ID                                            ; Off                                 ; Off                                 ;
+---------------------------------------------------------------------------------+-------------------------------------+-------------------------------------+


+------------------------------------------+
; Parallel Compilation                     ;
+----------------------------+-------------+
; Processors                 ; Number      ;
+----------------------------+-------------+
; Number detected on machine ; 12          ;
; Maximum allowed            ; 10          ;
;                            ;             ;
; Average used               ; 1.00        ;
; Maximum used               ; 10          ;
;                            ;             ;
; Usage by Processor         ; % Time Used ;
;     Processor 1            ; 100.0%      ;
;     Processor 2            ;   0.0%      ;
;     Processor 3            ;   0.0%      ;
;     Processor 4            ;   0.0%      ;
;     Processor 5            ;   0.0%      ;
;     Processor 6            ;   0.0%      ;
;     Processor 7            ;   0.0%      ;
;     Processor 8            ;   0.0%      ;
;     Processors 9-10        ;   0.0%      ;
+----------------------------+-------------+


+---------------------------------------------------------------------------------------------------------------------------------------------------------------------------------------------------+
; Analysis & Synthesis Source Files Read                                                                                                                                                            ;
+-----------------------------------------+-----------------+------------------------------+----------------------------------------------------------------------------------------------+---------+
; File Name with User-Entered Path        ; Used in Netlist ; File Type                    ; File Name with Absolute Path                                                                 ; Library ;
+-----------------------------------------+-----------------+------------------------------+----------------------------------------------------------------------------------------------+---------+
; MTran_Lab7_VHDL_Timer.vhd               ; yes             ; User VHDL File               ; D:/Study/Github_ESD/ESD/SEM1/Digital/Lab7/Week7/VHDL/MTran_Lab7_VHDL_Timer.vhd               ;         ;
; MTran_Lab7_VHDL_MagnitudeComparator.vhd ; yes             ; User VHDL File               ; D:/Study/Github_ESD/ESD/SEM1/Digital/Lab7/Week7/VHDL/MTran_Lab7_VHDL_MagnitudeComparator.vhd ;         ;
; lpm_divide.tdf                          ; yes             ; Megafunction                 ; d:/software/intelfpga_lite/quartus/libraries/megafunctions/lpm_divide.tdf                    ;         ;
; abs_divider.inc                         ; yes             ; Megafunction                 ; d:/software/intelfpga_lite/quartus/libraries/megafunctions/abs_divider.inc                   ;         ;
; sign_div_unsign.inc                     ; yes             ; Megafunction                 ; d:/software/intelfpga_lite/quartus/libraries/megafunctions/sign_div_unsign.inc               ;         ;
; aglobal231.inc                          ; yes             ; Megafunction                 ; d:/software/intelfpga_lite/quartus/libraries/megafunctions/aglobal231.inc                    ;         ;
; db/lpm_divide_uio.tdf                   ; yes             ; Auto-Generated Megafunction  ; D:/Study/Github_ESD/ESD/SEM1/Digital/Lab7/Week7/VHDL/db/lpm_divide_uio.tdf                   ;         ;
; db/abs_divider_4dg.tdf                  ; yes             ; Auto-Generated Megafunction  ; D:/Study/Github_ESD/ESD/SEM1/Digital/Lab7/Week7/VHDL/db/abs_divider_4dg.tdf                  ;         ;
; db/alt_u_div_o2f.tdf                    ; yes             ; Auto-Generated Megafunction  ; D:/Study/Github_ESD/ESD/SEM1/Digital/Lab7/Week7/VHDL/db/alt_u_div_o2f.tdf                    ;         ;
; db/lpm_abs_4p9.tdf                      ; yes             ; Auto-Generated Megafunction  ; D:/Study/Github_ESD/ESD/SEM1/Digital/Lab7/Week7/VHDL/db/lpm_abs_4p9.tdf                      ;         ;
; db/lpm_divide_bpo.tdf                   ; yes             ; Auto-Generated Megafunction  ; D:/Study/Github_ESD/ESD/SEM1/Digital/Lab7/Week7/VHDL/db/lpm_divide_bpo.tdf                   ;         ;
; db/abs_divider_kbg.tdf                  ; yes             ; Auto-Generated Megafunction  ; D:/Study/Github_ESD/ESD/SEM1/Digital/Lab7/Week7/VHDL/db/abs_divider_kbg.tdf                  ;         ;
; db/alt_u_div_ove.tdf                    ; yes             ; Auto-Generated Megafunction  ; D:/Study/Github_ESD/ESD/SEM1/Digital/Lab7/Week7/VHDL/db/alt_u_div_ove.tdf                    ;         ;
; db/lpm_abs_kn9.tdf                      ; yes             ; Auto-Generated Megafunction  ; D:/Study/Github_ESD/ESD/SEM1/Digital/Lab7/Week7/VHDL/db/lpm_abs_kn9.tdf                      ;         ;
+-----------------------------------------+-----------------+------------------------------+----------------------------------------------------------------------------------------------+---------+


+-------------------------------------------------------------------------------------------------+
; Analysis & Synthesis Resource Usage Summary                                                     ;
+---------------------------------------------+---------------------------------------------------+
; Resource                                    ; Usage                                             ;
+---------------------------------------------+---------------------------------------------------+
; Estimate of Logic utilization (ALMs needed) ; 3395                                              ;
;                                             ;                                                   ;
; Combinational ALUT usage for logic          ; 6616                                              ;
;     -- 7 input functions                    ; 8                                                 ;
;     -- 6 input functions                    ; 166                                               ;
;     -- 5 input functions                    ; 155                                               ;
;     -- 4 input functions                    ; 1852                                              ;
;     -- <=3 input functions                  ; 4435                                              ;
;                                             ;                                                   ;
; Dedicated logic registers                   ; 128                                               ;
;                                             ;                                                   ;
; I/O pins                                    ; 55                                                ;
;                                             ;                                                   ;
; Total DSP Blocks                            ; 0                                                 ;
;                                             ;                                                   ;
; Maximum fan-out node                        ; MTran_Lab7_VHDL_Timer:module_timer|Hours[31]~reg0 ;
; Maximum fan-out                             ; 163                                               ;
; Total fan-out                               ; 21574                                             ;
; Average fan-out                             ; 3.15                                              ;
+---------------------------------------------+---------------------------------------------------+


+-------------------------------------------------------------------------------------------------------------------------------------------------------------------------------------------------------------------------------------------------------------------------------------------------------------------------------------------+
; Analysis & Synthesis Resource Utilization by Entity                                                                                                                                                                                                                                                                                       ;
+-----------------------------------------+---------------------+---------------------------+-------------------+------------+------+--------------+-----------------------------------------------------------------------------------------------------------------------------------+-------------------------------------+--------------+
; Compilation Hierarchy Node              ; Combinational ALUTs ; Dedicated Logic Registers ; Block Memory Bits ; DSP Blocks ; Pins ; Virtual Pins ; Full Hierarchy Name                                                                                                               ; Entity Name                         ; Library Name ;
+-----------------------------------------+---------------------+---------------------------+-------------------+------------+------+--------------+-----------------------------------------------------------------------------------------------------------------------------------+-------------------------------------+--------------+
; |MTran_Lab7_VHDL_MagnitudeComparator    ; 6616 (499)          ; 128 (0)                   ; 0                 ; 0          ; 55   ; 0            ; |MTran_Lab7_VHDL_MagnitudeComparator                                                                                              ; MTran_Lab7_VHDL_MagnitudeComparator ; work         ;
;    |MTran_Lab7_VHDL_Timer:module_timer| ; 159 (159)           ; 128 (128)                 ; 0                 ; 0          ; 0    ; 0            ; |MTran_Lab7_VHDL_MagnitudeComparator|MTran_Lab7_VHDL_Timer:module_timer                                                           ; MTran_Lab7_VHDL_Timer               ; work         ;
;    |lpm_divide:Div0|                    ; 26 (0)              ; 0 (0)                     ; 0                 ; 0          ; 0    ; 0            ; |MTran_Lab7_VHDL_MagnitudeComparator|lpm_divide:Div0                                                                              ; lpm_divide                          ; work         ;
;       |lpm_divide_bpo:auto_generated|   ; 26 (0)              ; 0 (0)                     ; 0                 ; 0          ; 0    ; 0            ; |MTran_Lab7_VHDL_MagnitudeComparator|lpm_divide:Div0|lpm_divide_bpo:auto_generated                                                ; lpm_divide_bpo                      ; work         ;
;          |abs_divider_kbg:divider|      ; 26 (0)              ; 0 (0)                     ; 0                 ; 0          ; 0    ; 0            ; |MTran_Lab7_VHDL_MagnitudeComparator|lpm_divide:Div0|lpm_divide_bpo:auto_generated|abs_divider_kbg:divider                        ; abs_divider_kbg                     ; work         ;
;             |alt_u_div_ove:divider|     ; 26 (26)             ; 0 (0)                     ; 0                 ; 0          ; 0    ; 0            ; |MTran_Lab7_VHDL_MagnitudeComparator|lpm_divide:Div0|lpm_divide_bpo:auto_generated|abs_divider_kbg:divider|alt_u_div_ove:divider  ; alt_u_div_ove                       ; work         ;
;    |lpm_divide:Div1|                    ; 26 (0)              ; 0 (0)                     ; 0                 ; 0          ; 0    ; 0            ; |MTran_Lab7_VHDL_MagnitudeComparator|lpm_divide:Div1                                                                              ; lpm_divide                          ; work         ;
;       |lpm_divide_bpo:auto_generated|   ; 26 (0)              ; 0 (0)                     ; 0                 ; 0          ; 0    ; 0            ; |MTran_Lab7_VHDL_MagnitudeComparator|lpm_divide:Div1|lpm_divide_bpo:auto_generated                                                ; lpm_divide_bpo                      ; work         ;
;          |abs_divider_kbg:divider|      ; 26 (0)              ; 0 (0)                     ; 0                 ; 0          ; 0    ; 0            ; |MTran_Lab7_VHDL_MagnitudeComparator|lpm_divide:Div1|lpm_divide_bpo:auto_generated|abs_divider_kbg:divider                        ; abs_divider_kbg                     ; work         ;
;             |alt_u_div_ove:divider|     ; 26 (26)             ; 0 (0)                     ; 0                 ; 0          ; 0    ; 0            ; |MTran_Lab7_VHDL_MagnitudeComparator|lpm_divide:Div1|lpm_divide_bpo:auto_generated|abs_divider_kbg:divider|alt_u_div_ove:divider  ; alt_u_div_ove                       ; work         ;
;    |lpm_divide:Div2|                    ; 486 (0)             ; 0 (0)                     ; 0                 ; 0          ; 0    ; 0            ; |MTran_Lab7_VHDL_MagnitudeComparator|lpm_divide:Div2                                                                              ; lpm_divide                          ; work         ;
;       |lpm_divide_bpo:auto_generated|   ; 486 (0)             ; 0 (0)                     ; 0                 ; 0          ; 0    ; 0            ; |MTran_Lab7_VHDL_MagnitudeComparator|lpm_divide:Div2|lpm_divide_bpo:auto_generated                                                ; lpm_divide_bpo                      ; work         ;
;          |abs_divider_kbg:divider|      ; 486 (35)            ; 0 (0)                     ; 0                 ; 0          ; 0    ; 0            ; |MTran_Lab7_VHDL_MagnitudeComparator|lpm_divide:Div2|lpm_divide_bpo:auto_generated|abs_divider_kbg:divider                        ; abs_divider_kbg                     ; work         ;
;             |alt_u_div_ove:divider|     ; 419 (419)           ; 0 (0)                     ; 0                 ; 0          ; 0    ; 0            ; |MTran_Lab7_VHDL_MagnitudeComparator|lpm_divide:Div2|lpm_divide_bpo:auto_generated|abs_divider_kbg:divider|alt_u_div_ove:divider  ; alt_u_div_ove                       ; work         ;
;             |lpm_abs_4p9:my_abs_num|    ; 32 (32)             ; 0 (0)                     ; 0                 ; 0          ; 0    ; 0            ; |MTran_Lab7_VHDL_MagnitudeComparator|lpm_divide:Div2|lpm_divide_bpo:auto_generated|abs_divider_kbg:divider|lpm_abs_4p9:my_abs_num ; lpm_abs_4p9                         ; work         ;
;    |lpm_divide:Div3|                    ; 486 (0)             ; 0 (0)                     ; 0                 ; 0          ; 0    ; 0            ; |MTran_Lab7_VHDL_MagnitudeComparator|lpm_divide:Div3                                                                              ; lpm_divide                          ; work         ;
;       |lpm_divide_bpo:auto_generated|   ; 486 (0)             ; 0 (0)                     ; 0                 ; 0          ; 0    ; 0            ; |MTran_Lab7_VHDL_MagnitudeComparator|lpm_divide:Div3|lpm_divide_bpo:auto_generated                                                ; lpm_divide_bpo                      ; work         ;
;          |abs_divider_kbg:divider|      ; 486 (35)            ; 0 (0)                     ; 0                 ; 0          ; 0    ; 0            ; |MTran_Lab7_VHDL_MagnitudeComparator|lpm_divide:Div3|lpm_divide_bpo:auto_generated|abs_divider_kbg:divider                        ; abs_divider_kbg                     ; work         ;
;             |alt_u_div_ove:divider|     ; 419 (419)           ; 0 (0)                     ; 0                 ; 0          ; 0    ; 0            ; |MTran_Lab7_VHDL_MagnitudeComparator|lpm_divide:Div3|lpm_divide_bpo:auto_generated|abs_divider_kbg:divider|alt_u_div_ove:divider  ; alt_u_div_ove                       ; work         ;
;             |lpm_abs_4p9:my_abs_num|    ; 32 (32)             ; 0 (0)                     ; 0                 ; 0          ; 0    ; 0            ; |MTran_Lab7_VHDL_MagnitudeComparator|lpm_divide:Div3|lpm_divide_bpo:auto_generated|abs_divider_kbg:divider|lpm_abs_4p9:my_abs_num ; lpm_abs_4p9                         ; work         ;
;    |lpm_divide:Div4|                    ; 486 (0)             ; 0 (0)                     ; 0                 ; 0          ; 0    ; 0            ; |MTran_Lab7_VHDL_MagnitudeComparator|lpm_divide:Div4                                                                              ; lpm_divide                          ; work         ;
;       |lpm_divide_bpo:auto_generated|   ; 486 (0)             ; 0 (0)                     ; 0                 ; 0          ; 0    ; 0            ; |MTran_Lab7_VHDL_MagnitudeComparator|lpm_divide:Div4|lpm_divide_bpo:auto_generated                                                ; lpm_divide_bpo                      ; work         ;
;          |abs_divider_kbg:divider|      ; 486 (35)            ; 0 (0)                     ; 0                 ; 0          ; 0    ; 0            ; |MTran_Lab7_VHDL_MagnitudeComparator|lpm_divide:Div4|lpm_divide_bpo:auto_generated|abs_divider_kbg:divider                        ; abs_divider_kbg                     ; work         ;
;             |alt_u_div_ove:divider|     ; 419 (419)           ; 0 (0)                     ; 0                 ; 0          ; 0    ; 0            ; |MTran_Lab7_VHDL_MagnitudeComparator|lpm_divide:Div4|lpm_divide_bpo:auto_generated|abs_divider_kbg:divider|alt_u_div_ove:divider  ; alt_u_div_ove                       ; work         ;
;             |lpm_abs_4p9:my_abs_num|    ; 32 (32)             ; 0 (0)                     ; 0                 ; 0          ; 0    ; 0            ; |MTran_Lab7_VHDL_MagnitudeComparator|lpm_divide:Div4|lpm_divide_bpo:auto_generated|abs_divider_kbg:divider|lpm_abs_4p9:my_abs_num ; lpm_abs_4p9                         ; work         ;
;    |lpm_divide:Mod0|                    ; 59 (0)              ; 0 (0)                     ; 0                 ; 0          ; 0    ; 0            ; |MTran_Lab7_VHDL_MagnitudeComparator|lpm_divide:Mod0                                                                              ; lpm_divide                          ; work         ;
;       |lpm_divide_uio:auto_generated|   ; 59 (0)              ; 0 (0)                     ; 0                 ; 0          ; 0    ; 0            ; |MTran_Lab7_VHDL_MagnitudeComparator|lpm_divide:Mod0|lpm_divide_uio:auto_generated                                                ; lpm_divide_uio                      ; work         ;
;          |abs_divider_4dg:divider|      ; 59 (0)              ; 0 (0)                     ; 0                 ; 0          ; 0    ; 0            ; |MTran_Lab7_VHDL_MagnitudeComparator|lpm_divide:Mod0|lpm_divide_uio:auto_generated|abs_divider_4dg:divider                        ; abs_divider_4dg                     ; work         ;
;             |alt_u_div_o2f:divider|     ; 59 (59)             ; 0 (0)                     ; 0                 ; 0          ; 0    ; 0            ; |MTran_Lab7_VHDL_MagnitudeComparator|lpm_divide:Mod0|lpm_divide_uio:auto_generated|abs_divider_4dg:divider|alt_u_div_o2f:divider  ; alt_u_div_o2f                       ; work         ;
;    |lpm_divide:Mod1|                    ; 59 (0)              ; 0 (0)                     ; 0                 ; 0          ; 0    ; 0            ; |MTran_Lab7_VHDL_MagnitudeComparator|lpm_divide:Mod1                                                                              ; lpm_divide                          ; work         ;
;       |lpm_divide_uio:auto_generated|   ; 59 (0)              ; 0 (0)                     ; 0                 ; 0          ; 0    ; 0            ; |MTran_Lab7_VHDL_MagnitudeComparator|lpm_divide:Mod1|lpm_divide_uio:auto_generated                                                ; lpm_divide_uio                      ; work         ;
;          |abs_divider_4dg:divider|      ; 59 (0)              ; 0 (0)                     ; 0                 ; 0          ; 0    ; 0            ; |MTran_Lab7_VHDL_MagnitudeComparator|lpm_divide:Mod1|lpm_divide_uio:auto_generated|abs_divider_4dg:divider                        ; abs_divider_4dg                     ; work         ;
;             |alt_u_div_o2f:divider|     ; 59 (59)             ; 0 (0)                     ; 0                 ; 0          ; 0    ; 0            ; |MTran_Lab7_VHDL_MagnitudeComparator|lpm_divide:Mod1|lpm_divide_uio:auto_generated|abs_divider_4dg:divider|alt_u_div_o2f:divider  ; alt_u_div_o2f                       ; work         ;
;    |lpm_divide:Mod2|                    ; 1442 (0)            ; 0 (0)                     ; 0                 ; 0          ; 0    ; 0            ; |MTran_Lab7_VHDL_MagnitudeComparator|lpm_divide:Mod2                                                                              ; lpm_divide                          ; work         ;
;       |lpm_divide_uio:auto_generated|   ; 1442 (0)            ; 0 (0)                     ; 0                 ; 0          ; 0    ; 0            ; |MTran_Lab7_VHDL_MagnitudeComparator|lpm_divide:Mod2|lpm_divide_uio:auto_generated                                                ; lpm_divide_uio                      ; work         ;
;          |abs_divider_4dg:divider|      ; 1442 (73)           ; 0 (0)                     ; 0                 ; 0          ; 0    ; 0            ; |MTran_Lab7_VHDL_MagnitudeComparator|lpm_divide:Mod2|lpm_divide_uio:auto_generated|abs_divider_4dg:divider                        ; abs_divider_4dg                     ; work         ;
;             |alt_u_div_o2f:divider|     ; 1337 (1337)         ; 0 (0)                     ; 0                 ; 0          ; 0    ; 0            ; |MTran_Lab7_VHDL_MagnitudeComparator|lpm_divide:Mod2|lpm_divide_uio:auto_generated|abs_divider_4dg:divider|alt_u_div_o2f:divider  ; alt_u_div_o2f                       ; work         ;
;             |lpm_abs_4p9:my_abs_num|    ; 32 (32)             ; 0 (0)                     ; 0                 ; 0          ; 0    ; 0            ; |MTran_Lab7_VHDL_MagnitudeComparator|lpm_divide:Mod2|lpm_divide_uio:auto_generated|abs_divider_4dg:divider|lpm_abs_4p9:my_abs_num ; lpm_abs_4p9                         ; work         ;
;    |lpm_divide:Mod3|                    ; 1437 (0)            ; 0 (0)                     ; 0                 ; 0          ; 0    ; 0            ; |MTran_Lab7_VHDL_MagnitudeComparator|lpm_divide:Mod3                                                                              ; lpm_divide                          ; work         ;
;       |lpm_divide_uio:auto_generated|   ; 1437 (0)            ; 0 (0)                     ; 0                 ; 0          ; 0    ; 0            ; |MTran_Lab7_VHDL_MagnitudeComparator|lpm_divide:Mod3|lpm_divide_uio:auto_generated                                                ; lpm_divide_uio                      ; work         ;
;          |abs_divider_4dg:divider|      ; 1437 (68)           ; 0 (0)                     ; 0                 ; 0          ; 0    ; 0            ; |MTran_Lab7_VHDL_MagnitudeComparator|lpm_divide:Mod3|lpm_divide_uio:auto_generated|abs_divider_4dg:divider                        ; abs_divider_4dg                     ; work         ;
;             |alt_u_div_o2f:divider|     ; 1337 (1337)         ; 0 (0)                     ; 0                 ; 0          ; 0    ; 0            ; |MTran_Lab7_VHDL_MagnitudeComparator|lpm_divide:Mod3|lpm_divide_uio:auto_generated|abs_divider_4dg:divider|alt_u_div_o2f:divider  ; alt_u_div_o2f                       ; work         ;
;             |lpm_abs_4p9:my_abs_num|    ; 32 (32)             ; 0 (0)                     ; 0                 ; 0          ; 0    ; 0            ; |MTran_Lab7_VHDL_MagnitudeComparator|lpm_divide:Mod3|lpm_divide_uio:auto_generated|abs_divider_4dg:divider|lpm_abs_4p9:my_abs_num ; lpm_abs_4p9                         ; work         ;
;    |lpm_divide:Mod4|                    ; 1451 (0)            ; 0 (0)                     ; 0                 ; 0          ; 0    ; 0            ; |MTran_Lab7_VHDL_MagnitudeComparator|lpm_divide:Mod4                                                                              ; lpm_divide                          ; work         ;
;       |lpm_divide_uio:auto_generated|   ; 1451 (0)            ; 0 (0)                     ; 0                 ; 0          ; 0    ; 0            ; |MTran_Lab7_VHDL_MagnitudeComparator|lpm_divide:Mod4|lpm_divide_uio:auto_generated                                                ; lpm_divide_uio                      ; work         ;
;          |abs_divider_4dg:divider|      ; 1451 (82)           ; 0 (0)                     ; 0                 ; 0          ; 0    ; 0            ; |MTran_Lab7_VHDL_MagnitudeComparator|lpm_divide:Mod4|lpm_divide_uio:auto_generated|abs_divider_4dg:divider                        ; abs_divider_4dg                     ; work         ;
;             |alt_u_div_o2f:divider|     ; 1337 (1337)         ; 0 (0)                     ; 0                 ; 0          ; 0    ; 0            ; |MTran_Lab7_VHDL_MagnitudeComparator|lpm_divide:Mod4|lpm_divide_uio:auto_generated|abs_divider_4dg:divider|alt_u_div_o2f:divider  ; alt_u_div_o2f                       ; work         ;
;             |lpm_abs_4p9:my_abs_num|    ; 32 (32)             ; 0 (0)                     ; 0                 ; 0          ; 0    ; 0            ; |MTran_Lab7_VHDL_MagnitudeComparator|lpm_divide:Mod4|lpm_divide_uio:auto_generated|abs_divider_4dg:divider|lpm_abs_4p9:my_abs_num ; lpm_abs_4p9                         ; work         ;
+-----------------------------------------+---------------------+---------------------------+-------------------+------------+------+--------------+-----------------------------------------------------------------------------------------------------------------------------------+-------------------------------------+--------------+
Note: For table entries with two numbers listed, the numbers in parentheses indicate the number of resources of the given type used by the specific entity alone. The numbers listed outside of parentheses indicate the total resources of the given type used by the specific entity and all of its sub-entities in the hierarchy.


+---------------------------------------------------------------------------------------------------+
; User-Specified and Inferred Latches                                                               ;
+----------------------------------------------------+---------------------+------------------------+
; Latch Name                                         ; Latch Enable Signal ; Free of Timing Hazards ;
+----------------------------------------------------+---------------------+------------------------+
; intA[3]                                            ; mode                ; yes                    ;
; intB[3]                                            ; mode                ; yes                    ;
; intA[2]                                            ; mode                ; yes                    ;
; intB[2]                                            ; mode                ; yes                    ;
; intA[1]                                            ; mode                ; yes                    ;
; intB[1]                                            ; mode                ; yes                    ;
; intA[0]                                            ; mode                ; yes                    ;
; intB[0]                                            ; mode                ; yes                    ;
; Number of user-specified and inferred latches = 8  ;                     ;                        ;
+----------------------------------------------------+---------------------+------------------------+
Note: All latches listed above may not be present at the end of synthesis due to various synthesis optimizations.


+---------------------------------------------------------------------+
; Registers Removed During Synthesis                                  ;
+------------------------------------------------+--------------------+
; Register name                                  ; Reason for Removal ;
+------------------------------------------------+--------------------+
; MTran_Lab7_VHDL_Timer:module_timer|MinutesFlag ; Lost fanout        ;
; MTran_Lab7_VHDL_Timer:module_timer|HoursFlag   ; Lost fanout        ;
; Total Number of Removed Registers = 2          ;                    ;
+------------------------------------------------+--------------------+


+------------------------------------------------------+
; General Register Statistics                          ;
+----------------------------------------------+-------+
; Statistic                                    ; Value ;
+----------------------------------------------+-------+
; Total registers                              ; 128   ;
; Number of registers using Synchronous Clear  ; 128   ;
; Number of registers using Synchronous Load   ; 0     ;
; Number of registers using Asynchronous Clear ; 0     ;
; Number of registers using Asynchronous Load  ; 0     ;
; Number of registers using Clock Enable       ; 128   ;
; Number of registers using Preset             ; 0     ;
+----------------------------------------------+-------+


+--------------------------------------------------------------------------------------------------------------------------------------------------------+
; Multiplexer Restructuring Statistics (Restructuring Performed)                                                                                         ;
+--------------------+-----------+---------------+----------------------+------------------------+------------+------------------------------------------+
; Multiplexer Inputs ; Bus Width ; Baseline Area ; Area if Restructured ; Saving if Restructured ; Registered ; Example Multiplexer Output               ;
+--------------------+-----------+---------------+----------------------+------------------------+------------+------------------------------------------+
; 3:1                ; 2 bits    ; 4 LEs         ; 4 LEs                ; 0 LEs                  ; No         ; |MTran_Lab7_VHDL_MagnitudeComparator|LED ;
+--------------------+-----------+---------------+----------------------+------------------------+------------+------------------------------------------+


+------------------------------------------------------------------+
; Parameter Settings for Inferred Entity Instance: lpm_divide:Mod0 ;
+------------------------+----------------+------------------------+
; Parameter Name         ; Value          ; Type                   ;
+------------------------+----------------+------------------------+
; LPM_WIDTHN             ; 32             ; Untyped                ;
; LPM_WIDTHD             ; 32             ; Untyped                ;
; LPM_NREPRESENTATION    ; SIGNED         ; Untyped                ;
; LPM_DREPRESENTATION    ; SIGNED         ; Untyped                ;
; LPM_PIPELINE           ; 0              ; Untyped                ;
; LPM_REMAINDERPOSITIVE  ; FALSE          ; Untyped                ;
; MAXIMIZE_SPEED         ; 5              ; Untyped                ;
; CBXI_PARAMETER         ; lpm_divide_uio ; Untyped                ;
; CARRY_CHAIN            ; MANUAL         ; Untyped                ;
; OPTIMIZE_FOR_SPEED     ; 5              ; Untyped                ;
; AUTO_CARRY_CHAINS      ; ON             ; AUTO_CARRY             ;
; IGNORE_CARRY_BUFFERS   ; OFF            ; IGNORE_CARRY           ;
; AUTO_CASCADE_CHAINS    ; ON             ; AUTO_CASCADE           ;
; IGNORE_CASCADE_BUFFERS ; OFF            ; IGNORE_CASCADE         ;
+------------------------+----------------+------------------------+
Note: In order to hide this table in the UI and the text report file, please set the "Show Parameter Settings in Synthesis Report" option in "Analysis and Synthesis Settings -> More Settings" to "Off".


+------------------------------------------------------------------+
; Parameter Settings for Inferred Entity Instance: lpm_divide:Mod2 ;
+------------------------+----------------+------------------------+
; Parameter Name         ; Value          ; Type                   ;
+------------------------+----------------+------------------------+
; LPM_WIDTHN             ; 32             ; Untyped                ;
; LPM_WIDTHD             ; 32             ; Untyped                ;
; LPM_NREPRESENTATION    ; SIGNED         ; Untyped                ;
; LPM_DREPRESENTATION    ; SIGNED         ; Untyped                ;
; LPM_PIPELINE           ; 0              ; Untyped                ;
; LPM_REMAINDERPOSITIVE  ; FALSE          ; Untyped                ;
; MAXIMIZE_SPEED         ; 5              ; Untyped                ;
; CBXI_PARAMETER         ; lpm_divide_uio ; Untyped                ;
; CARRY_CHAIN            ; MANUAL         ; Untyped                ;
; OPTIMIZE_FOR_SPEED     ; 5              ; Untyped                ;
; AUTO_CARRY_CHAINS      ; ON             ; AUTO_CARRY             ;
; IGNORE_CARRY_BUFFERS   ; OFF            ; IGNORE_CARRY           ;
; AUTO_CASCADE_CHAINS    ; ON             ; AUTO_CASCADE           ;
; IGNORE_CASCADE_BUFFERS ; OFF            ; IGNORE_CASCADE         ;
+------------------------+----------------+------------------------+
Note: In order to hide this table in the UI and the text report file, please set the "Show Parameter Settings in Synthesis Report" option in "Analysis and Synthesis Settings -> More Settings" to "Off".


+------------------------------------------------------------------+
; Parameter Settings for Inferred Entity Instance: lpm_divide:Div0 ;
+------------------------+----------------+------------------------+
; Parameter Name         ; Value          ; Type                   ;
+------------------------+----------------+------------------------+
; LPM_WIDTHN             ; 32             ; Untyped                ;
; LPM_WIDTHD             ; 5              ; Untyped                ;
; LPM_NREPRESENTATION    ; SIGNED         ; Untyped                ;
; LPM_DREPRESENTATION    ; SIGNED         ; Untyped                ;
; LPM_PIPELINE           ; 0              ; Untyped                ;
; LPM_REMAINDERPOSITIVE  ; FALSE          ; Untyped                ;
; MAXIMIZE_SPEED         ; 5              ; Untyped                ;
; CBXI_PARAMETER         ; lpm_divide_bpo ; Untyped                ;
; CARRY_CHAIN            ; MANUAL         ; Untyped                ;
; OPTIMIZE_FOR_SPEED     ; 5              ; Untyped                ;
; AUTO_CARRY_CHAINS      ; ON             ; AUTO_CARRY             ;
; IGNORE_CARRY_BUFFERS   ; OFF            ; IGNORE_CARRY           ;
; AUTO_CASCADE_CHAINS    ; ON             ; AUTO_CASCADE           ;
; IGNORE_CASCADE_BUFFERS ; OFF            ; IGNORE_CASCADE         ;
+------------------------+----------------+------------------------+
Note: In order to hide this table in the UI and the text report file, please set the "Show Parameter Settings in Synthesis Report" option in "Analysis and Synthesis Settings -> More Settings" to "Off".


+------------------------------------------------------------------+
; Parameter Settings for Inferred Entity Instance: lpm_divide:Div2 ;
+------------------------+----------------+------------------------+
; Parameter Name         ; Value          ; Type                   ;
+------------------------+----------------+------------------------+
; LPM_WIDTHN             ; 32             ; Untyped                ;
; LPM_WIDTHD             ; 5              ; Untyped                ;
; LPM_NREPRESENTATION    ; SIGNED         ; Untyped                ;
; LPM_DREPRESENTATION    ; SIGNED         ; Untyped                ;
; LPM_PIPELINE           ; 0              ; Untyped                ;
; LPM_REMAINDERPOSITIVE  ; FALSE          ; Untyped                ;
; MAXIMIZE_SPEED         ; 5              ; Untyped                ;
; CBXI_PARAMETER         ; lpm_divide_bpo ; Untyped                ;
; CARRY_CHAIN            ; MANUAL         ; Untyped                ;
; OPTIMIZE_FOR_SPEED     ; 5              ; Untyped                ;
; AUTO_CARRY_CHAINS      ; ON             ; AUTO_CARRY             ;
; IGNORE_CARRY_BUFFERS   ; OFF            ; IGNORE_CARRY           ;
; AUTO_CASCADE_CHAINS    ; ON             ; AUTO_CASCADE           ;
; IGNORE_CASCADE_BUFFERS ; OFF            ; IGNORE_CASCADE         ;
+------------------------+----------------+------------------------+
Note: In order to hide this table in the UI and the text report file, please set the "Show Parameter Settings in Synthesis Report" option in "Analysis and Synthesis Settings -> More Settings" to "Off".


+------------------------------------------------------------------+
; Parameter Settings for Inferred Entity Instance: lpm_divide:Mod3 ;
+------------------------+----------------+------------------------+
; Parameter Name         ; Value          ; Type                   ;
+------------------------+----------------+------------------------+
; LPM_WIDTHN             ; 32             ; Untyped                ;
; LPM_WIDTHD             ; 32             ; Untyped                ;
; LPM_NREPRESENTATION    ; SIGNED         ; Untyped                ;
; LPM_DREPRESENTATION    ; SIGNED         ; Untyped                ;
; LPM_PIPELINE           ; 0              ; Untyped                ;
; LPM_REMAINDERPOSITIVE  ; FALSE          ; Untyped                ;
; MAXIMIZE_SPEED         ; 5              ; Untyped                ;
; CBXI_PARAMETER         ; lpm_divide_uio ; Untyped                ;
; CARRY_CHAIN            ; MANUAL         ; Untyped                ;
; OPTIMIZE_FOR_SPEED     ; 5              ; Untyped                ;
; AUTO_CARRY_CHAINS      ; ON             ; AUTO_CARRY             ;
; IGNORE_CARRY_BUFFERS   ; OFF            ; IGNORE_CARRY           ;
; AUTO_CASCADE_CHAINS    ; ON             ; AUTO_CASCADE           ;
; IGNORE_CASCADE_BUFFERS ; OFF            ; IGNORE_CASCADE         ;
+------------------------+----------------+------------------------+
Note: In order to hide this table in the UI and the text report file, please set the "Show Parameter Settings in Synthesis Report" option in "Analysis and Synthesis Settings -> More Settings" to "Off".


+------------------------------------------------------------------+
; Parameter Settings for Inferred Entity Instance: lpm_divide:Div3 ;
+------------------------+----------------+------------------------+
; Parameter Name         ; Value          ; Type                   ;
+------------------------+----------------+------------------------+
; LPM_WIDTHN             ; 32             ; Untyped                ;
; LPM_WIDTHD             ; 5              ; Untyped                ;
; LPM_NREPRESENTATION    ; SIGNED         ; Untyped                ;
; LPM_DREPRESENTATION    ; SIGNED         ; Untyped                ;
; LPM_PIPELINE           ; 0              ; Untyped                ;
; LPM_REMAINDERPOSITIVE  ; FALSE          ; Untyped                ;
; MAXIMIZE_SPEED         ; 5              ; Untyped                ;
; CBXI_PARAMETER         ; lpm_divide_bpo ; Untyped                ;
; CARRY_CHAIN            ; MANUAL         ; Untyped                ;
; OPTIMIZE_FOR_SPEED     ; 5              ; Untyped                ;
; AUTO_CARRY_CHAINS      ; ON             ; AUTO_CARRY             ;
; IGNORE_CARRY_BUFFERS   ; OFF            ; IGNORE_CARRY           ;
; AUTO_CASCADE_CHAINS    ; ON             ; AUTO_CASCADE           ;
; IGNORE_CASCADE_BUFFERS ; OFF            ; IGNORE_CASCADE         ;
+------------------------+----------------+------------------------+
Note: In order to hide this table in the UI and the text report file, please set the "Show Parameter Settings in Synthesis Report" option in "Analysis and Synthesis Settings -> More Settings" to "Off".


+------------------------------------------------------------------+
; Parameter Settings for Inferred Entity Instance: lpm_divide:Mod1 ;
+------------------------+----------------+------------------------+
; Parameter Name         ; Value          ; Type                   ;
+------------------------+----------------+------------------------+
; LPM_WIDTHN             ; 32             ; Untyped                ;
; LPM_WIDTHD             ; 32             ; Untyped                ;
; LPM_NREPRESENTATION    ; SIGNED         ; Untyped                ;
; LPM_DREPRESENTATION    ; SIGNED         ; Untyped                ;
; LPM_PIPELINE           ; 0              ; Untyped                ;
; LPM_REMAINDERPOSITIVE  ; FALSE          ; Untyped                ;
; MAXIMIZE_SPEED         ; 5              ; Untyped                ;
; CBXI_PARAMETER         ; lpm_divide_uio ; Untyped                ;
; CARRY_CHAIN            ; MANUAL         ; Untyped                ;
; OPTIMIZE_FOR_SPEED     ; 5              ; Untyped                ;
; AUTO_CARRY_CHAINS      ; ON             ; AUTO_CARRY             ;
; IGNORE_CARRY_BUFFERS   ; OFF            ; IGNORE_CARRY           ;
; AUTO_CASCADE_CHAINS    ; ON             ; AUTO_CASCADE           ;
; IGNORE_CASCADE_BUFFERS ; OFF            ; IGNORE_CASCADE         ;
+------------------------+----------------+------------------------+
Note: In order to hide this table in the UI and the text report file, please set the "Show Parameter Settings in Synthesis Report" option in "Analysis and Synthesis Settings -> More Settings" to "Off".


+------------------------------------------------------------------+
; Parameter Settings for Inferred Entity Instance: lpm_divide:Mod4 ;
+------------------------+----------------+------------------------+
; Parameter Name         ; Value          ; Type                   ;
+------------------------+----------------+------------------------+
; LPM_WIDTHN             ; 32             ; Untyped                ;
; LPM_WIDTHD             ; 32             ; Untyped                ;
; LPM_NREPRESENTATION    ; SIGNED         ; Untyped                ;
; LPM_DREPRESENTATION    ; SIGNED         ; Untyped                ;
; LPM_PIPELINE           ; 0              ; Untyped                ;
; LPM_REMAINDERPOSITIVE  ; FALSE          ; Untyped                ;
; MAXIMIZE_SPEED         ; 5              ; Untyped                ;
; CBXI_PARAMETER         ; lpm_divide_uio ; Untyped                ;
; CARRY_CHAIN            ; MANUAL         ; Untyped                ;
; OPTIMIZE_FOR_SPEED     ; 5              ; Untyped                ;
; AUTO_CARRY_CHAINS      ; ON             ; AUTO_CARRY             ;
; IGNORE_CARRY_BUFFERS   ; OFF            ; IGNORE_CARRY           ;
; AUTO_CASCADE_CHAINS    ; ON             ; AUTO_CASCADE           ;
; IGNORE_CASCADE_BUFFERS ; OFF            ; IGNORE_CASCADE         ;
+------------------------+----------------+------------------------+
Note: In order to hide this table in the UI and the text report file, please set the "Show Parameter Settings in Synthesis Report" option in "Analysis and Synthesis Settings -> More Settings" to "Off".


+------------------------------------------------------------------+
; Parameter Settings for Inferred Entity Instance: lpm_divide:Div1 ;
+------------------------+----------------+------------------------+
; Parameter Name         ; Value          ; Type                   ;
+------------------------+----------------+------------------------+
; LPM_WIDTHN             ; 32             ; Untyped                ;
; LPM_WIDTHD             ; 5              ; Untyped                ;
; LPM_NREPRESENTATION    ; SIGNED         ; Untyped                ;
; LPM_DREPRESENTATION    ; SIGNED         ; Untyped                ;
; LPM_PIPELINE           ; 0              ; Untyped                ;
; LPM_REMAINDERPOSITIVE  ; FALSE          ; Untyped                ;
; MAXIMIZE_SPEED         ; 5              ; Untyped                ;
; CBXI_PARAMETER         ; lpm_divide_bpo ; Untyped                ;
; CARRY_CHAIN            ; MANUAL         ; Untyped                ;
; OPTIMIZE_FOR_SPEED     ; 5              ; Untyped                ;
; AUTO_CARRY_CHAINS      ; ON             ; AUTO_CARRY             ;
; IGNORE_CARRY_BUFFERS   ; OFF            ; IGNORE_CARRY           ;
; AUTO_CASCADE_CHAINS    ; ON             ; AUTO_CASCADE           ;
; IGNORE_CASCADE_BUFFERS ; OFF            ; IGNORE_CASCADE         ;
+------------------------+----------------+------------------------+
Note: In order to hide this table in the UI and the text report file, please set the "Show Parameter Settings in Synthesis Report" option in "Analysis and Synthesis Settings -> More Settings" to "Off".


+------------------------------------------------------------------+
; Parameter Settings for Inferred Entity Instance: lpm_divide:Div4 ;
+------------------------+----------------+------------------------+
; Parameter Name         ; Value          ; Type                   ;
+------------------------+----------------+------------------------+
; LPM_WIDTHN             ; 32             ; Untyped                ;
; LPM_WIDTHD             ; 5              ; Untyped                ;
; LPM_NREPRESENTATION    ; SIGNED         ; Untyped                ;
; LPM_DREPRESENTATION    ; SIGNED         ; Untyped                ;
; LPM_PIPELINE           ; 0              ; Untyped                ;
; LPM_REMAINDERPOSITIVE  ; FALSE          ; Untyped                ;
; MAXIMIZE_SPEED         ; 5              ; Untyped                ;
; CBXI_PARAMETER         ; lpm_divide_bpo ; Untyped                ;
; CARRY_CHAIN            ; MANUAL         ; Untyped                ;
; OPTIMIZE_FOR_SPEED     ; 5              ; Untyped                ;
; AUTO_CARRY_CHAINS      ; ON             ; AUTO_CARRY             ;
; IGNORE_CARRY_BUFFERS   ; OFF            ; IGNORE_CARRY           ;
; AUTO_CASCADE_CHAINS    ; ON             ; AUTO_CASCADE           ;
; IGNORE_CASCADE_BUFFERS ; OFF            ; IGNORE_CASCADE         ;
+------------------------+----------------+------------------------+
Note: In order to hide this table in the UI and the text report file, please set the "Show Parameter Settings in Synthesis Report" option in "Analysis and Synthesis Settings -> More Settings" to "Off".


+-----------------------------------------------------+
; Post-Synthesis Netlist Statistics for Top Partition ;
+-----------------------+-----------------------------+
; Type                  ; Count                       ;
+-----------------------+-----------------------------+
; arriav_ff             ; 128                         ;
;     ENA SCLR          ; 128                         ;
; arriav_lcell_comb     ; 6617                        ;
;     arith             ; 3207                        ;
;         0 data inputs ; 417                         ;
;         1 data inputs ; 488                         ;
;         2 data inputs ; 309                         ;
;         3 data inputs ; 940                         ;
;         4 data inputs ; 1053                        ;
;     extend            ; 8                           ;
;         7 data inputs ; 8                           ;
;     normal            ; 3348                        ;
;         1 data inputs ; 1                           ;
;         2 data inputs ; 1965                        ;
;         3 data inputs ; 262                         ;
;         4 data inputs ; 799                         ;
;         5 data inputs ; 155                         ;
;         6 data inputs ; 166                         ;
;     shared            ; 54                          ;
;         0 data inputs ; 22                          ;
;         1 data inputs ; 32                          ;
; boundary_port         ; 55                          ;
;                       ;                             ;
; Max LUT depth         ; 93.10                       ;
; Average LUT depth     ; 73.68                       ;
+-----------------------+-----------------------------+


+-------------------------------+
; Elapsed Time Per Partition    ;
+----------------+--------------+
; Partition Name ; Elapsed Time ;
+----------------+--------------+
; Top            ; 00:00:25     ;
+----------------+--------------+


+-------------------------------+
; Analysis & Synthesis Messages ;
+-------------------------------+
Info: *******************************************************************
Info: Running Quartus Prime Analysis & Synthesis
    Info: Version 23.1std.0 Build 991 11/28/2023 SC Lite Edition
    Info: Processing started: Fri Jul 12 03:50:51 2024
Info: Command: quartus_map --read_settings_files=on --write_settings_files=off MTran_Lab7_VHDL_MagnitudeComparator -c MTran_Lab7_VHDL_MagnitudeComparator
Warning (18236): Number of processors has not been specified which may cause overloading on shared machines.  Set the global assignment NUM_PARALLEL_PROCESSORS in your QSF to an appropriate value for best performance.
Info (20030): Parallel compilation is enabled and will use 10 of the 10 processors detected
Info (12021): Found 2 design units, including 1 entities, in source file mtran_lab7_vhdl_timer.vhd
    Info (12022): Found design unit 1: MTran_Lab7_VHDL_Timer-RTL File: D:/Study/Github_ESD/ESD/SEM1/Digital/Lab7/Week7/VHDL/MTran_Lab7_VHDL_Timer.vhd Line: 19
    Info (12023): Found entity 1: MTran_Lab7_VHDL_Timer File: D:/Study/Github_ESD/ESD/SEM1/Digital/Lab7/Week7/VHDL/MTran_Lab7_VHDL_Timer.vhd Line: 4
Info (12021): Found 2 design units, including 1 entities, in source file mtran_lab7_vhdl_magnitudecomparator.vhd
    Info (12022): Found design unit 1: MTran_Lab7_VHDL_MagnitudeComparator-Behavioral File: D:/Study/Github_ESD/ESD/SEM1/Digital/Lab7/Week7/VHDL/MTran_Lab7_VHDL_MagnitudeComparator.vhd Line: 26
    Info (12023): Found entity 1: MTran_Lab7_VHDL_MagnitudeComparator File: D:/Study/Github_ESD/ESD/SEM1/Digital/Lab7/Week7/VHDL/MTran_Lab7_VHDL_MagnitudeComparator.vhd Line: 5
Info (12127): Elaborating entity "MTran_Lab7_VHDL_MagnitudeComparator" for the top level hierarchy
Warning (10492): VHDL Process Statement warning at MTran_Lab7_VHDL_MagnitudeComparator.vhd(89): signal "mode" is read inside the Process Statement but isn't in the Process Statement's sensitivity list File: D:/Study/Github_ESD/ESD/SEM1/Digital/Lab7/Week7/VHDL/MTran_Lab7_VHDL_MagnitudeComparator.vhd Line: 89
Warning (10492): VHDL Process Statement warning at MTran_Lab7_VHDL_MagnitudeComparator.vhd(103): signal "intA" is read inside the Process Statement but isn't in the Process Statement's sensitivity list File: D:/Study/Github_ESD/ESD/SEM1/Digital/Lab7/Week7/VHDL/MTran_Lab7_VHDL_MagnitudeComparator.vhd Line: 103
Warning (10492): VHDL Process Statement warning at MTran_Lab7_VHDL_MagnitudeComparator.vhd(104): signal "intA" is read inside the Process Statement but isn't in the Process Statement's sensitivity list File: D:/Study/Github_ESD/ESD/SEM1/Digital/Lab7/Week7/VHDL/MTran_Lab7_VHDL_MagnitudeComparator.vhd Line: 104
Warning (10492): VHDL Process Statement warning at MTran_Lab7_VHDL_MagnitudeComparator.vhd(107): signal "intB" is read inside the Process Statement but isn't in the Process Statement's sensitivity list File: D:/Study/Github_ESD/ESD/SEM1/Digital/Lab7/Week7/VHDL/MTran_Lab7_VHDL_MagnitudeComparator.vhd Line: 107
Warning (10492): VHDL Process Statement warning at MTran_Lab7_VHDL_MagnitudeComparator.vhd(108): signal "intB" is read inside the Process Statement but isn't in the Process Statement's sensitivity list File: D:/Study/Github_ESD/ESD/SEM1/Digital/Lab7/Week7/VHDL/MTran_Lab7_VHDL_MagnitudeComparator.vhd Line: 108
Warning (10492): VHDL Process Statement warning at MTran_Lab7_VHDL_MagnitudeComparator.vhd(111): signal "intA" is read inside the Process Statement but isn't in the Process Statement's sensitivity list File: D:/Study/Github_ESD/ESD/SEM1/Digital/Lab7/Week7/VHDL/MTran_Lab7_VHDL_MagnitudeComparator.vhd Line: 111
Warning (10492): VHDL Process Statement warning at MTran_Lab7_VHDL_MagnitudeComparator.vhd(111): signal "intB" is read inside the Process Statement but isn't in the Process Statement's sensitivity list File: D:/Study/Github_ESD/ESD/SEM1/Digital/Lab7/Week7/VHDL/MTran_Lab7_VHDL_MagnitudeComparator.vhd Line: 111
Warning (10492): VHDL Process Statement warning at MTran_Lab7_VHDL_MagnitudeComparator.vhd(114): signal "intA" is read inside the Process Statement but isn't in the Process Statement's sensitivity list File: D:/Study/Github_ESD/ESD/SEM1/Digital/Lab7/Week7/VHDL/MTran_Lab7_VHDL_MagnitudeComparator.vhd Line: 114
Warning (10492): VHDL Process Statement warning at MTran_Lab7_VHDL_MagnitudeComparator.vhd(114): signal "intB" is read inside the Process Statement but isn't in the Process Statement's sensitivity list File: D:/Study/Github_ESD/ESD/SEM1/Digital/Lab7/Week7/VHDL/MTran_Lab7_VHDL_MagnitudeComparator.vhd Line: 114
Warning (10631): VHDL Process Statement warning at MTran_Lab7_VHDL_MagnitudeComparator.vhd(87): inferring latch(es) for signal or variable "intA", which holds its previous value in one or more paths through the process File: D:/Study/Github_ESD/ESD/SEM1/Digital/Lab7/Week7/VHDL/MTran_Lab7_VHDL_MagnitudeComparator.vhd Line: 87
Warning (10631): VHDL Process Statement warning at MTran_Lab7_VHDL_MagnitudeComparator.vhd(87): inferring latch(es) for signal or variable "intB", which holds its previous value in one or more paths through the process File: D:/Study/Github_ESD/ESD/SEM1/Digital/Lab7/Week7/VHDL/MTran_Lab7_VHDL_MagnitudeComparator.vhd Line: 87
Info (10041): Inferred latch for "intB[0]" at MTran_Lab7_VHDL_MagnitudeComparator.vhd(87) File: D:/Study/Github_ESD/ESD/SEM1/Digital/Lab7/Week7/VHDL/MTran_Lab7_VHDL_MagnitudeComparator.vhd Line: 87
Info (10041): Inferred latch for "intB[1]" at MTran_Lab7_VHDL_MagnitudeComparator.vhd(87) File: D:/Study/Github_ESD/ESD/SEM1/Digital/Lab7/Week7/VHDL/MTran_Lab7_VHDL_MagnitudeComparator.vhd Line: 87
Info (10041): Inferred latch for "intB[2]" at MTran_Lab7_VHDL_MagnitudeComparator.vhd(87) File: D:/Study/Github_ESD/ESD/SEM1/Digital/Lab7/Week7/VHDL/MTran_Lab7_VHDL_MagnitudeComparator.vhd Line: 87
Info (10041): Inferred latch for "intB[3]" at MTran_Lab7_VHDL_MagnitudeComparator.vhd(87) File: D:/Study/Github_ESD/ESD/SEM1/Digital/Lab7/Week7/VHDL/MTran_Lab7_VHDL_MagnitudeComparator.vhd Line: 87
Info (10041): Inferred latch for "intB[4]" at MTran_Lab7_VHDL_MagnitudeComparator.vhd(87) File: D:/Study/Github_ESD/ESD/SEM1/Digital/Lab7/Week7/VHDL/MTran_Lab7_VHDL_MagnitudeComparator.vhd Line: 87
Info (10041): Inferred latch for "intB[5]" at MTran_Lab7_VHDL_MagnitudeComparator.vhd(87) File: D:/Study/Github_ESD/ESD/SEM1/Digital/Lab7/Week7/VHDL/MTran_Lab7_VHDL_MagnitudeComparator.vhd Line: 87
Info (10041): Inferred latch for "intB[6]" at MTran_Lab7_VHDL_MagnitudeComparator.vhd(87) File: D:/Study/Github_ESD/ESD/SEM1/Digital/Lab7/Week7/VHDL/MTran_Lab7_VHDL_MagnitudeComparator.vhd Line: 87
Info (10041): Inferred latch for "intB[7]" at MTran_Lab7_VHDL_MagnitudeComparator.vhd(87) File: D:/Study/Github_ESD/ESD/SEM1/Digital/Lab7/Week7/VHDL/MTran_Lab7_VHDL_MagnitudeComparator.vhd Line: 87
Info (10041): Inferred latch for "intB[8]" at MTran_Lab7_VHDL_MagnitudeComparator.vhd(87) File: D:/Study/Github_ESD/ESD/SEM1/Digital/Lab7/Week7/VHDL/MTran_Lab7_VHDL_MagnitudeComparator.vhd Line: 87
Info (10041): Inferred latch for "intB[9]" at MTran_Lab7_VHDL_MagnitudeComparator.vhd(87) File: D:/Study/Github_ESD/ESD/SEM1/Digital/Lab7/Week7/VHDL/MTran_Lab7_VHDL_MagnitudeComparator.vhd Line: 87
Info (10041): Inferred latch for "intB[10]" at MTran_Lab7_VHDL_MagnitudeComparator.vhd(87) File: D:/Study/Github_ESD/ESD/SEM1/Digital/Lab7/Week7/VHDL/MTran_Lab7_VHDL_MagnitudeComparator.vhd Line: 87
Info (10041): Inferred latch for "intB[11]" at MTran_Lab7_VHDL_MagnitudeComparator.vhd(87) File: D:/Study/Github_ESD/ESD/SEM1/Digital/Lab7/Week7/VHDL/MTran_Lab7_VHDL_MagnitudeComparator.vhd Line: 87
Info (10041): Inferred latch for "intB[12]" at MTran_Lab7_VHDL_MagnitudeComparator.vhd(87) File: D:/Study/Github_ESD/ESD/SEM1/Digital/Lab7/Week7/VHDL/MTran_Lab7_VHDL_MagnitudeComparator.vhd Line: 87
Info (10041): Inferred latch for "intB[13]" at MTran_Lab7_VHDL_MagnitudeComparator.vhd(87) File: D:/Study/Github_ESD/ESD/SEM1/Digital/Lab7/Week7/VHDL/MTran_Lab7_VHDL_MagnitudeComparator.vhd Line: 87
Info (10041): Inferred latch for "intB[14]" at MTran_Lab7_VHDL_MagnitudeComparator.vhd(87) File: D:/Study/Github_ESD/ESD/SEM1/Digital/Lab7/Week7/VHDL/MTran_Lab7_VHDL_MagnitudeComparator.vhd Line: 87
Info (10041): Inferred latch for "intB[15]" at MTran_Lab7_VHDL_MagnitudeComparator.vhd(87) File: D:/Study/Github_ESD/ESD/SEM1/Digital/Lab7/Week7/VHDL/MTran_Lab7_VHDL_MagnitudeComparator.vhd Line: 87
Info (10041): Inferred latch for "intB[16]" at MTran_Lab7_VHDL_MagnitudeComparator.vhd(87) File: D:/Study/Github_ESD/ESD/SEM1/Digital/Lab7/Week7/VHDL/MTran_Lab7_VHDL_MagnitudeComparator.vhd Line: 87
Info (10041): Inferred latch for "intB[17]" at MTran_Lab7_VHDL_MagnitudeComparator.vhd(87) File: D:/Study/Github_ESD/ESD/SEM1/Digital/Lab7/Week7/VHDL/MTran_Lab7_VHDL_MagnitudeComparator.vhd Line: 87
Info (10041): Inferred latch for "intB[18]" at MTran_Lab7_VHDL_MagnitudeComparator.vhd(87) File: D:/Study/Github_ESD/ESD/SEM1/Digital/Lab7/Week7/VHDL/MTran_Lab7_VHDL_MagnitudeComparator.vhd Line: 87
Info (10041): Inferred latch for "intB[19]" at MTran_Lab7_VHDL_MagnitudeComparator.vhd(87) File: D:/Study/Github_ESD/ESD/SEM1/Digital/Lab7/Week7/VHDL/MTran_Lab7_VHDL_MagnitudeComparator.vhd Line: 87
Info (10041): Inferred latch for "intB[20]" at MTran_Lab7_VHDL_MagnitudeComparator.vhd(87) File: D:/Study/Github_ESD/ESD/SEM1/Digital/Lab7/Week7/VHDL/MTran_Lab7_VHDL_MagnitudeComparator.vhd Line: 87
Info (10041): Inferred latch for "intB[21]" at MTran_Lab7_VHDL_MagnitudeComparator.vhd(87) File: D:/Study/Github_ESD/ESD/SEM1/Digital/Lab7/Week7/VHDL/MTran_Lab7_VHDL_MagnitudeComparator.vhd Line: 87
Info (10041): Inferred latch for "intB[22]" at MTran_Lab7_VHDL_MagnitudeComparator.vhd(87) File: D:/Study/Github_ESD/ESD/SEM1/Digital/Lab7/Week7/VHDL/MTran_Lab7_VHDL_MagnitudeComparator.vhd Line: 87
Info (10041): Inferred latch for "intB[23]" at MTran_Lab7_VHDL_MagnitudeComparator.vhd(87) File: D:/Study/Github_ESD/ESD/SEM1/Digital/Lab7/Week7/VHDL/MTran_Lab7_VHDL_MagnitudeComparator.vhd Line: 87
Info (10041): Inferred latch for "intB[24]" at MTran_Lab7_VHDL_MagnitudeComparator.vhd(87) File: D:/Study/Github_ESD/ESD/SEM1/Digital/Lab7/Week7/VHDL/MTran_Lab7_VHDL_MagnitudeComparator.vhd Line: 87
Info (10041): Inferred latch for "intB[25]" at MTran_Lab7_VHDL_MagnitudeComparator.vhd(87) File: D:/Study/Github_ESD/ESD/SEM1/Digital/Lab7/Week7/VHDL/MTran_Lab7_VHDL_MagnitudeComparator.vhd Line: 87
Info (10041): Inferred latch for "intB[26]" at MTran_Lab7_VHDL_MagnitudeComparator.vhd(87) File: D:/Study/Github_ESD/ESD/SEM1/Digital/Lab7/Week7/VHDL/MTran_Lab7_VHDL_MagnitudeComparator.vhd Line: 87
Info (10041): Inferred latch for "intB[27]" at MTran_Lab7_VHDL_MagnitudeComparator.vhd(87) File: D:/Study/Github_ESD/ESD/SEM1/Digital/Lab7/Week7/VHDL/MTran_Lab7_VHDL_MagnitudeComparator.vhd Line: 87
Info (10041): Inferred latch for "intB[28]" at MTran_Lab7_VHDL_MagnitudeComparator.vhd(87) File: D:/Study/Github_ESD/ESD/SEM1/Digital/Lab7/Week7/VHDL/MTran_Lab7_VHDL_MagnitudeComparator.vhd Line: 87
Info (10041): Inferred latch for "intB[29]" at MTran_Lab7_VHDL_MagnitudeComparator.vhd(87) File: D:/Study/Github_ESD/ESD/SEM1/Digital/Lab7/Week7/VHDL/MTran_Lab7_VHDL_MagnitudeComparator.vhd Line: 87
Info (10041): Inferred latch for "intB[30]" at MTran_Lab7_VHDL_MagnitudeComparator.vhd(87) File: D:/Study/Github_ESD/ESD/SEM1/Digital/Lab7/Week7/VHDL/MTran_Lab7_VHDL_MagnitudeComparator.vhd Line: 87
Info (10041): Inferred latch for "intB[31]" at MTran_Lab7_VHDL_MagnitudeComparator.vhd(87) File: D:/Study/Github_ESD/ESD/SEM1/Digital/Lab7/Week7/VHDL/MTran_Lab7_VHDL_MagnitudeComparator.vhd Line: 87
Info (10041): Inferred latch for "intA[0]" at MTran_Lab7_VHDL_MagnitudeComparator.vhd(87) File: D:/Study/Github_ESD/ESD/SEM1/Digital/Lab7/Week7/VHDL/MTran_Lab7_VHDL_MagnitudeComparator.vhd Line: 87
Info (10041): Inferred latch for "intA[1]" at MTran_Lab7_VHDL_MagnitudeComparator.vhd(87) File: D:/Study/Github_ESD/ESD/SEM1/Digital/Lab7/Week7/VHDL/MTran_Lab7_VHDL_MagnitudeComparator.vhd Line: 87
Info (10041): Inferred latch for "intA[2]" at MTran_Lab7_VHDL_MagnitudeComparator.vhd(87) File: D:/Study/Github_ESD/ESD/SEM1/Digital/Lab7/Week7/VHDL/MTran_Lab7_VHDL_MagnitudeComparator.vhd Line: 87
Info (10041): Inferred latch for "intA[3]" at MTran_Lab7_VHDL_MagnitudeComparator.vhd(87) File: D:/Study/Github_ESD/ESD/SEM1/Digital/Lab7/Week7/VHDL/MTran_Lab7_VHDL_MagnitudeComparator.vhd Line: 87
Info (10041): Inferred latch for "intA[4]" at MTran_Lab7_VHDL_MagnitudeComparator.vhd(87) File: D:/Study/Github_ESD/ESD/SEM1/Digital/Lab7/Week7/VHDL/MTran_Lab7_VHDL_MagnitudeComparator.vhd Line: 87
Info (10041): Inferred latch for "intA[5]" at MTran_Lab7_VHDL_MagnitudeComparator.vhd(87) File: D:/Study/Github_ESD/ESD/SEM1/Digital/Lab7/Week7/VHDL/MTran_Lab7_VHDL_MagnitudeComparator.vhd Line: 87
Info (10041): Inferred latch for "intA[6]" at MTran_Lab7_VHDL_MagnitudeComparator.vhd(87) File: D:/Study/Github_ESD/ESD/SEM1/Digital/Lab7/Week7/VHDL/MTran_Lab7_VHDL_MagnitudeComparator.vhd Line: 87
Info (10041): Inferred latch for "intA[7]" at MTran_Lab7_VHDL_MagnitudeComparator.vhd(87) File: D:/Study/Github_ESD/ESD/SEM1/Digital/Lab7/Week7/VHDL/MTran_Lab7_VHDL_MagnitudeComparator.vhd Line: 87
Info (10041): Inferred latch for "intA[8]" at MTran_Lab7_VHDL_MagnitudeComparator.vhd(87) File: D:/Study/Github_ESD/ESD/SEM1/Digital/Lab7/Week7/VHDL/MTran_Lab7_VHDL_MagnitudeComparator.vhd Line: 87
Info (10041): Inferred latch for "intA[9]" at MTran_Lab7_VHDL_MagnitudeComparator.vhd(87) File: D:/Study/Github_ESD/ESD/SEM1/Digital/Lab7/Week7/VHDL/MTran_Lab7_VHDL_MagnitudeComparator.vhd Line: 87
Info (10041): Inferred latch for "intA[10]" at MTran_Lab7_VHDL_MagnitudeComparator.vhd(87) File: D:/Study/Github_ESD/ESD/SEM1/Digital/Lab7/Week7/VHDL/MTran_Lab7_VHDL_MagnitudeComparator.vhd Line: 87
Info (10041): Inferred latch for "intA[11]" at MTran_Lab7_VHDL_MagnitudeComparator.vhd(87) File: D:/Study/Github_ESD/ESD/SEM1/Digital/Lab7/Week7/VHDL/MTran_Lab7_VHDL_MagnitudeComparator.vhd Line: 87
Info (10041): Inferred latch for "intA[12]" at MTran_Lab7_VHDL_MagnitudeComparator.vhd(87) File: D:/Study/Github_ESD/ESD/SEM1/Digital/Lab7/Week7/VHDL/MTran_Lab7_VHDL_MagnitudeComparator.vhd Line: 87
Info (10041): Inferred latch for "intA[13]" at MTran_Lab7_VHDL_MagnitudeComparator.vhd(87) File: D:/Study/Github_ESD/ESD/SEM1/Digital/Lab7/Week7/VHDL/MTran_Lab7_VHDL_MagnitudeComparator.vhd Line: 87
Info (10041): Inferred latch for "intA[14]" at MTran_Lab7_VHDL_MagnitudeComparator.vhd(87) File: D:/Study/Github_ESD/ESD/SEM1/Digital/Lab7/Week7/VHDL/MTran_Lab7_VHDL_MagnitudeComparator.vhd Line: 87
Info (10041): Inferred latch for "intA[15]" at MTran_Lab7_VHDL_MagnitudeComparator.vhd(87) File: D:/Study/Github_ESD/ESD/SEM1/Digital/Lab7/Week7/VHDL/MTran_Lab7_VHDL_MagnitudeComparator.vhd Line: 87
Info (10041): Inferred latch for "intA[16]" at MTran_Lab7_VHDL_MagnitudeComparator.vhd(87) File: D:/Study/Github_ESD/ESD/SEM1/Digital/Lab7/Week7/VHDL/MTran_Lab7_VHDL_MagnitudeComparator.vhd Line: 87
Info (10041): Inferred latch for "intA[17]" at MTran_Lab7_VHDL_MagnitudeComparator.vhd(87) File: D:/Study/Github_ESD/ESD/SEM1/Digital/Lab7/Week7/VHDL/MTran_Lab7_VHDL_MagnitudeComparator.vhd Line: 87
Info (10041): Inferred latch for "intA[18]" at MTran_Lab7_VHDL_MagnitudeComparator.vhd(87) File: D:/Study/Github_ESD/ESD/SEM1/Digital/Lab7/Week7/VHDL/MTran_Lab7_VHDL_MagnitudeComparator.vhd Line: 87
Info (10041): Inferred latch for "intA[19]" at MTran_Lab7_VHDL_MagnitudeComparator.vhd(87) File: D:/Study/Github_ESD/ESD/SEM1/Digital/Lab7/Week7/VHDL/MTran_Lab7_VHDL_MagnitudeComparator.vhd Line: 87
Info (10041): Inferred latch for "intA[20]" at MTran_Lab7_VHDL_MagnitudeComparator.vhd(87) File: D:/Study/Github_ESD/ESD/SEM1/Digital/Lab7/Week7/VHDL/MTran_Lab7_VHDL_MagnitudeComparator.vhd Line: 87
Info (10041): Inferred latch for "intA[21]" at MTran_Lab7_VHDL_MagnitudeComparator.vhd(87) File: D:/Study/Github_ESD/ESD/SEM1/Digital/Lab7/Week7/VHDL/MTran_Lab7_VHDL_MagnitudeComparator.vhd Line: 87
Info (10041): Inferred latch for "intA[22]" at MTran_Lab7_VHDL_MagnitudeComparator.vhd(87) File: D:/Study/Github_ESD/ESD/SEM1/Digital/Lab7/Week7/VHDL/MTran_Lab7_VHDL_MagnitudeComparator.vhd Line: 87
Info (10041): Inferred latch for "intA[23]" at MTran_Lab7_VHDL_MagnitudeComparator.vhd(87) File: D:/Study/Github_ESD/ESD/SEM1/Digital/Lab7/Week7/VHDL/MTran_Lab7_VHDL_MagnitudeComparator.vhd Line: 87
Info (10041): Inferred latch for "intA[24]" at MTran_Lab7_VHDL_MagnitudeComparator.vhd(87) File: D:/Study/Github_ESD/ESD/SEM1/Digital/Lab7/Week7/VHDL/MTran_Lab7_VHDL_MagnitudeComparator.vhd Line: 87
Info (10041): Inferred latch for "intA[25]" at MTran_Lab7_VHDL_MagnitudeComparator.vhd(87) File: D:/Study/Github_ESD/ESD/SEM1/Digital/Lab7/Week7/VHDL/MTran_Lab7_VHDL_MagnitudeComparator.vhd Line: 87
Info (10041): Inferred latch for "intA[26]" at MTran_Lab7_VHDL_MagnitudeComparator.vhd(87) File: D:/Study/Github_ESD/ESD/SEM1/Digital/Lab7/Week7/VHDL/MTran_Lab7_VHDL_MagnitudeComparator.vhd Line: 87
Info (10041): Inferred latch for "intA[27]" at MTran_Lab7_VHDL_MagnitudeComparator.vhd(87) File: D:/Study/Github_ESD/ESD/SEM1/Digital/Lab7/Week7/VHDL/MTran_Lab7_VHDL_MagnitudeComparator.vhd Line: 87
Info (10041): Inferred latch for "intA[28]" at MTran_Lab7_VHDL_MagnitudeComparator.vhd(87) File: D:/Study/Github_ESD/ESD/SEM1/Digital/Lab7/Week7/VHDL/MTran_Lab7_VHDL_MagnitudeComparator.vhd Line: 87
Info (10041): Inferred latch for "intA[29]" at MTran_Lab7_VHDL_MagnitudeComparator.vhd(87) File: D:/Study/Github_ESD/ESD/SEM1/Digital/Lab7/Week7/VHDL/MTran_Lab7_VHDL_MagnitudeComparator.vhd Line: 87
Info (10041): Inferred latch for "intA[30]" at MTran_Lab7_VHDL_MagnitudeComparator.vhd(87) File: D:/Study/Github_ESD/ESD/SEM1/Digital/Lab7/Week7/VHDL/MTran_Lab7_VHDL_MagnitudeComparator.vhd Line: 87
Info (10041): Inferred latch for "intA[31]" at MTran_Lab7_VHDL_MagnitudeComparator.vhd(87) File: D:/Study/Github_ESD/ESD/SEM1/Digital/Lab7/Week7/VHDL/MTran_Lab7_VHDL_MagnitudeComparator.vhd Line: 87
Info (12128): Elaborating entity "MTran_Lab7_VHDL_Timer" for hierarchy "MTran_Lab7_VHDL_Timer:module_timer" File: D:/Study/Github_ESD/ESD/SEM1/Digital/Lab7/Week7/VHDL/MTran_Lab7_VHDL_MagnitudeComparator.vhd Line: 76
Info (278001): Inferred 10 megafunctions from design logic
    Info (278004): Inferred divider/modulo megafunction ("lpm_divide") from the following logic: "Mod0" File: D:/Study/Github_ESD/ESD/SEM1/Digital/Lab7/Week7/VHDL/MTran_Lab7_VHDL_MagnitudeComparator.vhd Line: 103
    Info (278004): Inferred divider/modulo megafunction ("lpm_divide") from the following logic: "Mod2" File: D:/Study/Github_ESD/ESD/SEM1/Digital/Lab7/Week7/VHDL/MTran_Lab7_VHDL_MagnitudeComparator.vhd Line: 126
    Info (278004): Inferred divider/modulo megafunction ("lpm_divide") from the following logic: "Div0" File: D:/Study/Github_ESD/ESD/SEM1/Digital/Lab7/Week7/VHDL/MTran_Lab7_VHDL_MagnitudeComparator.vhd Line: 104
    Info (278004): Inferred divider/modulo megafunction ("lpm_divide") from the following logic: "Div2" File: D:/Study/Github_ESD/ESD/SEM1/Digital/Lab7/Week7/VHDL/MTran_Lab7_VHDL_MagnitudeComparator.vhd Line: 127
    Info (278004): Inferred divider/modulo megafunction ("lpm_divide") from the following logic: "Mod3" File: D:/Study/Github_ESD/ESD/SEM1/Digital/Lab7/Week7/VHDL/MTran_Lab7_VHDL_MagnitudeComparator.vhd Line: 130
    Info (278004): Inferred divider/modulo megafunction ("lpm_divide") from the following logic: "Div3" File: D:/Study/Github_ESD/ESD/SEM1/Digital/Lab7/Week7/VHDL/MTran_Lab7_VHDL_MagnitudeComparator.vhd Line: 131
    Info (278004): Inferred divider/modulo megafunction ("lpm_divide") from the following logic: "Mod1" File: D:/Study/Github_ESD/ESD/SEM1/Digital/Lab7/Week7/VHDL/MTran_Lab7_VHDL_MagnitudeComparator.vhd Line: 107
    Info (278004): Inferred divider/modulo megafunction ("lpm_divide") from the following logic: "Mod4" File: D:/Study/Github_ESD/ESD/SEM1/Digital/Lab7/Week7/VHDL/MTran_Lab7_VHDL_MagnitudeComparator.vhd Line: 134
    Info (278004): Inferred divider/modulo megafunction ("lpm_divide") from the following logic: "Div1" File: D:/Study/Github_ESD/ESD/SEM1/Digital/Lab7/Week7/VHDL/MTran_Lab7_VHDL_MagnitudeComparator.vhd Line: 108
    Info (278004): Inferred divider/modulo megafunction ("lpm_divide") from the following logic: "Div4" File: D:/Study/Github_ESD/ESD/SEM1/Digital/Lab7/Week7/VHDL/MTran_Lab7_VHDL_MagnitudeComparator.vhd Line: 135
Info (12130): Elaborated megafunction instantiation "lpm_divide:Mod0" File: D:/Study/Github_ESD/ESD/SEM1/Digital/Lab7/Week7/VHDL/MTran_Lab7_VHDL_MagnitudeComparator.vhd Line: 103
Info (12133): Instantiated megafunction "lpm_divide:Mod0" with the following parameter: File: D:/Study/Github_ESD/ESD/SEM1/Digital/Lab7/Week7/VHDL/MTran_Lab7_VHDL_MagnitudeComparator.vhd Line: 103
    Info (12134): Parameter "LPM_WIDTHN" = "32"
    Info (12134): Parameter "LPM_WIDTHD" = "32"
    Info (12134): Parameter "LPM_NREPRESENTATION" = "SIGNED"
    Info (12134): Parameter "LPM_DREPRESENTATION" = "SIGNED"
    Info (12134): Parameter "LPM_HINT" = "LPM_REMAINDERPOSITIVE=FALSE"
Info (12021): Found 1 design units, including 1 entities, in source file db/lpm_divide_uio.tdf
    Info (12023): Found entity 1: lpm_divide_uio File: D:/Study/Github_ESD/ESD/SEM1/Digital/Lab7/Week7/VHDL/db/lpm_divide_uio.tdf Line: 25
Info (12021): Found 1 design units, including 1 entities, in source file db/abs_divider_4dg.tdf
    Info (12023): Found entity 1: abs_divider_4dg File: D:/Study/Github_ESD/ESD/SEM1/Digital/Lab7/Week7/VHDL/db/abs_divider_4dg.tdf Line: 27
Info (12021): Found 1 design units, including 1 entities, in source file db/alt_u_div_o2f.tdf
    Info (12023): Found entity 1: alt_u_div_o2f File: D:/Study/Github_ESD/ESD/SEM1/Digital/Lab7/Week7/VHDL/db/alt_u_div_o2f.tdf Line: 23
Info (12021): Found 1 design units, including 1 entities, in source file db/lpm_abs_4p9.tdf
    Info (12023): Found entity 1: lpm_abs_4p9 File: D:/Study/Github_ESD/ESD/SEM1/Digital/Lab7/Week7/VHDL/db/lpm_abs_4p9.tdf Line: 23
Info (12130): Elaborated megafunction instantiation "lpm_divide:Mod2" File: D:/Study/Github_ESD/ESD/SEM1/Digital/Lab7/Week7/VHDL/MTran_Lab7_VHDL_MagnitudeComparator.vhd Line: 126
Info (12133): Instantiated megafunction "lpm_divide:Mod2" with the following parameter: File: D:/Study/Github_ESD/ESD/SEM1/Digital/Lab7/Week7/VHDL/MTran_Lab7_VHDL_MagnitudeComparator.vhd Line: 126
    Info (12134): Parameter "LPM_WIDTHN" = "32"
    Info (12134): Parameter "LPM_WIDTHD" = "32"
    Info (12134): Parameter "LPM_NREPRESENTATION" = "SIGNED"
    Info (12134): Parameter "LPM_DREPRESENTATION" = "SIGNED"
    Info (12134): Parameter "LPM_HINT" = "LPM_REMAINDERPOSITIVE=FALSE"
Info (12130): Elaborated megafunction instantiation "lpm_divide:Div0" File: D:/Study/Github_ESD/ESD/SEM1/Digital/Lab7/Week7/VHDL/MTran_Lab7_VHDL_MagnitudeComparator.vhd Line: 104
Info (12133): Instantiated megafunction "lpm_divide:Div0" with the following parameter: File: D:/Study/Github_ESD/ESD/SEM1/Digital/Lab7/Week7/VHDL/MTran_Lab7_VHDL_MagnitudeComparator.vhd Line: 104
    Info (12134): Parameter "LPM_WIDTHN" = "32"
    Info (12134): Parameter "LPM_WIDTHD" = "5"
    Info (12134): Parameter "LPM_NREPRESENTATION" = "SIGNED"
    Info (12134): Parameter "LPM_DREPRESENTATION" = "SIGNED"
    Info (12134): Parameter "LPM_HINT" = "LPM_REMAINDERPOSITIVE=FALSE"
Info (12021): Found 1 design units, including 1 entities, in source file db/lpm_divide_bpo.tdf
    Info (12023): Found entity 1: lpm_divide_bpo File: D:/Study/Github_ESD/ESD/SEM1/Digital/Lab7/Week7/VHDL/db/lpm_divide_bpo.tdf Line: 25
Info (12021): Found 1 design units, including 1 entities, in source file db/abs_divider_kbg.tdf
    Info (12023): Found entity 1: abs_divider_kbg File: D:/Study/Github_ESD/ESD/SEM1/Digital/Lab7/Week7/VHDL/db/abs_divider_kbg.tdf Line: 29
Info (12021): Found 1 design units, including 1 entities, in source file db/alt_u_div_ove.tdf
    Info (12023): Found entity 1: alt_u_div_ove File: D:/Study/Github_ESD/ESD/SEM1/Digital/Lab7/Week7/VHDL/db/alt_u_div_ove.tdf Line: 23
Info (12021): Found 1 design units, including 1 entities, in source file db/lpm_abs_kn9.tdf
    Info (12023): Found entity 1: lpm_abs_kn9 File: D:/Study/Github_ESD/ESD/SEM1/Digital/Lab7/Week7/VHDL/db/lpm_abs_kn9.tdf Line: 23
Info (12130): Elaborated megafunction instantiation "lpm_divide:Div2" File: D:/Study/Github_ESD/ESD/SEM1/Digital/Lab7/Week7/VHDL/MTran_Lab7_VHDL_MagnitudeComparator.vhd Line: 127
Info (12133): Instantiated megafunction "lpm_divide:Div2" with the following parameter: File: D:/Study/Github_ESD/ESD/SEM1/Digital/Lab7/Week7/VHDL/MTran_Lab7_VHDL_MagnitudeComparator.vhd Line: 127
    Info (12134): Parameter "LPM_WIDTHN" = "32"
    Info (12134): Parameter "LPM_WIDTHD" = "5"
    Info (12134): Parameter "LPM_NREPRESENTATION" = "SIGNED"
    Info (12134): Parameter "LPM_DREPRESENTATION" = "SIGNED"
    Info (12134): Parameter "LPM_HINT" = "LPM_REMAINDERPOSITIVE=FALSE"
Info (286030): Timing-Driven Synthesis is running
Info (17049): 2 registers lost all their fanouts during netlist optimizations.
Info (16010): Generating hard_block partition "hard_block:auto_generated_inst"
    Info (16011): Adding 0 node(s), including 0 DDIO, 0 PLL, 0 transceiver and 0 LCELL
Info (21057): Implemented 6671 device resources after synthesis - the final resource count might be different
    Info (21058): Implemented 10 input pins
    Info (21059): Implemented 45 output pins
    Info (21061): Implemented 6616 logic cells
Info: Quartus Prime Analysis & Synthesis was successful. 0 errors, 12 warnings
    Info: Peak virtual memory: 4986 megabytes
    Info: Processing ended: Fri Jul 12 03:51:54 2024
    Info: Elapsed time: 00:01:03
    Info: Total CPU time (on all processors): 00:00:43


