Flow report for MTran_Lab7_VHDL_MagnitudeComparator
Fri Jul 12 04:07:32 2024
Quartus Prime Version 23.1std.0 Build 991 11/28/2023 SC Lite Edition


---------------------
; Table of Contents ;
---------------------
  1. Legal Notice
  2. Flow Summary
  3. Flow Settings
  4. Flow Non-Default Global Settings
  5. Flow Elapsed Time
  6. Flow OS Summary
  7. Flow Log
  8. Flow Messages
  9. Flow Suppressed Messages



----------------
; Legal Notice ;
----------------
Copyright (C) 2023  Intel Corporation. All rights reserved.
Your use of Intel Corporation's design tools, logic functions 
and other software and tools, and any partner logic 
functions, and any output files from any of the foregoing 
(including device programming or simulation files), and any 
associated documentation or information are expressly subject 
to the terms and conditions of the Intel Program License 
Subscription Agreement, the Intel Quartus Prime License Agreement,
the Intel FPGA IP License Agreement, or other applicable license
agreement, including, without limitation, that your use is for
the sole purpose of programming logic devices manufactured by
Intel and sold by Intel or its authorized distributors.  Please
refer to the applicable agreement for further details, at
https://fpgasoftware.intel.com/eula.



+----------------------------------------------------------------------------------+
; Flow Summary                                                                     ;
+---------------------------------+------------------------------------------------+
; Flow Status                     ; Successful - Fri Jul 12 04:07:32 2024          ;
; Quartus Prime Version           ; 23.1std.0 Build 991 11/28/2023 SC Lite Edition ;
; Revision Name                   ; MTran_Lab7_VHDL_MagnitudeComparator            ;
; Top-level Entity Name           ; MTran_Lab7_VHDL_MagnitudeComparator            ;
; Family                          ; Cyclone V                                      ;
; Device                          ; 5CSEMA5F31C6                                   ;
; Timing Models                   ; Final                                          ;
; Logic utilization (in ALMs)     ; 3,421 / 32,070 ( 11 % )                        ;
; Total registers                 ; 128                                            ;
; Total pins                      ; 55 / 457 ( 12 % )                              ;
; Total virtual pins              ; 0                                              ;
; Total block memory bits         ; 0 / 4,065,280 ( 0 % )                          ;
; Total DSP Blocks                ; 0 / 87 ( 0 % )                                 ;
; Total HSSI RX PCSs              ; 0                                              ;
; Total HSSI PMA RX Deserializers ; 0                                              ;
; Total HSSI TX PCSs              ; 0                                              ;
; Total HSSI PMA TX Serializers   ; 0                                              ;
; Total PLLs                      ; 0 / 6 ( 0 % )                                  ;
; Total DLLs                      ; 0 / 4 ( 0 % )                                  ;
+---------------------------------+------------------------------------------------+


+---------------------------------------------------------+
; Flow Settings                                           ;
+-------------------+-------------------------------------+
; Option            ; Setting                             ;
+-------------------+-------------------------------------+
; Start date & time ; 07/12/2024 03:50:53                 ;
; Main task         ; Compilation                         ;
; Revision Name     ; MTran_Lab7_VHDL_MagnitudeComparator ;
+-------------------+-------------------------------------+


+------------------------------------------------------------------------------------------------------------------------------------------------+
; Flow Non-Default Global Settings                                                                                                               ;
+-------------------------------------+----------------------------------------+---------------+-------------+-----------------------------------+
; Assignment Name                     ; Value                                  ; Default Value ; Entity Name ; Section Id                        ;
+-------------------------------------+----------------------------------------+---------------+-------------+-----------------------------------+
; COMPILER_SIGNATURE_ID               ; 1098125994638.172077065212100          ; --            ; --          ; --                                ;
; EDA_GENERATE_FUNCTIONAL_NETLIST     ; Off                                    ; --            ; --          ; eda_board_design_timing           ;
; EDA_GENERATE_FUNCTIONAL_NETLIST     ; Off                                    ; --            ; --          ; eda_board_design_boundary_scan    ;
; EDA_GENERATE_FUNCTIONAL_NETLIST     ; Off                                    ; --            ; --          ; eda_board_design_signal_integrity ;
; EDA_GENERATE_FUNCTIONAL_NETLIST     ; Off                                    ; --            ; --          ; eda_board_design_symbol           ;
; EDA_OUTPUT_DATA_FORMAT              ; Verilog Hdl                            ; --            ; --          ; eda_simulation                    ;
; EDA_SIMULATION_TOOL                 ; Questa Intel FPGA (Verilog)            ; <None>        ; --          ; --                                ;
; EDA_TIME_SCALE                      ; 1 ps                                   ; --            ; --          ; eda_simulation                    ;
; MAX_CORE_JUNCTION_TEMP              ; 85                                     ; --            ; --          ; --                                ;
; MIN_CORE_JUNCTION_TEMP              ; 0                                      ; --            ; --          ; --                                ;
; PARTITION_COLOR                     ; -- (Not supported for targeted family) ; --            ; --          ; Top                               ;
; PARTITION_FITTER_PRESERVATION_LEVEL ; -- (Not supported for targeted family) ; --            ; --          ; Top                               ;
; PARTITION_NETLIST_TYPE              ; -- (Not supported for targeted family) ; --            ; --          ; Top                               ;
; PROJECT_OUTPUT_DIRECTORY            ; output_files                           ; --            ; --          ; --                                ;
+-------------------------------------+----------------------------------------+---------------+-------------+-----------------------------------+


+--------------------------------------------------------------------------------------------------------------------------+
; Flow Elapsed Time                                                                                                        ;
+----------------------+--------------+-------------------------+---------------------+------------------------------------+
; Module Name          ; Elapsed Time ; Average Processors Used ; Peak Virtual Memory ; Total CPU Time (on all processors) ;
+----------------------+--------------+-------------------------+---------------------+------------------------------------+
; Analysis & Synthesis ; 00:01:01     ; 1.0                     ; 4986 MB             ; 00:00:42                           ;
; Fitter               ; 00:14:39     ; 1.1                     ; 7034 MB             ; 00:26:51                           ;
; Assembler            ; 00:00:17     ; 1.0                     ; 4898 MB             ; 00:00:04                           ;
; Timing Analyzer      ; 00:00:22     ; 3.9                     ; 5274 MB             ; 00:00:47                           ;
; EDA Netlist Writer   ; 00:00:05     ; 1.0                     ; 4780 MB             ; 00:00:01                           ;
; Total                ; 00:16:24     ; --                      ; --                  ; 00:28:25                           ;
+----------------------+--------------+-------------------------+---------------------+------------------------------------+


+------------------------------------------------------------------------------------+
; Flow OS Summary                                                                    ;
+----------------------+------------------+------------+------------+----------------+
; Module Name          ; Machine Hostname ; OS Name    ; OS Version ; Processor type ;
+----------------------+------------------+------------+------------+----------------+
; Analysis & Synthesis ; HP               ; Windows 10 ; 10.0       ; x86_64         ;
; Fitter               ; HP               ; Windows 10 ; 10.0       ; x86_64         ;
; Assembler            ; HP               ; Windows 10 ; 10.0       ; x86_64         ;
; Timing Analyzer      ; HP               ; Windows 10 ; 10.0       ; x86_64         ;
; EDA Netlist Writer   ; HP               ; Windows 10 ; 10.0       ; x86_64         ;
+----------------------+------------------+------------+------------+----------------+


------------
; Flow Log ;
------------
quartus_map --read_settings_files=on --write_settings_files=off MTran_Lab7_VHDL_MagnitudeComparator -c MTran_Lab7_VHDL_MagnitudeComparator
quartus_fit --read_settings_files=off --write_settings_files=off MTran_Lab7_VHDL_MagnitudeComparator -c MTran_Lab7_VHDL_MagnitudeComparator
quartus_asm --read_settings_files=off --write_settings_files=off MTran_Lab7_VHDL_MagnitudeComparator -c MTran_Lab7_VHDL_MagnitudeComparator
quartus_sta MTran_Lab7_VHDL_MagnitudeComparator -c MTran_Lab7_VHDL_MagnitudeComparator
quartus_eda --read_settings_files=off --write_settings_files=off MTran_Lab7_VHDL_MagnitudeComparator -c MTran_Lab7_VHDL_MagnitudeComparator



